5
53
82
80
63
44
100
0 4
0 13
0 19
0 21
0 26
0 29
0 50
0 54
0 57
0 69
0 6
0 8
10 98
2 98
0 18
0 20
0 27
0 35
0 48
0 49
0 55
0 56
0 61
0 64
0 67
0 68
0 70
0 72
71 98
0 83
0 84
60 98
0 88
0 91
0 95
0 9
0 14
0 73
0 75
86 54
86 57
86 11
3 98
86 44
86 45
86 39
86 17
86 81
21 98
86 69
86 7
86 23
86 30
86 40
86 42
86 62
86 79
86 10
86 48
86 49
86 56
47 98
86 72
86 83
86 84
86 60
86 91
86 14
86 75
86 3
86 21
86 78
86 20
70 92
70 19
70 26
70 97
70 29
70 57
70 39
70 17
70 81
70 50
70 58
70 5
70 38
70 43
70 46
70 52
70 74
70 90
70 8
26 98
70 49
97 98
70 72
70 84
70 88
70 14
70 73
