5
69
36
21
47
62
100
29 79
17 55
10 55
43 55
49 55
67 9
16 9
18 9
53 3
20 3
44 3
19 3
7 3
18 3
52 3
45 58
48 58
53 58
29 58
7 58
63 58
16 59
44 59
67 59
7 59
43 59
63 59
77 59
65 64
28 64
5 64
18 64
48 1
29 1
19 1
5 1
38 1
56 54
8 42
17 42
29 42
43 42
5 42
56 66
53 5
24 5
32 5
76 5
45 32
13 32
48 32
75 32
29 32
77 32
53 63
57 63
48 77
19 77
60 77
43 77
67 52
6 60
67 60
12 60
73 12
65 12
27 12
20 28
44 28
10 61
75 43
48 43
16 43
65 43
17 35
53 18
68 18
6 10
71 10
24 10
29 10
17 22
20 22
37 22
67 22
71 22
2 33
19 33
25 67
16 67
48 19
8 19
17 19
44 7
68 7
45 30
6 30
56 30
4 37
16 37
