0
100
53 99
58 99
0 16
17 61
60 99
61 99
0 20
66 99
25 62
0 26
0 27
0 28
62 99
65 99
0 32
0 34
37 67
0 38
68 99
43 67
64 99
67 99
75 99
31 73
37 78
41 73
43 72
76 99
0 31
37 80
41 78
43 73
86 99
41 81
83 99
41 84
85 99
88 99
89 99
90 99
0 41
43 80
1 27
73 99
3 31
0 4
28 72
30 79
0 8
9 30
0 10
31 80
0 13
6 30
14 30
0 17
18 30
25 30
19 30
30 78
29 31
31 78
0 43
87 99
1 31
34 81
0 5
9 45
7 44
93 99
32 78
14 31
0 18
94 99
31 79
32 79
23 33
33 81
2 35
34 82
44 72
34 80
7 35
11 36
34 79
34 78
35 84
25 36
36 84
23 36
29 36
36 78
42 82
3 51
9 38
0 7
11 53
97 99
6 38
39 81
