0
100
0 39
0 7
0 90
0 41
0 64
5 99
0 97
0 13
94 99
83 99
0 16
0 73
91 99
0 67
0 96
68 99
0 72
2 99
0 43
0 27
0 18
59 99
56 99
24 99
0 40
19 99
0 53
0 34
32 43
32 34
32 16
20 99
28 99
32 72
32 79
32 93
32 36
32 73
32 64
85 99
32 13
6 99
40 99
32 52
32 41
32 39
76 99
32 90
32 7
0 70
4 99
8 45
30 99
8 64
0 8
98 36
0 98
74 39
74 36
74 7
74 41
74 52
74 72
74 10
74 96
74 43
0 74
0 88
5 39
0 5
0 61
0 60
95 39
0 95
94 36
52 99
94 64
15 99
10 99
94 13
94 27
0 94
0 83
91 39
90 99
91 64
45 99
91 13
91 49
35 99
73 99
91 93
92 99
0 91
37 36
41 99
37 13
81 99
37 49
37 16
