5
25
98
97
96
95
100
0 99
1 99
2 99
0 3
0 4
0 5
0 6
7 99
0 8
0 9
10 99
11 99
0 12
13 99
14 99
0 15
16 99
0 17
0 18
19 99
20 99
21 99
22 99
0 23
0 24
0 26
0 27
28 99
0 29
30 99
31 99
0 32
0 33
0 34
35 99
36 99
37 99
0 38
0 39
0 40
0 41
42 99
0 43
0 44
0 45
0 46
0 47
48 99
0 49
0 50
51 99
52 99
53 99
54 99
0 55
56 99
57 99
58 99
59 99
0 60
61 99
0 62
0 63
64 99
65 99
66 99
0 67
68 99
69 99
0 70
71 99
72 99
73 99
74 99
75 99
0 76
77 99
0 78
0 79
0 80
0 81
82 99
0 83
84 99
85 99
0 86
0 87
0 88
89 99
90 99
91 99
0 92
0 93
0 94
1 3
0 2
7 3
10 3
11 3
0 13
