0
100
0 96
1 96
0 2
0 3
4 96
0 5
6 96
7 96
8 96
9 96
10 96
0 11
0 12
0 13
14 96
15 96
16 96
0 17
0 18
19 96
20 96
21 96
0 22
23 96
0 24
0 25
0 26
27 96
0 28
29 96
30 96
31 96
0 32
33 96
34 96
0 35
0 36
37 96
38 96
39 96
40 96
41 96
42 96
0 43
0 44
0 45
46 96
47 96
0 48
0 49
0 50
0 51
0 52
0 53
54 96
0 55
0 56
57 96
58 96
59 96
0 60
0 61
0 62
63 96
0 64
0 65
66 96
0 67
0 68
0 69
0 70
71 96
0 72
0 73
74 96
0 75
76 96
77 96
78 96
0 79
0 80
0 81
0 82
83 96
0 84
0 85
0 86
87 96
88 96
89 96
0 90
91 96
0 92
0 93
94 96
0 95
1 2
4 2
6 2
0 7
