5
37
53
82
19
5
100
0 99
0 6
0 9
0 10
0 17
0 18
0 22
0 28
0 35
0 48
0 50
0 56
0 62
0 64
0 65
0 68
0 71
0 73
0 74
0 84
0 87
0 92
0 93
94 99
0 66
0 30
0 43
0 76
0 78
0 98
0 63
0 58
0 60
0 34
0 86
0 32
0 26
0 25
0 16
0 47
0 40
38 99
0 95
0 15
0 36
0 20
0 77
0 49
0 23
0 45
0 57
0 89
0 31
0 54
0 96
0 42
0 4
0 44
0 52
0 24
0 39
0 59
0 80
0 97
0 94
38 86
38 40
38 1
38 7
38 8
38 13
38 14
38 16
38 21
38 34
38 2
38 83
38 11
38 32
38 85
38 29
38 47
38 41
38 67
38 69
38 75
38 79
90 99
38 91
6 99
38 9
38 10
38 17
38 22
38 28
38 35
38 50
38 64
38 68
38 71
