0
100
61 65
0 62
0 63
1 62
1 63
2 62
63 65
3 62
0 4
0 61
1 61
2 61
0 3
5 62
6 62
63 57
58 65
59 65
60 65
9 62
5 61
10 62
7 62
6 61
2 3
63 4
63 8
11 62
12 62
49 62
63 50
63 51
52 62
2 63
9 61
5 63
6 10
7 8
7 61
6 63
9 10
9 63
7 3
11 61
7 63
11 10
12 8
12 61
11 63
13 14
12 63
15 14
18 14
33 35
31 35
17 21
34 35
46 50
31 32
27 28
24 28
17 18
33 37
19 18
22 26
47 51
35 63
38 37
45 49
52 51
52 56
52 61
42 46
43 47
43 44
39 40
11 15
29 33
29 30
16 15
27 26
31 30
20 24
21 25
47 48
63 53
63 54
63 55
63 56
58 57
58 62
62 65
3 61
61 57
63 49
62 57
58 54
61 53
62 53
61 49
