0
100
0 99
5 99
6 99
0 15
20 99
23 99
25 99
0 30
31 99
0 37
0 58
0 67
0 69
0 71
72 99
75 99
84 99
0 88
0 92
0 93
94 99
0 98
1 92
79 99
0 1
26 3
26 24
66 99
26 98
54 99
26 83
26 89
26 74
26 37
59 99
87 99
92 99
26 67
26 85
97 99
26 29
49 99
60 99
0 2
0 26
6 98
6 76
50 99
0 6
0 19
82 99
48 99
27 89
27 98
27 37
90 99
4 3
62 3
95 3
0 47
27 80
27 29
27 45
52 99
84 3
3 99
4 8
5 8
0 7
9 8
44 8
0 84
56 99
0 63
27 65
27 69
78 99
20 8
72 8
0 62
27 88
15 99
33 8
0 23
38 29
30 99
14 8
8 99
5 24
0 9
12 24
14 24
0 18
38 37
38 74
0 38
57 24
57 29
0 57
29 99
