5
96
98
97
74
95
100
0 99
0 1
2 99
0 3
0 4
0 5
6 99
0 7
0 8
0 9
0 10
0 11
12 99
0 13
0 14
15 99
16 99
0 17
0 18
19 99
20 99
21 99
0 22
0 23
24 99
0 25
0 26
27 99
0 28
29 99
30 99
0 31
0 32
0 33
34 99
0 35
0 36
37 99
38 99
39 99
40 99
41 99
42 99
43 99
44 99
45 99
0 46
47 99
0 48
49 99
0 50
0 51
0 52
0 53
54 99
0 55
56 99
57 99
0 58
59 99
60 99
61 99
62 99
63 99
0 64
0 65
66 99
0 67
68 99
0 69
0 70
71 99
72 99
73 99
75 99
0 76
77 99
0 78
0 79
80 99
0 81
0 82
83 99
0 84
0 85
0 86
0 87
88 99
89 99
90 99
0 91
92 99
0 93
0 94
2 1
6 1
12 1
15 1
0 16
0 19
