0
100
1 98
2 98
3 98
4 98
0 5
0 6
7 98
0 8
0 9
0 10
11 98
0 12
13 98
0 14
0 15
16 98
17 98
0 18
19 98
0 20
21 98
22 98
0 23
0 24
25 98
26 98
0 27
0 28
0 29
30 98
31 98
32 98
33 98
34 98
35 98
0 36
37 98
0 38
39 98
40 98
41 98
42 98
43 98
44 98
45 98
0 46
47 98
48 98
49 98
0 50
0 51
0 52
53 98
0 54
55 98
0 56
57 98
58 98
0 59
60 98
61 98
62 98
0 63
64 98
0 65
0 66
0 67
0 68
0 69
70 98
71 98
0 72
73 98
0 74
75 98
76 98
0 77
78 98
79 98
80 98
81 98
82 98
0 83
84 98
0 85
0 86
0 87
88 98
89 98
0 90
0 91
0 92
0 93
94 98
0 95
0 96
97 98
84 5
0 47
0 31
