0
100
0 1
0 2
5 79
0 16
24 79
26 79
0 31
41 79
0 46
58 79
4 1
9 1
18 1
35 1
0 58
4 17
29 79
0 59
0 4
8 79
5 15
5 17
5 31
5 44
57 79
1 79
2 79
0 24
26 15
0 30
0 41
71 79
0 42
5 78
0 7
31 79
9 36
65 79
50 15
0 12
9 73
77 79
0 18
0 19
25 64
69 79
25 73
26 17
73 79
51 16
56 17
17 79
36 79
35 43
68 44
46 79
49 79
0 56
66 64
35 78
50 78
51 78
43 79
0 5
4 44
4 64
9 10
11 16
18 16
9 19
9 22
9 24
9 31
38 15
38 16
9 41
55 15
55 64
9 57
9 59
65 16
77 15
9 77
25 2
6 15
6 44
25 8
25 24
25 30
25 32
15 79
25 52
59 78
61 44
61 78
25 69
25 72
76 16
76 44
76 64
