5
4
98
97
96
95
100
0 99
1 99
2 99
0 3
5 99
0 6
0 7
8 99
9 99
0 10
0 11
12 99
13 99
0 14
15 99
16 99
0 17
18 99
0 19
20 99
0 21
0 22
0 23
0 24
25 99
0 26
0 27
0 28
0 29
30 99
31 99
0 32
33 99
34 99
35 99
0 36
37 99
38 99
39 99
0 40
41 99
0 42
43 99
44 99
0 45
0 46
47 99
0 48
49 99
0 50
51 99
0 52
53 99
54 99
55 99
0 56
0 57
0 58
59 99
0 60
61 99
0 62
0 63
64 99
0 65
66 99
67 99
68 99
69 99
70 99
71 99
72 99
73 99
0 74
0 75
76 99
77 99
78 99
0 79
0 80
0 81
0 82
0 83
84 99
85 99
86 99
0 87
0 88
0 89
0 90
0 91
0 92
93 99
94 99
1 3
6 99
1 7
1 10
1 11
14 99
