5
80
42
52
16
96
90
0 31
7 43
55 99
70 36
56 21
83 2
51 83
5 2
91 76
77 45
11 31
86 21
63 31
59 3
0 15
89 54
7 51
55 26
93 51
34 60
3 38
54 83
53 26
67 39
34 9
20 79
48 14
72 39
22 15
1 92
70 20
98 72
51 76
7 89
39 13
40 68
77 72
74 3
0 85
70 59
70 91
47 61
56 79
70 28
0 49
56 36
50 23
22 30
33 24
65 85
15 66
11 3
25 12
4 89
91 10
56 30
33 62
0 34
40 62
63 98
27 61
10 98
69 27
48 34
98 19
65 34
93 94
88 37
97 32
53 58
45 21
7 1
64 91
60 1
26 32
33 1
7 64
60 90
57 18
40 5
11 8
90 37
6 8
40 69
25 87
35 27
34 47
17 97
13 32
13 45
