0
100
0 1
0 2
0 3
0 4
5 1
0 5
0 6
0 7
8 4
12 30
8 5
8 6
8 7
9 13
10 13
13 30
9 5
9 6
10 6
9 7
10 7
8 11
10 14
14 18
15 18
18 30
9 11
10 11
8 12
9 12
11 7
17 21
15 19
8 10
21 25
16 18
19 22
19 23
20 22
20 23
20 24
17 18
16 19
16 20
17 19
20 18
20 21
19 18
21 22
21 23
21 24
52 53
33 47
22 25
26 29
22 23
40 46
42 47
26 30
12 13
14 17
15 17
16 17
12 11
33 38
12 14
12 15
16 13
16 14
15 13
15 11
14 13
24 25
27 29
24 28
26 25
28 29
27 30
28 30
24 23
27 25
27 1
22 26
23 25
24 26
27 28
27 26
39 38
39 43
50 53
51 53
54 60
49 56
59 60
55 57
56 58
57 58
44 49
29 35
50 54
