0
100
0 99
0 1
2 99
3 99
0 4
5 99
0 6
7 99
8 99
0 9
10 99
11 99
0 12
13 99
0 14
0 15
0 16
0 17
0 18
19 99
20 99
0 21
0 22
0 23
0 24
25 99
26 99
0 27
0 28
29 99
0 30
31 99
32 99
33 99
0 34
35 99
36 99
37 99
38 99
0 39
40 99
0 41
0 42
43 99
0 44
0 45
0 46
0 47
0 48
0 49
0 50
51 99
52 99
53 99
54 99
0 55
56 99
57 99
58 99
59 99
60 99
61 99
0 62
63 99
64 99
65 99
66 99
67 99
68 99
0 69
0 70
0 71
0 72
0 73
74 99
75 99
0 76
0 77
78 99
0 79
0 80
81 99
0 82
0 83
84 99
0 85
0 86
87 99
88 99
89 99
0 90
0 91
92 99
93 99
0 94
95 99
0 96
97 99
98 99
1 99
