0
100
0 99
0 41
46 99
75 99
0 98
1 99
0 30
8 99
28 99
0 2
0 56
0 81
0 89
3 99
44 99
14 99
72 99
20 99
4 99
43 99
27 99
94 99
0 36
0 5
0 34
24 99
26 99
6 99
17 99
0 51
0 57
7 99
79 99
0 45
0 9
0 86
12 99
10 99
18 99
0 96
37 99
13 99
85 99
0 76
0 32
0 48
68 99
0 35
0 15
0 91
0 16
0 70
0 54
95 99
0 59
82 99
19 99
0 60
88 99
21 99
62 99
22 99
0 61
0 29
0 25
0 63
0 90
0 74
0 31
0 47
0 33
0 87
97 99
67 99
0 93
0 52
0 38
0 39
66 99
0 40
0 42
49 99
0 71
80 99
53 99
83 99
64 99
0 55
50 99
77 99
73 99
78 99
69 99
41 99
98 99
1 30
27 30
0 84
10 30
82 30
