0
100
0 99
1 99
2 99
0 3
0 4
0 7
8 99
0 9
11 99
13 99
14 99
0 16
0 17
0 18
19 99
20 99
21 99
0 22
0 23
26 99
27 99
28 99
30 99
31 99
0 34
0 35
36 99
0 37
40 99
0 41
43 99
44 99
46 99
0 47
48 99
49 99
0 50
0 51
52 99
53 99
0 55
56 99
0 57
59 99
0 61
0 62
63 99
0 65
66 99
0 67
68 99
72 99
0 73
74 99
0 76
0 78
81 99
0 82
85 99
86 99
87 99
88 99
90 99
0 91
0 92
93 99
95 99
12 99
0 25
29 99
0 32
45 99
54 99
0 58
60 99
70 99
0 71
0 83
0 1
2 3
5 3
6 3
8 3
0 10
0 13
0 14
19 3
20 3
3 99
4 99
2 7
0 6
7 99
9 99
2 16
11 16
16 99
17 99
2 18
5 18
