5
28
32
3
37
63
100
0 95
0 1
2 95
4 95
5 95
0 6
0 7
0 8
0 9
10 95
0 11
12 95
13 95
14 95
0 15
16 95
17 95
18 95
19 95
20 95
0 21
0 22
0 23
24 95
25 95
26 95
0 27
29 95
0 30
0 31
33 95
34 95
35 95
0 36
0 38
0 39
40 95
0 41
0 42
43 95
0 44
0 45
0 46
47 95
0 48
0 49
0 50
51 95
0 52
0 53
54 95
0 55
0 56
57 95
0 58
0 59
0 60
61 95
0 62
64 95
0 65
0 66
0 67
68 95
69 95
70 95
0 71
72 95
73 95
0 74
75 95
76 95
77 95
0 78
0 79
0 80
81 95
0 82
83 95
0 84
0 85
0 86
0 87
0 88
89 95
0 90
0 91
0 92
0 93
94 95
2 1
1 95
5 6
0 10
12 6
13 6
0 14
16 6
0 17
18 6
