0
100
0 98
1 98
2 98
3 98
4 98
5 98
0 6
7 98
8 98
9 98
0 10
0 11
12 98
0 13
0 14
15 98
0 16
17 98
18 98
19 98
20 98
0 21
0 22
0 23
24 98
25 98
0 26
0 27
28 98
0 29
30 98
0 31
32 98
33 98
34 98
0 35
0 36
37 98
38 98
0 39
40 98
41 98
0 42
43 98
0 44
45 98
0 46
47 98
0 48
49 98
50 98
0 51
52 98
53 98
54 98
55 98
0 56
57 98
0 58
59 98
0 60
61 98
0 62
63 98
0 64
0 65
66 98
67 98
68 98
69 98
0 70
0 71
72 98
0 73
74 98
0 75
76 98
77 98
0 78
0 79
80 98
0 81
82 98
0 83
0 84
85 98
86 98
0 87
88 98
89 98
0 90
91 98
92 98
93 98
0 94
95 98
96 98
0 97
1 6
6 98
