5
22
56
31
28
13
100
0 11
0 13
23 84
0 24
0 33
0 36
0 55
0 64
0 79
0 80
0 4
0 8
0 10
0 12
0 14
0 16
0 18
0 29
25 84
0 40
0 51
0 53
0 59
0 62
0 73
0 74
0 23
0 34
0 35
42 63
42 68
42 69
42 78
42 83
11 84
42 36
42 55
42 79
42 3
42 6
1 84
42 19
42 20
48 84
42 41
42 44
42 50
42 54
42 43
42 61
42 76
42 5
42 9
42 37
42 39
71 84
42 46
42 49
42 52
42 57
42 58
42 66
42 67
42 70
42 77
42 81
42 82
42 8
42 16
42 29
42 25
42 40
42 51
42 53
42 73
42 23
42 34
42 11
42 1
42 48
45 75
45 33
45 55
45 64
45 80
45 3
45 6
45 20
45 15
45 21
45 41
45 50
45 43
45 61
45 76
45 63
45 78
45 83
45 2
45 46
