5
39
47
57
95
58
100
0 99
0 2
0 4
0 7
0 11
0 13
0 14
0 15
0 16
0 17
0 18
0 20
0 21
0 22
0 23
0 24
0 26
0 27
31 99
0 32
0 33
0 34
0 35
0 37
0 38
0 40
0 41
0 45
0 52
0 54
0 55
0 59
0 60
0 61
0 64
0 65
0 69
0 70
0 71
0 72
0 74
0 79
0 80
0 81
0 83
0 84
0 87
0 88
0 89
0 90
0 91
0 92
0 93
0 94
0 97
0 77
0 36
0 50
0 67
0 30
0 8
0 86
0 49
0 3
0 12
0 19
0 46
0 68
0 98
0 31
25 4
25 7
25 11
25 14
25 15
25 16
25 18
25 21
25 22
25 23
25 24
25 26
25 27
25 33
25 34
25 37
25 40
25 41
25 52
25 55
25 59
25 61
25 64
25 65
25 69
25 70
25 71
25 79
25 80
25 81
