5
18
14
97
72
90
100
0 99
1 99
3 99
6 99
8 99
0 9
0 12
0 15
16 99
0 19
0 20
21 99
23 99
0 27
31 99
32 99
0 33
34 99
38 99
39 99
0 40
41 99
0 44
0 45
46 99
0 48
49 99
51 99
59 99
0 60
61 99
63 99
0 64
65 99
0 66
0 67
0 68
0 71
73 99
80 99
0 82
0 85
0 86
89 99
0 91
94 99
96 99
0 98
0 2
4 99
0 22
26 7
9 99
0 35
0 36
0 43
0 47
0 50
0 54
55 7
0 57
62 10
11 99
70 7
12 99
0 77
81 7
1 7
3 7
7 99
10 99
0 16
15 99
23 19
31 19
0 32
34 19
38 24
39 19
0 41
46 19
49 19
51 19
0 59
61 20
0 63
0 65
73 24
80 19
89 19
0 94
96 19
19 99
26 20
0 30
0 55
62 20
69 20
20 99
24 99
