5
60
72
39
56
75
100
0 26
0 48
0 13
0 34
50 99
4 99
0 44
96 26
48 99
66 26
0 31
54 88
73 8
0 5
0 37
0 69
66 47
86 90
41 2
0 86
0 62
0 66
45 20
0 7
16 26
96 28
8 99
0 96
54 38
73 2
23 99
0 54
63 33
12 66
73 3
8 2
84 68
12 73
26 99
63 71
4 2
63 82
63 21
91 68
79 51
95 51
63 59
78 51
31 33
63 5
80 2
88 2
40 20
32 38
51 99
63 90
63 97
67 68
78 2
27 68
32 64
4 64
50 53
84 26
32 43
70 68
35 68
58 2
32 26
50 64
84 58
89 20
61 2
70 65
27 15
44 36
16 14
85 92
63 84
4 19
4 41
81 2
32 69
67 26
8 13
63 85
32 87
67 71
88 17
44 10
67 36
50 79
43 20
50 13
63 31
63 8
28 2
4 88
67 64
32 11
