5
62
84
36
15
35
100
33 99
59 99
12 46
0 12
64 99
11 46
89 9
85 68
33 57
0 53
0 97
82 23
58 69
69 9
75 45
38 79
46 99
56 92
83 8
18 86
39 52
30 17
65 22
66 59
46 67
12 68
6 98
8 9
6 74
76 32
43 71
95 49
50 56
9 67
85 75
58 2
49 52
82 85
17 47
27 52
50 18
41 52
68 67
82 30
90 79
83 97
91 60
32 10
95 11
21 20
34 78
28 25
53 77
63 31
40 60
91 96
11 77
39 47
16 94
44 26
87 54
10 77
34 70
31 54
86 80
57 25
24 83
2 83
54 79
4 42
12 42
28 74
75 29
2 95
54 25
61 97
13 27
90 3
94 41
5 3
7 41
72 88
7 3
80 88
64 37
81 87
92 57
24 34
39 45
37 5
39 32
49 37
87 21
91 37
0 33
24 93
61 56
45 86
92 1
19 64
