5
24
85
47
55
50
91
0 99
41 97
1 2
42 43
74 4
41 91
75 33
0 1
25 45
96 97
33 13
41 40
33 32
64 91
29 97
37 96
33 34
58 91
3 4
38 39
69 70
13 97
46 98
80 5
35 34
30 71
71 70
35 58
66 67
75 76
53 84
60 59
27 26
65 49
80 81
61 91
2 87
67 23
80 59
52 81
16 17
90 89
13 87
86 87
18 59
72 78
56 89
2 10
64 63
13 12
84 26
84 83
35 16
1 75
76 43
53 52
53 73
90 46
84 82
86 57
51 75
75 20
53 54
31 93
19 20
68 69
94 93
68 67
3 57
95 96
31 30
69 71
95 29
51 52
61 60
80 69
48 14
57 56
31 53
15 14
48 49
74 73
88 5
23 21
10 11
8 7
12 11
83 82
6 5
87 23
89 20
