5
46
40
50
75
58
100
0 93
1 93
2 93
3 93
4 93
5 93
6 93
0 7
8 93
0 9
0 10
11 93
12 93
13 93
0 14
15 93
0 16
17 93
18 93
0 19
0 20
0 21
0 22
23 93
0 24
25 93
0 26
0 27
0 28
29 93
30 93
0 31
0 32
33 93
34 93
0 35
36 93
37 93
38 93
39 93
0 41
42 93
43 93
44 93
0 45
47 93
0 48
49 93
0 51
0 52
0 53
54 93
55 93
0 56
0 57
0 59
60 93
61 93
62 93
63 93
64 93
0 65
0 66
67 93
0 68
0 69
0 70
71 93
0 72
73 93
0 74
76 93
77 93
0 78
0 79
80 93
81 93
0 82
83 93
84 93
85 93
0 86
0 87
88 93
89 93
0 90
0 91
92 93
0 1
0 2
3 10
3 14
0 3
4 19
4 20
4 21
4 22
4 24
4 26
4 27
