2
56
45
100
0 21
0 22
0 76
0 46
0 4
0 92
0 30
67 15
30 70
30 64
71 93
94 16
94 75
94 66
60 38
60 39
97 88
97 22
52 99
97 12
97 9
97 92
97 45
97 11
97 79
22 38
22 61
22 32
22 4
52 31
52 34
52 77
52 43
68 47
61 90
61 69
87 80
87 58
87 81
76 17
76 11
64 32
77 58
17 78
77 1
77 24
39 47
73 99
39 26
17 24
17 18
17 38
42 55
17 46
17 81
46 10
7 88
7 70
32 24
32 13
57 96
40 28
40 95
40 44
40 15
95 21
95 55
95 80
15 33
20 3
20 62
63 99
93 45
93 24
23 75
23 11
49 72
49 63
49 9
3 38
62 16
62 19
73 28
10 86
58 86
25 6
25 18
84 50
37 8
35 16
18 34
16 98
75 86
28 55
90 88
90 55
50 99
50 98
88 12
8 86
