5
25
30
39
45
5
100
50 53
50 51
0 49
0 1
0 2
0 3
0 4
0 6
0 7
0 8
0 9
0 10
0 11
0 12
0 13
14 49
0 15
16 49
0 17
0 18
0 19
20 49
0 21
22 49
0 23
0 24
0 26
0 27
0 28
0 29
0 31
0 32
33 49
0 34
0 35
0 36
0 37
0 38
0 40
41 49
0 42
0 43
0 44
0 46
0 47
0 48
0 14
0 16
0 20
0 22
0 33
41 2
41 3
41 4
41 6
41 7
41 8
9 49
41 10
41 11
41 12
41 13
41 15
41 17
41 18
41 19
41 21
41 23
41 24
41 26
41 27
41 28
41 29
41 31
41 32
41 34
41 35
41 36
41 37
38 49
41 40
41 42
41 43
41 44
41 46
41 47
41 48
41 1
41 14
41 16
41 20
41 22
41 33
41 9
38 2
38 3
38 4
38 6
7 49
38 8
