0
100
0 2
0 3
1 2
1 3
20 23
4 6
12 15
15 18
13 16
14 16
17 18
8 11
21 23
21 24
22 23
7 9
7 10
22 24
47 50
39 42
40 42
37 40
16 19
48 50
46 49
19 22
20 22
18 21
14 17
25 26
25 27
50 53
49 52
28 29
38 41
30 33
31 33
34 36
31 34
51 52
32 33
36 39
32 34
39 41
38 40
37 39
44 47
10 13
11 13
9 12
12 13
11 14
35 38
36 38
45 47
46 47
28 30
31 32
23 26
24 26
26 29
25 24
10 12
4 3
17 19
20 21
18 19
29 32
27 30
31 30
45 48
28 27
31 29
24 27
49 50
43 46
44 46
15 17
16 17
48 51
14 15
5 6
8 9
10 11
7 6
4 2
5 3
8 6
8 10
48 49
35 37
35 34
35 36
34 37
43 45
41 42
43 42
44 45
40 41
43 44
