5
3
11
48
13
62
100
22 99
0 92
0 48
0 95
60 99
21 37
7 38
21 8
32 79
32 36
32 65
32 19
32 50
2 29
7 77
7 92
7 2
7 84
70 72
34 97
34 81
34 50
34 2
34 19
63 60
63 57
63 51
84 65
84 26
84 57
84 45
16 83
98 80
16 69
16 91
16 79
29 38
98 8
98 92
98 74
98 61
54 38
82 38
53 66
53 57
53 31
60 17
60 87
80 67
50 40
50 15
66 43
66 93
66 33
66 22
66 44
92 85
92 10
92 33
82 86
92 79
2 88
86 88
48 83
65 88
24 82
24 80
24 69
77 35
77 43
77 8
77 54
40 1
45 58
40 4
40 14
40 5
40 96
93 89
93 9
93 51
93 94
44 9
44 30
44 95
36 58
31 95
31 61
30 13
6 68
6 74
6 57
37 36
37 29
37 33
72 23
90 58
72 9
72 5
72 45
