5
17
6
64
46
73
100
0 92
1 92
2 92
0 3
0 4
0 5
0 7
0 8
0 9
10 92
11 92
12 92
0 13
14 92
0 15
0 16
18 92
0 19
0 20
21 92
0 22
0 23
0 24
25 92
26 92
0 27
28 92
0 29
0 30
0 31
32 92
0 33
34 92
0 35
36 92
0 37
38 92
39 92
0 40
41 92
0 42
0 43
44 92
0 45
47 92
0 48
49 92
0 50
51 92
52 92
0 53
0 54
55 92
56 92
57 92
0 58
0 59
60 92
61 92
0 62
0 63
0 65
66 92
0 67
0 68
0 69
70 92
71 92
0 72
74 92
0 75
0 76
77 92
0 78
0 79
0 80
81 92
0 82
83 92
0 84
85 92
0 86
87 92
0 88
89 92
90 92
91 92
1 3
2 3
3 92
0 11
12 4
14 4
18 4
21 4
25 4
26 4
0 28
32 4
0 34
