5
44
32
11
53
36
100
0 1
6 99
0 12
0 31
43 99
0 50
0 67
68 99
0 71
0 79
80 99
83 99
0 87
88 99
90 99
0 92
0 95
0 98
9 99
4 1
8 5
0 13
0 17
28 1
2 99
30 5
33 1
40 1
41 5
45 5
0 51
0 54
55 1
58 10
59 10
0 61
0 64
65 5
69 10
0 89
0 91
93 5
0 94
0 6
43 10
68 1
0 80
83 1
88 12
90 5
0 3
4 5
10 99
28 5
0 29
30 15
33 12
0 40
0 41
15 99
0 55
0 58
59 12
65 20
69 12
93 12
43 12
0 68
83 20
0 88
12 99
20 99
0 8
28 27
30 35
33 24
25 99
0 59
65 24
0 69
93 24
0 43
83 27
90 24
4 24
28 38
30 38
35 99
45 27
27 99
93 31
83 31
0 90
4 31
0 28
42 99
33 39
38 99
65 31
93 39
