0
100
56 99
0 60
75 7
0 69
64 99
48 99
0 57
73 59
74 99
96 99
7 99
73 21
95 58
59 99
0 82
86 11
56 4
4 21
3 36
16 60
21 99
6 60
95 29
0 86
56 25
10 58
3 66
28 60
92 33
73 19
42 58
56 41
75 11
81 52
37 51
92 36
27 60
51 58
56 49
15 58
3 94
37 80
92 57
52 99
66 60
81 60
58 99
0 37
50 60
95 80
56 91
73 80
5 40
56 9
1 97
0 73
95 8
5 11
95 5
17 91
75 20
13 40
10 46
24 97
45 25
13 33
11 60
45 74
26 91
32 80
17 40
17 46
32 97
61 25
53 33
62 74
32 91
0 95
3 22
62 46
92 84
67 25
63 33
75 66
75 44
64 80
32 40
3 93
81 25
87 33
72 74
51 91
75 87
61 40
94 25
92 96
61 91
92 88
40 60
5 74
