5
1
3
8
11
14
100
0 70
21 70
22 70
26 70
34 70
37 70
40 70
43 70
47 70
48 70
49 70
53 70
54 70
55 70
57 70
60 70
61 70
66 70
2 70
4 70
10 70
13 70
15 70
18 70
24 70
29 70
30 70
44 70
45 70
50 70
51 70
59 70
63 70
64 70
20 69
26 69
32 69
34 69
37 69
40 69
43 69
46 69
47 69
49 69
53 69
54 69
55 69
61 69
62 69
65 69
68 69
2 69
4 69
5 69
10 69
12 69
13 69
15 69
16 69
19 69
24 69
27 69
29 69
31 69
35 69
39 69
41 69
44 69
45 69
51 69
52 69
20 63
21 63
22 63
23 63
25 63
26 63
28 63
32 63
37 63
38 63
40 63
43 63
46 63
47 63
48 63
49 63
57 63
58 63
60 63
65 63
67 63
9 63
6 63
12 63
18 63
19 63
27 63
29 63
33 63
