5
68
53
47
59
55
88
60 79
72 61
66 79
75 79
72 76
72 78
63 79
72 60
66 69
24 39
66 61
66 76
22 26
22 29
35 38
24 34
22 27
31 26
64 79
24 30
45 42
41 51
43 54
21 31
66 71
62 61
24 21
27 39
24 37
32 31
22 32
36 38
28 26
75 61
72 62
49 43
40 54
52 43
58 41
71 79
67 61
31 39
20 28
36 39
52 40
48 40
57 40
49 44
39 38
72 67
63 76
72 65
70 76
66 77
70 73
64 76
70 74
72 66
71 69
65 64
77 69
60 61
60 78
71 74
63 73
77 64
77 62
73 78
60 64
78 79
78 76
62 74
65 71
64 69
70 67
74 69
49 48
49 50
49 56
77 60
65 63
62 64
48 46
23 34
23 20
23 37
25 33
33 32
