5
4
7
22
23
46
100
0 2
0 5
0 8
0 9
10 71
13 71
0 14
0 15
0 17
0 19
0 24
26 71
0 27
28 71
0 30
0 31
0 32
0 33
0 39
0 40
0 43
0 44
0 47
0 49
0 50
0 55
0 57
0 58
0 60
0 64
0 65
0 67
68 71
0 1
0 11
0 16
0 20
0 25
0 36
0 37
0 52
0 53
0 59
0 61
0 62
0 63
0 66
0 10
0 13
0 26
0 28
68 3
68 6
68 12
68 18
68 29
68 41
68 42
68 45
68 47
68 49
68 55
68 56
68 58
68 60
68 64
68 2
68 8
68 9
68 14
68 17
68 24
68 27
68 32
68 33
68 39
68 43
68 44
68 11
68 16
68 20
68 25
68 36
68 53
68 59
68 61
68 62
68 63
68 66
68 69
68 10
28 12
28 29
28 34
28 41
28 42
28 45
28 47
28 48
28 49
