0
100
1 99
3 99
4 99
5 99
0 6
0 9
10 99
11 99
0 12
13 99
0 14
0 16
0 17
18 99
0 19
20 99
21 99
0 22
23 99
25 99
26 99
28 99
0 29
0 30
31 99
32 99
33 99
0 34
35 99
0 36
0 37
38 99
39 99
0 40
41 99
0 42
43 99
0 45
46 99
0 47
0 48
0 50
0 51
53 99
0 54
55 99
0 56
57 99
0 58
0 59
0 60
61 99
0 62
0 63
64 99
0 65
66 99
0 67
68 99
0 69
0 71
0 72
73 99
0 74
75 99
77 99
0 78
0 79
80 99
81 99
0 82
0 83
0 84
0 85
0 86
87 99
0 88
0 89
90 99
0 91
92 99
93 99
0 94
95 99
96 99
97 99
98 99
0 1
0 8
15 2
27 2
44 2
49 2
0 70
2 99
4 6
5 6
10 6
0 11
13 6
