0
100
0 25
2 5
9 4
12 6
4 67
42 5
0 52
64 7
2 7
9 11
16 24
42 7
13 24
50 57
13 46
42 8
12 1
49 43
10 67
0 33
2 35
32 67
2 56
39 3
11 67
9 13
0 64
25 57
6 57
2 1
39 14
27 10
1 14
19 38
46 69
49 37
4 25
0 44
0 9
58 14
15 33
39 10
61 52
62 34
0 15
18 3
60 51
2 47
38 3
57 69
62 16
2 36
39 58
24 69
11 7
1 52
51 68
34 52
63 68
5 3
0 2
60 30
26 52
5 68
45 16
17 4
4 64
56 6
45 17
66 64
64 52
34 21
5 31
30 16
16 49
25 7
45 30
8 3
54 6
68 3
58 62
22 17
59 7
35 3
45 56
9 48
1 34
38 6
37 40
23 20
1 4
16 15
47 53
58 47
19 20
66 61
9 50
58 51
15 2
17 28
