5
7
89
57
12
56
86
98 82
26 84
55 84
79 84
46 91
42 44
35 44
69 44
10 49
96 49
38 49
5 13
53 13
42 13
28 13
70 93
46 93
19 6
4 6
10 6
33 6
48 29
21 29
32 29
2 30
4 30
40 53
50 53
21 53
70 45
31 45
55 45
86 45
15 45
48 76
40 42
8 67
97 67
48 67
92 25
21 15
58 15
18 14
92 14
4 14
70 55
31 65
22 81
22 18
22 19
41 19
66 39
8 33
63 62
23 62
41 48
2 88
87 88
47 59
11 17
73 17
1 5
36 8
50 98
21 98
46 72
28 72
87 72
50 34
77 96
0 22
1 22
50 22
85 94
20 51
0 36
97 36
46 36
92 50
0 1
77 1
80 63
92 46
85 46
20 80
85 80
