5
5
51
52
56
75
100
0 99
0 1
0 2
0 3
0 4
0 6
0 12
0 13
0 22
0 25
26 99
0 27
28 99
0 35
0 37
0 44
0 58
0 60
0 66
0 71
73 99
0 74
78 99
0 86
0 24
0 29
0 36
0 38
0 46
0 49
0 61
0 62
0 65
0 68
0 69
0 82
0 89
0 91
0 93
0 95
0 17
0 30
0 31
0 41
0 45
0 47
0 48
0 64
0 67
0 70
0 79
0 80
0 87
0 92
0 98
0 9
0 14
0 16
0 43
0 54
0 72
0 81
0 85
0 26
0 28
0 73
78 7
78 8
78 15
78 40
78 50
78 55
78 77
78 10
78 20
78 33
42 99
78 76
78 83
78 90
78 97
78 82
78 88
78 93
78 1
78 2
78 4
78 6
78 12
78 22
27 99
78 37
78 44
78 58
78 60
78 66
78 71
78 74
78 86
78 24
