5
40
93
65
16
35
100
0 18
0 65
0 9
28 38
28 53
35 99
62 99
28 21
32 50
20 99
32 78
39 99
32 17
19 99
92 33
36 33
32 25
32 91
32 31
32 12
53 33
61 33
32 80
32 18
14 97
14 8
14 11
69 33
73 33
14 20
14 9
14 15
14 12
14 58
84 78
84 92
84 25
50 33
76 3
84 82
84 57
84 54
84 70
87 16
62 3
44 22
64 3
87 93
87 45
87 88
87 73
96 3
87 8
87 44
87 59
87 23
87 68
70 47
70 78
98 3
70 7
70 44
70 92
70 66
42 72
17 34
17 36
17 13
17 60
43 76
43 82
6 3
43 74
43 30
51 62
43 78
43 92
43 64
43 9
42 30
42 71
16 72
52 12
62 72
52 60
52 76
61 72
52 39
50 72
52 98
52 71
18 93
18 95
18 20
2 44
2 30
93 65
93 21
5 49
2 59
