0
100
79 99
70 99
13 99
41 53
6 68
0 35
6 70
9 42
11 90
89 42
0 26
72 93
35 3
54 28
1 7
77 43
96 68
22 59
6 93
47 88
87 42
55 7
48 68
95 88
54 36
22 51
83 11
37 62
15 76
4 43
62 42
34 88
58 62
96 28
22 77
6 92
87 62
54 19
20 90
47 21
15 19
12 7
35 8
58 45
6 73
58 93
5 40
47 66
70 53
80 56
35 50
0 67
44 84
96 48
55 93
89 2
15 51
58 48
74 95
56 10
15 95
38 75
63 57
4 27
78 12
52 61
74 31
65 41
9 47
4 81
80 46
91 49
54 33
44 92
24 3
89 96
5 81
64 51
78 49
11 40
76 93
71 23
64 50
26 32
11 86
90 42
5 11
94 38
85 62
85 49
39 92
63 47
98 1
59 88
19 56
79 93
94 86
76 57
40 3
19 39
