5
1
5
6
7
15
100
16 99
17 99
19 99
20 99
21 99
22 99
23 99
24 99
26 99
30 99
32 99
33 99
34 99
36 99
37 99
39 99
43 99
45 99
47 99
48 99
49 99
50 99
51 99
52 99
54 99
55 99
56 99
57 99
60 99
63 99
65 99
71 99
72 99
74 99
76 99
77 99
78 99
79 99
80 99
81 99
82 99
84 99
86 99
87 99
89 99
90 99
94 99
95 99
96 99
97 99
98 99
3 99
4 99
8 99
9 99
13 99
14 99
18 99
25 99
27 99
28 99
40 99
46 99
64 99
67 99
69 99
85 99
11 92
12 92
16 92
17 92
19 92
21 92
23 92
24 92
30 92
32 92
34 92
36 92
37 92
38 92
39 92
42 92
43 92
44 92
45 92
47 92
48 92
49 92
50 92
52 92
53 92
54 92
55 92
56 92
57 92
59 92
60 92
61 92
62 92
