5
36
18
45
20
31
100
0 99
1 99
2 99
0 3
0 4
5 99
6 99
0 7
0 8
9 99
0 10
0 11
0 12
13 99
0 14
15 99
16 99
0 17
0 19
21 99
22 99
23 99
24 99
25 99
0 26
27 99
28 99
0 29
0 30
32 99
0 33
0 34
0 35
0 37
38 99
0 39
0 40
41 99
42 99
43 99
0 44
0 46
0 47
48 99
49 99
0 50
0 51
52 99
0 53
0 54
0 55
0 56
57 99
58 99
0 59
60 99
61 99
62 99
0 63
0 64
0 65
0 66
67 99
0 68
0 69
0 70
71 99
0 72
0 73
0 74
75 99
76 99
77 99
78 99
0 79
80 99
0 81
82 99
83 99
0 84
85 99
0 86
0 87
88 99
89 99
90 99
0 91
92 99
0 93
0 94
95 99
0 96
97 99
98 99
0 1
0 2
5 3
6 3
9 3
13 3
