0
100
0 99
1 99
2 99
3 99
4 99
5 99
0 6
0 7
0 8
9 99
10 99
11 99
0 12
13 99
14 99
0 15
16 99
17 99
18 99
19 99
0 20
0 21
0 22
0 23
0 24
25 99
0 26
0 27
28 99
29 99
0 30
0 31
32 99
33 99
34 99
0 35
36 99
0 37
38 99
0 39
40 99
41 99
0 42
43 99
44 99
45 99
0 46
47 99
0 48
0 49
0 50
0 51
52 99
0 53
54 99
0 55
56 99
57 99
0 58
59 99
0 60
61 99
0 62
63 99
64 99
65 99
0 66
0 67
68 99
69 99
0 70
0 86
0 87
0 88
0 89
0 90
0 71
0 72
0 73
0 74
0 75
0 81
0 82
0 83
0 84
0 85
6 99
7 99
8 99
12 99
15 99
0 1
0 2
0 3
0 4
0 5
0 9
0 10
20 99
21 99
