5
2
9
17
22
38
100
0 91
0 1
0 3
0 4
0 5
0 6
0 7
0 8
0 10
0 11
0 12
0 13
0 14
0 15
0 16
0 18
0 19
0 20
0 21
0 23
0 24
0 25
0 26
0 27
0 28
29 91
0 30
0 31
0 32
0 33
0 34
0 35
0 36
0 37
0 39
0 40
0 41
42 91
0 43
0 44
0 45
46 91
0 47
0 48
0 49
0 50
0 51
0 52
0 53
0 54
0 55
0 56
0 57
0 58
0 59
0 60
0 61
0 62
0 63
0 64
0 65
0 66
0 67
0 68
0 69
0 70
0 71
0 72
0 73
74 91
0 75
0 76
0 77
0 78
0 79
0 80
0 81
0 82
0 83
0 84
0 85
0 86
0 87
88 91
0 89
0 90
0 29
0 42
0 46
0 74
88 39
88 40
88 41
88 43
88 44
88 45
88 47
88 48
88 49
88 50
