0
100
0 99
0 1
0 2
3 99
0 4
5 99
6 99
0 7
8 99
9 99
0 10
11 99
0 12
0 13
14 99
15 99
16 99
17 99
0 18
0 19
0 20
21 99
0 22
0 23
0 24
25 99
26 99
27 99
28 99
0 29
30 99
31 99
32 99
0 33
0 34
35 99
0 36
37 99
38 99
39 99
40 99
41 99
0 42
43 99
44 99
0 45
0 46
47 99
48 99
49 99
50 99
0 51
52 99
53 99
54 99
55 99
56 99
57 99
58 99
59 99
0 60
61 99
0 62
0 63
0 64
65 99
0 66
67 99
0 68
69 99
70 99
0 71
72 99
73 99
0 74
75 99
76 99
0 77
0 78
79 99
0 80
0 81
82 99
0 83
84 99
0 85
0 86
0 87
0 88
0 89
0 90
91 99
0 92
0 93
94 99
0 95
0 96
97 99
0 98
0 3
