0
100
0 99
1 99
2 99
3 99
0 4
0 5
0 6
0 7
8 99
0 9
10 99
11 99
0 12
0 13
0 14
0 15
0 16
17 99
0 18
19 99
20 99
21 99
22 99
0 23
0 24
25 99
26 99
0 27
0 28
0 29
0 30
0 31
32 99
0 33
34 99
0 35
0 36
0 37
38 99
0 39
40 99
0 41
0 42
0 43
44 99
0 45
0 46
47 99
48 99
0 49
0 50
51 99
0 52
53 99
54 99
0 55
0 56
57 99
0 58
0 59
60 99
61 99
62 99
0 63
64 99
0 65
66 99
0 67
0 68
0 69
70 99
0 71
0 72
73 99
0 74
75 99
76 99
0 77
0 78
79 99
80 99
81 99
82 99
83 99
84 99
85 99
86 99
87 99
0 88
0 89
90 99
91 99
92 99
93 99
94 99
95 99
0 96
97 99
0 98
1 4
