0
86
0 11
30 31
0 10
77 78
72 73
1 10
2 30
2 9
2 7
3 6
78 98
79 98
97 98
30 33
97 96
70 76
68 76
85 94
68 67
85 92
83 90
30 32
26 22
88 89
22 27
28 36
22 23
28 31
11 23
24 36
24 29
17 25
37 39
37 40
37 36
39 45
54 62
54 63
81 86
56 63
40 36
64 66
58 65
61 70
61 72
40 52
51 50
50 49
69 68
35 48
35 44
35 34
34 33
43 48
42 47
42 41
42 32
46 58
47 58
47 69
48 59
48 49
71 70
67 66
82 86
89 92
91 93
93 95
11 28
12 13
14 16
14 15
15 17
16 17
23 24
67 76
75 80
45 51
45 54
83 88
45 61
55 54
55 56
53 52
75 66
76 83
