5
46
7
45
63
49
100
6 99
0 12
0 19
20 99
0 21
22 99
0 33
36 99
0 47
51 99
53 99
0 65
0 68
0 74
0 83
92 99
0 97
0 24
0 1
0 14
0 11
35 99
0 15
0 34
9 99
52 99
59 99
60 99
66 99
20 71
76 99
77 99
10 78
81 99
89 99
91 99
0 28
10 98
43 12
0 20
0 18
17 33
47 99
42 65
6 68
10 74
31 83
22 97
5 99
23 99
17 29
17 37
42 40
22 71
17 78
95 99
22 98
12 99
0 22
51 21
33 99
43 65
0 10
17 74
53 83
97 99
36 29
42 37
40 99
71 99
53 78
31 98
43 19
53 21
51 65
31 68
0 43
55 83
51 29
37 99
55 78
55 98
51 19
0 55
53 65
0 36
0 53
0 56
0 57
62 78
0 62
0 69
70 21
85 65
42 68
80 74
0 70
75 29
0 72
0 85
