0
100
0 5
0 14
15 98
0 17
0 23
24 98
26 98
0 28
0 29
35 98
0 37
0 39
40 98
45 98
46 98
47 98
0 54
55 98
56 98
0 57
58 98
0 65
0 70
75 98
0 82
87 98
0 88
0 92
0 93
97 2
0 80
13 2
15 2
0 19
2 98
3 98
50 5
0 53
66 5
34 5
0 13
0 9
64 5
55 5
10 5
5 98
4 14
0 10
55 14
0 62
45 14
0 15
31 14
16 98
64 14
0 50
0 31
86 18
86 28
86 29
86 32
0 86
0 64
0 79
4 54
28 98
32 98
0 4
24 14
24 17
24 18
24 22
24 42
24 67
61 98
96 98
78 98
39 98
43 14
0 97
38 98
0 58
24 54
24 65
24 88
91 98
47 14
0 25
24 95
7 67
7 95
0 7
0 33
60 17
60 22
60 37
54 98
63 98
60 93
60 70
