5
18
8
33
80
6
100
0 95
0 1
2 95
0 3
0 4
0 5
7 95
9 95
0 10
0 11
12 95
0 13
0 14
15 95
0 16
0 17
19 95
0 20
0 21
0 22
0 23
0 24
25 95
26 95
0 27
28 95
29 95
0 30
31 95
32 95
0 34
35 95
0 36
37 95
38 95
0 39
40 95
0 41
0 42
0 43
0 44
45 95
0 46
0 47
48 95
0 49
0 50
0 51
52 95
0 53
0 54
0 55
56 95
57 95
0 58
0 59
0 60
61 95
62 95
0 63
64 95
65 95
66 95
67 95
68 95
0 69
70 95
0 71
0 72
0 73
0 74
75 95
0 76
0 77
0 78
79 95
0 81
0 82
83 95
84 95
85 95
0 86
0 87
0 88
89 95
90 95
0 91
0 92
93 95
0 94
1 95
0 7
9 3
12 3
0 15
0 19
25 3
0 26
0 28
0 29
