0
100
0 99
1 99
0 2
0 3
0 4
0 5
0 6
7 99
8 99
0 9
10 99
0 11
0 12
0 13
0 14
0 15
16 99
0 17
0 18
0 19
0 20
0 21
0 22
23 99
0 24
0 25
0 26
0 27
28 99
0 29
0 30
31 99
32 99
33 99
34 99
0 35
0 36
37 99
0 38
0 39
0 40
0 41
42 99
0 43
44 99
0 45
46 99
0 47
0 48
49 99
0 50
0 51
52 99
53 99
0 54
0 55
0 56
57 99
0 58
59 99
0 60
61 99
62 99
0 63
0 64
0 65
0 66
67 99
68 99
69 99
70 99
0 71
72 99
0 73
74 99
0 75
0 76
77 99
0 78
0 79
0 80
81 99
0 82
0 83
0 84
0 85
0 86
87 99
88 99
0 89
0 90
91 99
0 92
0 93
0 94
95 99
96 99
0 97
98 99
1 2
