5
43
7
27
37
78
100
69 93
82 93
0 92
23 93
0 59
0 11
0 52
8 93
0 4
28 93
84 93
57 93
0 41
21 93
90 93
2 93
0 76
0 25
81 93
42 93
69 70
22 93
54 93
0 82
49 19
55 93
77 93
86 93
62 93
79 39
26 93
14 93
0 79
0 49
45 11
52 93
4 93
23 41
69 76
25 93
48 70
0 30
0 13
8 39
0 90
3 59
80 11
8 41
67 76
0 23
0 67
8 19
0 2
10 92
45 59
0 84
3 41
15 76
0 1
0 53
38 19
3 39
0 18
15 59
3 11
21 41
21 76
80 70
28 66
3 19
0 31
0 21
8 59
11 93
0 12
76 93
17 70
80 66
17 19
17 39
57 92
0 80
57 41
0 15
6 39
3 92
17 59
6 19
45 39
28 92
0 45
0 51
0 28
8 92
17 92
24 19
82 70
49 41
10 81
0 57
