0
100
0 5
8 99
0 9
0 12
18 99
0 24
0 25
26 99
27 99
29 99
0 32
34 99
35 99
40 99
0 44
59 99
0 67
0 71
0 72
0 77
0 78
88 99
0 89
0 93
95 99
0 97
0 6
7 9
22 99
7 24
25 99
7 32
39 99
52 99
54 99
7 67
7 69
7 71
7 82
7 87
7 89
90 99
92 99
98 99
8 5
9 99
8 11
8 12
8 16
8 24
44 99
8 57
8 60
62 99
8 63
8 82
8 87
8 89
8 93
96 99
97 99
17 1
4 99
10 99
17 11
17 12
19 99
18 1
0 20
17 32
41 99
0 26
0 17
18 11
18 12
16 99
31 99
29 1
34 1
0 35
33 99
0 43
18 67
69 99
0 53
18 72
18 77
18 82
18 87
18 89
18 93
0 27
0 29
34 11
34 24
34 32
34 51
34 60
63 99
34 71
