0
93
7 8
0 1
9 8
7 6
50 1
0 2
8 99
5 6
7 9
5 4
5 52
0 48
0 95
12 11
56 9
11 8
1 3
6 3
19 23
11 58
13 9
29 24
8 3
2 4
12 18
9 15
25 21
15 61
28 30
0 7
54 7
25 18
12 65
43 38
90 38
11 10
17 21
25 28
64 16
60 9
70 28
11 16
12 19
17 11
17 19
23 14
15 24
75 24
23 73
7 35
35 45
37 27
84 27
37 47
37 94
19 27
22 32
22 79
28 77
26 20
76 20
63 20
2 9
57 6
38 36
85 36
40 41
87 41
40 42
40 89
23 33
30 29
32 34
32 81
21 29
10 15
21 67
9 18
44 34
44 46
44 93
22 11
36 16
83 16
21 16
21 69
1 6
53 6
10 16
31 1
31 21
31 41
40 49
