5
17
50
7
95
88
100
0 39
0 44
61 99
67 99
0 1
0 4
0 8
27 15
35 99
0 43
48 74
0 52
57 13
2 99
0 59
63 15
64 18
68 13
0 70
19 99
18 99
0 92
0 61
67 22
37 99
0 34
98 99
0 57
58 26
63 39
0 64
28 99
73 74
39 99
67 44
54 99
41 99
93 99
67 96
58 96
68 74
73 96
96 99
27 9
48 9
73 16
63 9
11 26
67 1
8 44
78 9
5 99
27 1
48 1
73 2
63 18
67 29
68 2
15 99
39 74
4 40
48 29
73 30
63 30
37 40
68 16
78 25
58 43
0 27
56 22
73 35
63 42
67 45
68 29
78 42
58 64
48 59
0 73
0 68
78 54
58 70
76 40
85 44
19 13
92 22
69 26
72 74
91 40
86 44
78 71
98 22
84 26
78 83
0 58
97 44
72 13
48 70
86 74
76 13
57 26
