0
99
0 45
0 51
0 65
37 88
37 28
46 58
46 71
40 97
70 55
70 87
26 60
26 78
86 74
86 34
61 73
61 49
59 3
59 21
6 18
6 93
89 14
89 17
5 43
5 29
12 9
12 71
17 52
91 13
91 30
76 31
76 64
96 49
96 15
30 48
67 77
67 47
33 65
33 64
50 79
8 82
8 41
27 56
27 94
55 54
11 68
11 65
43 90
23 83
23 81
9 75
10 69
10 80
80 75
58 1
19 36
19 3
14 62
53 42
53 28
90 42
13 2
94 74
15 18
52 92
98 42
98 31
44 48
44 41
29 7
82 85
93 20
47 4
4 16
57 69
57 87
21 81
51 62
54 50
20 2
25 1
25 68
92 16
22 99
22 39
24 75
24 3
88 73
63 60
63 7
56 74
34 38
32 77
32 36
83 73
95 99
95 35
72 38
84 99
84 66
