5
4
6
23
64
80
100
17 99
30 99
34 99
42 99
44 99
51 99
71 99
79 99
21 99
3 76
37 76
38 76
39 76
45 76
65 76
67 76
16 92
95 92
11 92
17 92
26 92
36 92
42 92
47 92
52 92
63 92
71 92
73 92
85 92
12 87
24 87
33 87
35 87
42 87
59 87
8 87
11 21
35 21
46 21
51 21
54 21
65 21
67 21
79 21
90 21
93 39
16 39
88 39
19 39
30 39
54 39
59 39
73 39
8 39
3 69
26 69
77 69
2 78
88 78
15 78
35 78
75 78
82 78
93 90
24 90
27 90
32 90
33 90
68 90
94 90
97 90
3 60
17 60
26 60
27 60
32 60
42 60
45 60
54 60
59 60
85 60
83 60
17 86
32 86
34 86
37 86
38 86
43 86
53 86
54 86
55 86
56 86
58 86
97 86
27 8
42 8
52 8
59 8
61 8
71 8
