5
25
98
97
96
95
100
0 99
0 1
2 99
0 3
0 4
0 5
0 6
0 7
0 8
0 9
10 99
11 99
0 12
0 13
0 14
0 15
0 16
0 17
18 99
0 19
0 20
0 21
22 99
23 99
0 24
26 99
27 99
0 28
29 99
0 30
31 99
32 99
33 99
0 34
0 35
0 36
37 99
0 38
39 99
0 40
0 41
0 42
43 99
0 44
45 99
46 99
0 47
0 48
49 99
0 50
0 51
0 52
0 53
0 54
55 99
0 56
57 99
58 99
59 99
60 99
61 99
0 62
63 99
64 99
65 99
66 99
0 67
0 68
69 99
0 70
0 71
72 99
73 99
0 74
75 99
76 99
0 77
78 99
79 99
80 99
81 99
82 99
0 83
0 84
85 99
86 99
0 87
88 99
89 99
0 90
0 91
92 99
93 99
94 99
1 99
10 3
11 3
18 3
22 3
0 23
