0
90
84 12
0 41
88 46
78 54
0 84
0 62
0 4
17 46
18 52
18 84
68 16
26 27
60 8
26 49
17 20
53 12
45 34
18 28
60 68
69 53
26 70
69 30
19 53
7 47
69 24
20 10
55 10
66 30
23 1
20 23
19 83
55 13
73 71
75 66
32 77
55 50
32 71
9 33
9 41
34 85
14 12
45 69
48 87
25 9
40 41
61 71
2 31
82 39
7 75
65 32
72 35
25 36
13 16
22 78
16 46
30 33
4 88
47 51
63 10
14 58
73 49
5 80
62 64
73 5
73 63
27 5
27 15
63 58
78 76
79 61
47 64
37 11
37 23
78 59
79 44
29 11
35 38
41 39
29 5
11 6
44 11
27 21
49 87
38 87
6 59
57 85
83 8
88 64
67 52
2 73
