5
1
4
5
8
9
100
0 99
10 99
11 99
12 99
13 99
14 99
15 99
17 99
18 99
19 99
20 99
21 99
25 99
26 99
27 99
28 99
30 99
31 99
32 99
33 99
37 99
38 99
44 99
45 99
47 99
52 99
53 99
55 99
57 99
58 99
63 99
64 99
66 99
67 99
68 99
69 99
72 99
73 99
74 99
76 99
77 99
79 99
82 99
83 99
84 99
86 99
89 99
90 99
0 91
2 91
3 91
7 91
10 91
12 91
13 91
14 91
15 91
16 91
17 91
18 91
19 91
20 91
21 91
23 91
25 91
26 91
27 91
28 91
29 91
31 91
32 91
37 91
38 91
39 91
42 91
43 91
44 91
48 91
51 91
53 91
54 91
57 91
59 91
60 91
62 91
64 91
68 91
69 91
70 91
72 91
73 91
74 91
75 91
78 91
79 91
80 91
83 91
85 91
86 91
87 91
