0
100
0 99
1 99
0 2
0 3
4 99
5 99
6 99
7 99
8 99
9 99
0 10
11 99
12 99
13 99
14 99
0 15
0 16
0 17
18 99
19 99
20 99
0 21
22 99
0 23
24 99
0 25
0 26
27 99
28 99
29 99
0 30
31 99
32 99
33 99
34 99
0 35
0 36
37 99
0 38
39 99
40 99
0 41
0 42
43 99
44 99
0 45
46 99
0 47
0 48
0 49
50 99
0 51
52 99
53 99
0 54
0 55
0 56
0 57
58 99
59 99
60 99
0 61
0 62
63 99
0 64
0 65
0 66
0 67
0 68
69 99
70 99
0 71
72 99
0 73
0 74
0 75
0 76
77 99
0 78
79 99
0 80
81 99
82 99
0 83
0 84
85 99
86 99
0 87
0 88
0 89
0 90
0 91
92 99
0 93
94 99
95 99
0 96
0 97
0 98
0 1
