0
100
0 79
77 79
78 79
0 16
0 14
31 1
69 1
60 1
0 44
0 2
73 1
28 1
8 1
0 34
0 26
0 58
0 48
0 70
19 1
77 1
0 64
49 1
53 1
0 30
42 1
18 1
50 79
11 1
21 16
16 1
25 14
0 71
61 1
3 63
63 1
37 38
38 1
3 44
0 25
18 2
33 2
0 66
77 2
0 15
0 46
17 2
19 2
28 2
8 2
73 2
5 2
0 3
0 20
60 2
41 1
77 36
42 59
0 33
74 68
0 29
72 1
32 26
58 1
9 1
0 73
69 70
64 1
77 30
18 4
17 4
53 22
43 1
78 72
45 2
61 2
75 30
0 37
40 2
36 1
8 3
72 70
3 2
5 20
52 59
12 2
15 2
31 15
0 74
24 27
0 24
53 39
53 33
53 66
17 62
38 2
65 2
65 4
49 65
66 2
64 54
