0
100
0 99
1 99
3 99
0 5
9 99
12 99
15 99
0 17
18 99
0 26
0 27
30 99
31 99
33 99
35 99
0 39
0 40
49 99
0 53
56 99
66 99
0 67
0 70
0 80
82 99
0 83
87 99
0 88
91 99
93 99
96 99
0 98
21 99
43 99
0 48
54 99
58 99
60 99
0 75
32 99
52 99
0 59
1 13
1 16
1 27
1 36
1 38
1 40
1 45
1 48
50 99
53 99
1 62
1 63
64 99
65 99
1 5
0 3
68 99
10 5
12 5
0 18
1 70
1 74
1 75
1 76
1 92
1 98
20 99
21 5
25 5
28 5
30 5
32 5
35 5
37 5
41 5
0 46
34 99
47 5
0 56
1 67
71 99
58 5
69 5
0 77
1 73
1 80
81 99
0 82
7 99
91 5
96 5
31 5
0 43
13 99
49 5
0 52
9 16
9 17
