0
100
1 98
10 12
1 8
12 99
49 51
26 28
30 32
36 38
31 33
69 71
66 68
67 68
44 46
61 63
50 52
54 56
21 23
23 25
29 31
14 16
41 43
18 20
38 40
5 7
6 7
2 4
3 4
8 9
39 40
41 42
62 63
64 65
64 66
71 73
72 73
74 73
0 1
2 3
74 75
76 75
8 10
11 13
25 27
24 26
28 30
73 99
92 94
76 78
79 81
84 86
79 80
87 89
88 90
91 93
93 95
85 87
96 98
91 92
80 82
97 99
81 83
82 84
43 45
60 62
59 61
96 97
48 50
45 47
47 49
32 33
34 36
34 35
15 17
16 17
18 19
13 15
42 44
51 53
52 53
22 24
83 85
9 11
55 56
59 60
57 58
57 56
77 78
27 29
69 70
94 95
5 6
65 67
46 48
86 88
89 90
54 55
12 14
19 20
21 22
35 37
