0
100
70 80
94 95
41 51
10 20
59 69
38 48
47 57
47 48
86 96
76 86
76 77
36 46
25 35
34 35
2 12
62 72
45 46
34 44
43 44
13 23
11 12
11 21
11 20
43 53
42 52
19 29
28 29
28 38
37 46
17 27
35 45
6 16
0 1
10 11
5 15
48 58
39 49
36 45
77 87
66 67
56 57
22 23
84 85
54 64
65 75
53 63
62 63
51 61
48 57
27 37
26 36
50 60
52 61
63 73
64 74
43 52
32 42
28 37
35 44
35 36
27 36
71 72
40 50
21 31
41 50
95 96
85 86
67 77
22 31
32 41
51 52
61 62
82 83
82 73
82 92
81 72
92 93
71 62
73 74
94 85
92 83
73 64
81 82
95 86
60 61
70 71
83 74
72 73
63 64
66 76
57 67
55 65
55 56
55 64
56 66
81 91
71 80
78 88
78 79
68 69
