5
56
45
29
59
68
100
0 99
0 1
0 2
0 7
0 11
17 99
0 20
21 99
0 28
0 34
0 36
38 99
39 99
40 99
0 41
42 99
43 99
48 99
0 57
62 99
0 65
0 67
72 99
77 99
0 84
0 85
0 87
88 99
89 99
0 91
0 96
2 99
3 99
1 99
12 7
16 5
18 11
19 5
22 5
0 24
25 5
5 99
9 99
0 35
0 37
0 44
0 55
0 66
69 11
0 76
82 11
0 83
7 99
17 11
20 99
0 38
39 11
40 11
42 11
43 11
48 26
62 15
72 11
77 11
88 11
89 11
0 6
8 11
10 11
12 11
16 15
18 15
0 19
0 22
25 11
27 11
31 11
26 99
0 82
15 99
0 17
21 32
39 28
40 30
42 30
28 99
0 48
62 30
72 32
0 77
88 30
30 99
8 32
0 10
12 32
16 32
0 18
25 32
27 32
31 32
