5
18
35
70
19
33
100
7 89
0 67
83 89
0 43
0 88
48 46
48 71
48 72
73 82
70 89
7 46
7 79
7 69
7 56
41 73
41 81
41 6
78 19
78 39
78 28
78 26
79 13
79 38
79 33
46 85
40 49
79 20
57 85
1 53
1 70
1 46
1 40
4 57
4 50
4 63
4 19
40 32
40 27
40 12
40 17
40 75
81 62
20 80
20 9
23 86
83 49
20 25
20 15
54 62
85 82
54 33
54 76
54 87
43 88
67 70
67 45
67 16
67 63
76 19
44 58
76 17
76 88
76 77
75 70
75 47
11 27
11 66
10 58
80 57
11 38
72 31
72 44
72 88
72 80
72 27
6 24
6 25
6 35
45 86
2 49
52 16
52 53
52 59
14 86
65 57
71 42
14 57
46 26
60 55
60 68
17 42
30 9
42 57
30 12
30 10
30 34
30 45
30 71
53 17
53 84
