0
100
0 99
55 99
60 99
0 66
0 75
90 99
0 20
0 51
0 57
0 58
70 99
0 71
0 74
0 29
0 31
36 30
53 23
47 99
72 63
0 76
0 85
6 99
22 99
0 97
1 51
0 5
0 18
19 57
0 34
0 49
0 50
54 38
24 99
87 20
55 23
60 56
90 51
0 70
0 36
0 53
62 58
72 71
88 20
92 51
1 56
0 19
54 51
81 48
0 87
0 55
58 99
62 23
72 20
88 28
92 56
1 61
71 99
81 63
90 61
51 99
72 98
0 88
74 99
82 99
54 75
66 99
90 38
62 63
0 72
98 99
1 93
81 56
90 75
75 99
38 99
90 95
62 69
81 13
1 2
14 23
81 2
90 7
8 61
3 30
62 3
93 99
12 56
95 99
69 99
1 18
48 99
62 16
1 6
8 28
14 61
1 7
11 63
21 56
90 21
3 23
