0
100
0 94
0 1
0 2
0 3
0 4
0 5
0 6
0 7
0 8
0 9
10 94
11 94
12 94
0 13
14 94
0 15
0 16
0 17
0 18
19 94
20 94
0 21
0 22
23 94
24 94
0 25
26 94
0 27
0 28
0 29
30 94
0 31
32 94
33 94
34 94
0 35
36 94
0 37
0 38
0 39
0 40
0 41
42 94
43 94
0 44
45 94
46 94
47 94
48 94
0 49
50 94
0 51
0 52
0 53
0 54
55 94
0 56
57 94
58 94
59 94
60 94
61 94
0 62
0 63
64 94
65 94
66 94
67 94
0 68
0 69
0 70
0 71
72 94
0 73
0 74
75 94
0 76
77 94
0 78
79 94
80 94
81 94
82 94
83 94
0 84
85 94
0 86
87 94
0 88
89 94
90 94
0 91
92 94
93 94
10 1
10 2
10 3
10 4
0 10
0 11
