0
100
0 95
1 95
2 95
0 3
4 95
0 5
6 95
7 95
0 8
0 9
0 10
11 95
0 12
13 95
0 14
15 95
0 16
0 17
18 95
19 95
0 20
21 95
22 95
23 95
24 95
0 25
0 26
0 27
0 28
0 29
0 30
0 31
0 32
33 95
0 34
35 95
36 95
0 37
0 38
39 95
0 40
0 41
42 95
43 95
0 44
0 45
46 95
47 95
0 48
0 49
0 50
51 95
0 52
0 53
0 54
55 95
0 56
57 95
58 95
0 59
0 60
61 95
62 95
0 63
0 64
65 95
0 66
0 67
0 68
69 95
0 70
0 71
72 95
73 95
0 74
75 95
0 76
77 95
78 95
79 95
0 80
0 81
0 82
83 95
0 84
0 85
86 95
0 87
0 88
89 95
90 95
0 91
0 92
0 93
94 95
3 95
1 5
8 95
0 1
5 95
