0
100
0 96
1 96
0 2
0 3
4 96
5 96
6 96
7 96
8 96
9 96
0 10
0 11
12 96
0 13
0 14
15 96
16 96
0 17
18 96
0 19
0 20
0 21
22 96
0 23
24 96
25 96
26 96
27 96
0 28
29 96
0 30
0 31
0 32
0 33
0 34
35 96
36 96
37 96
38 96
39 96
0 40
41 96
42 96
43 96
44 96
0 45
46 96
47 96
48 96
49 96
0 50
0 51
52 96
0 53
0 54
55 96
56 96
57 96
58 96
59 96
0 60
0 61
0 62
63 96
0 64
65 96
66 96
0 67
68 96
0 69
70 96
71 96
0 72
73 96
74 96
0 75
0 76
0 77
0 78
79 96
80 96
0 81
82 96
0 83
0 84
85 96
86 96
0 87
0 88
89 96
90 96
91 96
0 92
93 96
94 96
0 95
2 96
0 1
4 3
5 3
