5
71
6
66
92
21
100
0 99
34 99
11 99
46 99
80 99
23 99
72 99
97 99
53 99
61 99
45 99
64 99
5 99
22 99
59 99
17 99
79 99
67 99
57 99
18 99
35 99
25 99
83 99
96 99
68 99
54 99
58 99
95 99
37 99
94 99
42 99
75 99
84 99
93 99
82 99
31 99
62 99
38 99
70 99
36 99
28 99
47 99
63 99
33 85
57 85
14 85
19 85
59 85
27 85
13 85
72 85
10 85
23 85
7 85
64 85
60 85
50 85
34 85
4 85
78 85
40 85
35 85
49 85
3 85
2 85
30 85
90 85
97 85
63 85
52 85
74 85
48 85
37 85
42 85
82 85
1 85
8 85
70 85
31 85
36 85
68 85
51 85
55 85
62 85
38 85
28 85
54 85
47 85
86 85
89 85
94 85
88 96
60 96
16 96
57 96
40 96
73 96
53 96
10 96
67 96
