5
46
29
30
52
66
100
83 99
77 99
12 99
42 99
53 99
56 99
59 99
75 99
81 99
86 99
92 99
96 99
3 21
23 21
28 21
42 21
44 21
48 21
51 21
95 57
82 57
5 57
17 57
22 57
23 57
31 57
34 57
40 57
44 57
55 57
86 57
48 68
41 68
85 68
8 68
62 68
39 68
10 68
40 68
45 68
44 68
25 68
36 68
53 68
56 68
67 68
72 68
82 68
87 68
90 68
93 68
6 32
13 32
53 32
26 63
27 63
43 63
61 63
14 63
3 63
23 63
31 63
37 63
42 63
59 63
64 63
71 63
75 63
87 63
14 93
91 93
82 93
72 93
1 93
5 93
7 93
18 93
38 93
42 93
73 93
80 93
84 93
89 93
61 96
17 96
1 96
3 96
7 96
11 96
23 96
28 96
44 96
48 96
49 96
83 96
14 89
61 89
59 89
6 89
39 89
