5
54
16
31
75
64
100
95 99
98 99
0 4
0 3
0 1
97 99
45 96
2 88
2 98
2 93
2 52
54 96
2 29
2 41
2 46
2 55
2 59
2 62
2 65
2 71
2 86
2 92
2 60
2 45
83 72
83 16
83 51
83 95
83 90
83 94
83 84
83 30
83 35
83 37
83 61
83 75
83 80
83 28
97 96
83 19
83 26
83 22
83 91
83 52
83 54
83 41
83 55
83 59
83 86
83 92
83 60
83 45
27 76
27 5
27 16
27 51
27 90
27 94
27 89
27 67
27 93
27 49
27 50
27 44
27 78
27 69
27 31
27 1
27 71
27 75
64 96
27 55
27 92
27 60
97 74
97 25
97 17
97 88
97 90
67 96
97 93
97 49
97 50
97 53
97 89
97 18
97 9
97 10
97 87
97 48
97 70
97 23
97 81
97 85
97 3
97 29
97 62
97 65
97 35
97 19
