0
100
0 98
1 98
2 98
0 3
0 4
0 5
0 6
0 7
8 98
0 9
0 10
11 98
12 98
13 98
14 98
15 98
16 98
0 17
18 98
0 19
0 20
21 98
0 22
0 23
24 98
0 25
26 98
27 98
0 28
0 29
0 30
31 98
0 32
0 33
34 98
0 35
36 98
37 98
0 38
39 98
40 98
0 41
42 98
0 43
44 98
0 45
46 98
47 98
0 48
49 98
50 98
51 98
52 98
53 98
0 54
55 98
56 98
57 98
0 58
59 98
0 60
61 98
0 62
0 63
64 98
0 65
66 98
0 67
68 98
0 69
0 70
71 98
0 72
73 98
74 98
75 98
0 76
0 77
78 98
0 79
80 98
81 98
0 82
83 98
84 98
0 85
86 98
0 87
88 98
89 98
0 90
0 91
0 92
93 98
0 94
95 98
96 98
97 98
0 1
2 4
