5
1
11
24
48
59
100
0 99
0 2
0 3
0 4
5 99
0 6
0 7
0 8
9 99
10 99
12 99
0 13
14 99
0 15
0 16
0 17
0 18
0 19
0 20
21 99
0 22
23 99
0 25
26 99
27 99
0 28
29 99
0 30
0 31
32 99
33 99
0 34
35 99
36 99
0 37
0 38
39 99
40 99
41 99
42 99
43 99
44 99
0 45
0 46
47 99
0 49
50 99
0 51
0 52
53 99
54 99
0 55
56 99
57 99
58 99
0 60
61 99
62 99
0 63
0 64
65 99
66 99
0 67
0 68
69 99
70 99
0 71
0 72
0 73
0 74
75 99
76 99
0 77
0 78
79 99
0 80
81 99
0 82
83 99
0 84
0 85
86 99
87 99
0 88
89 99
0 90
0 91
0 92
93 99
0 94
0 95
96 99
0 97
0 98
5 2
0 9
10 2
0 12
14 2
0 21
