5
4
6
9
13
15
100
0 99
16 99
18 99
22 99
23 99
24 99
25 99
29 99
30 99
32 99
33 99
36 99
38 99
39 99
41 99
46 99
48 99
50 99
58 99
59 99
60 99
64 99
66 99
68 99
69 99
70 99
74 99
76 99
79 99
80 99
81 99
84 99
85 99
86 99
88 99
93 99
98 99
97 99
67 99
2 99
10 99
21 99
26 99
40 99
44 99
47 99
51 99
55 99
56 99
57 99
72 99
75 99
90 99
91 99
95 99
5 99
34 99
43 99
49 99
54 99
62 99
63 99
83 99
92 99
96 99
7 99
8 99
28 99
42 99
77 99
1 78
3 78
10 78
14 78
16 78
17 78
20 78
24 78
25 78
27 78
29 78
30 78
33 78
35 78
38 78
39 78
40 78
46 78
48 78
50 78
58 78
59 78
61 78
67 78
70 78
71 78
75 78
76 78
79 78
11 78
