0
100
0 97
1 97
0 2
0 3
4 97
5 97
6 97
0 7
8 97
0 9
0 10
11 97
0 12
0 13
14 97
0 15
16 97
0 17
0 18
0 19
20 97
21 97
0 22
0 23
24 97
0 25
26 97
0 27
28 97
0 29
30 97
31 97
0 32
0 33
34 97
35 97
36 97
0 37
38 97
39 97
40 97
0 41
42 97
43 97
0 44
0 45
46 97
0 47
0 48
0 49
50 97
0 51
52 97
53 97
0 54
55 97
0 56
57 97
58 97
0 59
60 97
0 61
0 62
0 63
64 97
0 65
0 66
0 67
68 97
69 97
0 70
0 71
72 97
0 73
0 74
0 75
0 76
0 77
0 78
0 79
80 97
0 81
82 97
83 97
0 84
85 97
0 86
0 87
0 88
89 97
0 90
91 97
0 92
0 93
0 94
0 95
96 97
2 97
4 3
0 5
