5
4
47
15
19
40
100
0 16
0 23
0 45
0 69
0 71
0 6
0 10
0 17
0 20
0 28
42 97
32 97
0 57
0 65
0 68
0 75
0 79
0 82
0 84
0 95
0 46
51 38
51 62
51 2
51 36
51 24
51 7
51 26
51 29
51 39
51 41
51 44
51 50
51 54
51 55
51 57
51 64
51 66
51 67
51 82
51 83
51 89
51 92
51 93
51 94
51 95
51 6
51 17
51 20
32 30
32 49
32 59
32 87
32 23
32 71
32 9
32 24
32 1
32 12
32 21
32 22
32 26
32 27
32 42
32 43
32 50
32 54
32 55
32 60
32 64
32 77
32 82
32 85
32 88
32 93
6 58
6 61
6 81
6 90
6 45
6 3
6 14
6 56
6 8
6 12
6 13
6 22
6 26
6 33
6 41
6 43
6 44
6 54
6 70
6 75
6 79
59 97
6 84
83 62
83 76
