5
2
6
65
45
1
100
44 99
15 99
81 26
87 38
89 41
66 78
0 93
17 46
90 73
26 99
0 89
35 99
15 56
87 93
42 36
52 23
85 56
96 99
92 9
64 11
81 92
10 40
30 7
66 91
60 73
47 59
64 13
67 72
25 21
48 89
75 23
64 76
74 70
81 48
18 28
3 38
8 19
57 77
30 8
47 83
20 27
98 36
43 69
44 23
25 93
34 56
41 96
64 90
50 32
41 5
46 89
46 58
26 51
57 25
95 78
71 95
3 29
71 39
94 51
19 4
88 60
75 51
88 5
84 11
88 29
32 73
31 69
88 82
14 11
68 69
53 62
4 72
75 13
68 82
67 51
75 43
14 93
85 13
12 83
63 56
52 18
61 7
82 33
20 12
77 24
29 9
90 43
98 5
91 58
50 33
82 51
49 33
16 60
49 58
72 97
72 80
37 13
38 99
72 62
14 89
