5
85
41
96
87
86
100
0 99
1 99
0 2
3 99
4 99
0 5
0 6
7 99
0 8
9 99
10 99
0 11
0 12
13 99
0 14
0 15
0 16
0 17
0 18
19 99
0 20
21 99
22 99
23 99
24 99
0 25
26 99
0 27
0 28
0 29
0 30
31 99
32 99
33 99
0 34
0 35
36 99
0 37
38 99
0 39
40 99
0 42
43 99
44 99
0 45
0 46
0 47
48 99
0 49
0 50
0 51
52 99
53 99
54 99
0 55
0 56
0 57
0 58
59 99
0 60
0 61
0 62
0 63
64 99
0 65
66 99
0 67
0 68
69 99
70 99
0 71
0 72
0 73
74 99
0 75
0 76
0 77
0 78
79 99
0 80
0 81
82 99
0 83
84 99
0 88
0 89
90 99
91 99
92 99
93 99
0 94
95 99
97 99
0 98
1 2
3 2
4 2
7 2
0 9
10 2
