0
100
4 99
7 99
9 99
14 99
0 31
0 45
59 99
0 60
0 70
80 99
0 87
92 99
0 97
7 10
0 13
11 99
0 14
0 4
0 5
0 6
7 31
0 7
9 37
9 38
9 60
9 67
70 99
9 74
77 99
9 78
88 99
9 93
9 97
19 10
42 99
44 99
0 41
49 99
0 48
19 60
19 64
19 78
87 99
0 50
93 99
56 10
0 68
19 94
22 12
22 30
31 99
0 80
22 37
60 99
10 99
0 39
43 12
63 12
0 79
22 67
22 94
0 26
32 99
33 37
45 99
46 30
54 30
72 30
73 30
84 30
92 30
35 99
0 73
84 37
85 37
43 38
0 56
33 64
33 67
33 74
86 99
0 63
94 99
72 38
55 99
43 64
64 99
59 67
72 67
84 67
46 74
74 99
75 99
0 46
54 78
78 99
33 97
59 97
72 97
0 9
