0
100
1 99
0 2
0 3
4 99
0 5
0 6
7 99
0 8
0 9
10 99
0 11
0 12
13 99
14 99
15 99
0 16
17 99
18 99
19 99
20 99
21 99
0 22
23 99
0 24
0 25
26 99
0 27
28 99
0 29
0 30
31 99
32 99
0 33
0 34
0 35
0 36
0 37
38 99
39 99
0 40
0 41
42 99
0 43
0 44
45 99
46 99
0 47
0 48
0 49
0 50
51 99
0 52
0 53
54 99
55 99
0 56
57 99
58 99
59 99
60 99
61 99
62 99
63 99
64 99
65 99
0 66
67 99
68 99
0 69
0 70
71 99
0 72
0 73
74 99
75 99
76 99
0 77
0 78
0 79
80 99
81 99
82 99
83 99
84 99
0 85
86 99
0 87
88 99
89 99
0 90
0 91
92 99
0 93
94 99
95 99
0 96
97 99
0 98
1 2
4 2
