5
9
15
19
35
53
100
0 1
0 6
0 13
0 17
0 23
0 27
0 30
0 32
0 34
0 36
0 42
0 43
0 44
0 46
0 47
0 48
0 49
0 50
0 56
0 57
0 58
0 62
0 64
0 66
0 69
0 72
0 77
0 80
0 81
0 82
0 83
0 84
0 86
0 87
0 88
0 89
0 97
0 98
0 96
0 54
0 52
0 8
0 3
11 99
0 45
0 25
0 85
0 91
0 73
0 5
0 65
0 37
0 7
0 21
0 12
0 18
0 28
0 29
0 40
0 59
0 60
0 71
0 76
0 95
33 86
33 88
33 77
33 68
33 82
33 87
93 99
33 56
33 57
33 58
33 64
33 66
33 69
33 70
33 72
79 99
33 80
33 81
33 83
33 84
33 97
33 98
33 1
33 6
33 23
33 27
33 30
33 32
33 34
33 36
33 42
33 43
33 44
33 47
33 48
49 99
