0
100
0 99
1 99
0 98
77 79
48 50
25 27
37 39
12 14
40 41
54 56
42 43
17 18
44 45
28 30
44 46
17 19
7 9
28 29
60 62
61 63
12 13
95 97
92 94
9 11
95 96
34 36
37 38
51 53
26 27
54 55
38 39
51 52
40 42
76 78
75 77
24 26
66 68
23 25
65 67
87 89
88 89
92 93
82 84
22 24
73 74
64 66
87 88
22 23
0 2
64 65
3 4
31 33
75 76
34 35
7 8
31 32
3 5
47 49
82 83
47 48
52 53
70 72
45 46
55 57
83 85
79 81
8 10
60 61
69 71
15 16
69 70
29 30
93 94
35 36
18 19
62 63
20 21
56 58
20 22
14 16
32 33
1 2
10 11
57 59
97 99
84 86
13 15
90 91
90 89
85 86
67 68
41 43
4 6
5 6
58 59
72 74
71 73
49 50
78 80
96 98
