0
100
0 99
0 1
2 99
3 99
0 4
0 5
6 99
7 99
0 8
0 9
10 99
11 99
0 12
13 99
0 14
15 99
0 16
0 17
18 99
0 19
0 20
0 21
0 22
23 99
24 99
0 25
26 99
27 99
28 99
0 29
30 99
31 99
32 99
33 99
0 34
35 99
0 36
37 99
38 99
0 39
40 99
41 99
0 42
43 99
44 99
0 45
46 99
47 99
48 99
49 99
0 50
0 51
0 52
0 53
0 54
0 55
56 99
57 99
58 99
59 99
60 99
61 99
62 99
0 63
64 99
65 99
66 99
67 99
68 99
69 99
0 70
71 99
72 99
73 99
74 99
0 75
0 76
77 99
78 99
79 99
0 80
81 99
82 99
0 83
84 99
0 85
0 86
87 99
88 99
0 89
0 90
0 91
0 92
93 99
94 99
95 99
96 99
97 99
0 98
0 2
