5
75
51
91
1
2
100
0 99
0 25
3 25
4 25
5 25
6 25
7 25
8 25
9 25
10 25
11 25
12 25
13 25
14 25
15 25
16 25
17 25
18 25
19 25
20 25
21 25
22 25
23 25
24 25
31 25
26 25
28 25
38 25
48 25
34 25
36 25
77 25
40 25
42 25
54 25
27 25
82 25
30 25
32 25
61 25
46 25
44 25
35 25
53 25
33 25
39 25
78 25
52 25
50 25
58 25
73 25
56 25
86 25
43 25
81 25
57 25
65 25
63 25
29 25
37 25
49 25
47 25
74 25
60 25
69 25
62 25
41 25
64 25
90 25
85 25
45 25
59 25
67 25
55 25
66 25
68 25
70 25
71 25
72 25
89 25
94 25
76 25
93 25
80 25
84 25
88 25
64 72
56 64
56 60
53 60
61 63
53 49
45 49
43 47
32 39
46 39
35 39
61 43
37 45
33 41
