5
20
31
3
1
21
100
0 5
0 7
0 10
0 13
0 16
0 22
0 28
0 29
0 33
0 35
38 51
0 42
44 51
0 49
0 50
0 40
0 32
18 51
0 8
0 2
0 6
0 11
0 12
19 9
0 23
0 30
0 37
0 45
0 46
0 38
0 44
0 41
0 24
0 27
19 25
19 5
7 51
19 13
19 16
19 22
19 28
19 29
19 33
19 35
19 42
19 49
19 40
19 32
10 51
19 6
19 15
19 23
25 51
19 43
19 2
19 8
19 48
19 17
39 51
19 34
19 36
19 26
19 47
19 38
19 44
19 18
19 24
19 27
19 7
19 4
19 11
45 5
45 13
45 16
45 22
45 28
45 29
33 51
35 51
45 42
45 49
45 40
45 32
45 23
45 39
45 12
45 25
16 51
45 34
45 15
29 51
45 26
49 51
45 36
32 51
50 51
45 43
5 51
13 51
45 14
