5
23
58
41
86
52
100
0 99
35 99
18 99
80 99
53 99
98 99
81 99
65 99
42 99
9 99
37 99
66 99
82 99
31 99
60 99
33 99
61 99
55 99
84 99
57 99
16 99
22 99
51 99
28 99
11 99
79 99
17 99
45 99
39 99
29 99
19 99
63 99
2 99
30 99
92 99
93 99
8 99
14 99
88 99
89 99
21 99
49 99
94 99
77 99
56 99
96 99
85 99
97 99
44 99
33 74
42 74
61 74
83 74
37 74
11 74
73 74
6 74
18 74
15 74
31 74
75 74
45 74
84 74
95 74
40 74
59 74
60 74
70 74
51 74
98 74
22 74
82 74
65 74
79 74
14 74
26 74
90 74
21 74
91 74
27 74
12 74
71 74
62 74
88 74
4 74
64 74
87 74
94 74
2 74
85 74
92 74
78 74
19 74
20 74
63 74
30 74
18 93
33 93
43 93
59 93
