5
46
28
43
92
16
100
66 99
70 99
88 99
6 99
87 99
97 99
20 99
49 99
80 99
11 42
65 42
58 42
78 42
10 42
23 42
59 42
34 42
68 42
47 84
29 84
78 84
36 84
53 84
70 84
90 84
60 84
40 84
56 84
49 84
37 84
97 84
24 27
57 27
75 27
96 27
54 27
98 27
64 27
65 27
29 27
55 27
90 27
5 27
14 27
10 27
93 27
33 27
56 27
45 27
73 27
97 27
75 80
51 80
25 80
31 80
78 80
70 80
90 80
88 80
93 80
33 80
86 80
67 80
73 80
83 80
34 80
61 52
91 52
48 52
98 52
55 52
10 52
30 52
73 52
26 52
97 52
63 52
18 13
48 13
58 13
53 13
66 13
19 13
86 13
30 13
67 13
79 13
74 85
15 85
75 85
91 85
1 85
18 85
25 85
54 85
65 85
93 85
40 85
32 85
37 85
