0
100
0 50
1 50
2 50
3 50
0 4
0 5
6 50
7 50
8 50
9 50
10 50
0 11
12 50
13 50
14 50
0 15
16 50
0 17
18 50
0 19
0 20
0 21
22 50
0 23
24 50
0 25
26 50
0 27
0 28
0 29
30 50
31 50
0 32
0 33
0 34
35 50
36 50
0 37
0 38
39 50
0 40
41 50
42 50
0 43
44 50
45 50
0 46
47 50
0 48
49 50
4 50
5 50
1 11
11 50
1 15
15 50
1 17
17 50
1 19
19 50
1 20
2 20
3 20
6 20
0 7
8 20
9 20
0 10
12 20
0 13
0 14
0 16
18 20
0 22
24 20
26 20
30 20
31 20
35 20
0 36
39 20
0 41
0 42
44 20
45 20
0 47
0 49
1 21
23 50
2 21
0 3
25 50
6 21
8 21
0 9
1 27
1 28
1 29
1 32
0 1
