0
100
0 59
35 59
52 59
44 59
0 47
0 31
43 59
19 59
0 40
7 59
0 29
49 59
0 27
23 59
0 26
33 59
0 6
48 59
5 59
0 32
9 59
0 38
0 21
0 51
28 59
0 50
0 14
16 59
0 54
4 59
0 15
8 59
42 59
45 59
0 3
0 36
55 59
30 59
0 12
37 59
39 59
41 59
0 24
0 18
0 22
0 2
0 13
0 56
0 34
0 17
46 25
58 25
25 59
13 59
15 59
0 44
0 43
19 47
7 47
0 49
0 23
0 33
0 48
5 47
9 47
0 28
0 16
4 47
8 47
42 47
45 47
55 47
0 30
0 37
39 47
41 47
0 46
58 47
20 47
29 59
52 21
19 31
31 59
40 59
9 27
0 4
27 59
26 59
6 59
32 59
53 59
10 59
0 58
20 38
35 3
47 59
56 59
0 7
0 5
57 59
