5
53
23
47
31
68
100
0 82
0 1
0 21
0 78
0 74
0 13
0 57
0 33
0 36
0 37
0 61
0 69
0 71
76 75
76 44
76 72
76 21
76 74
76 7
29 82
80 82
76 50
76 17
76 32
76 48
76 58
76 60
56 82
76 65
76 69
76 77
76 18
76 15
76 35
76 79
76 59
76 66
76 61
76 29
38 82
76 62
44 82
80 81
80 1
80 21
80 78
80 7
80 54
80 64
12 13
80 8
80 5
10 74
80 12
80 20
80 22
72 82
80 10
80 30
80 11
80 9
80 38
80 48
80 14
13 82
24 82
80 62
60 74
80 49
80 44
80 42
80 65
80 34
80 63
80 79
80 43
80 66
80 52
80 70
80 51
80 57
80 61
80 45
80 55
80 60
25 10
25 11
25 26
25 4
25 58
25 28
25 55
25 40
25 45
25 46
25 65
25 73
25 37
25 61
24 7
