0
100
0 94
1 94
2 94
3 94
0 4
5 94
6 94
0 7
8 94
0 9
10 94
0 11
0 12
0 13
14 94
15 94
0 16
0 17
18 94
19 94
20 94
21 94
0 22
0 23
0 24
0 25
0 26
0 27
0 28
29 94
30 94
31 94
0 32
0 33
34 94
0 35
36 94
0 37
0 38
0 39
40 94
41 94
42 94
0 43
44 94
0 45
46 94
0 47
48 94
49 94
50 94
51 94
0 52
0 53
0 54
55 94
0 56
0 57
0 58
59 94
0 60
61 94
62 94
63 94
64 94
0 65
66 94
67 94
68 94
69 94
70 94
0 71
72 94
0 73
74 94
0 75
76 94
0 77
78 94
79 94
0 80
81 94
82 94
83 94
0 84
85 94
0 86
87 94
88 94
0 89
90 94
0 91
92 94
93 94
0 1
2 4
3 4
5 4
0 6
8 4
