5
2
3
6
10
16
100
23 88
34 88
35 88
40 88
46 88
48 88
64 88
76 88
79 88
27 88
14 88
17 88
15 88
18 88
28 88
36 88
30 88
31 88
39 88
42 88
50 88
53 88
54 88
55 88
59 88
66 88
67 88
68 88
74 88
75 88
77 88
80 88
83 88
84 88
86 88
5 87
26 87
34 87
43 87
44 87
46 87
52 87
64 87
85 87
9 87
12 87
13 87
14 87
15 87
21 87
22 87
27 87
33 87
45 87
47 87
58 87
61 87
67 87
68 87
70 87
71 87
74 87
77 87
78 87
83 87
34 84
43 84
46 84
49 84
52 84
56 84
63 84
64 84
76 84
81 84
85 84
8 84
9 84
13 84
15 84
11 84
17 84
18 84
19 84
22 84
25 84
31 84
36 84
37 84
38 84
39 84
42 84
47 84
51 84
58 84
59 84
66 84
69 84
70 84
72 84
