0
96
0 58
49 10
37 22
29 99
49 63
73 10
5 93
33 57
49 8
6 12
97 8
84 64
76 5
86 89
42 54
82 13
37 35
49 20
55 64
66 23
79 52
4 89
70 93
79 13
19 82
15 98
4 39
68 98
94 79
84 28
39 36
94 37
20 69
2 91
84 75
20 52
55 24
67 59
12 57
97 96
30 17
24 12
2 50
38 43
45 28
11 64
16 92
81 89
30 75
71 58
18 41
45 1
13 48
77 18
85 99
77 88
9 44
18 29
15 45
74 26
91 72
35 28
56 41
35 78
42 94
35 98
70 4
46 34
21 80
41 48
53 89
54 90
46 23
50 60
1 54
10 99
69 26
58 64
10 59
48 61
22 99
42 19
68 30
68 16
7 69
65 78
95 93
65 48
58 25
59 99
69 48
25 27
18 40
52 71
92 33
29 74
