5
75
95
48
96
45
100
0 99
0 1
0 2
0 3
4 99
5 99
7 99
0 10
12 99
13 99
0 14
15 99
0 16
17 99
0 18
0 21
28 99
30 99
33 99
0 35
0 36
0 37
38 99
40 99
0 41
0 43
46 99
0 47
49 99
53 99
0 54
0 55
56 99
57 99
59 99
0 61
0 62
0 63
0 65
0 67
68 99
69 99
0 71
0 72
73 99
74 99
76 99
78 99
0 79
80 99
81 99
82 99
83 99
84 99
0 86
87 99
0 88
89 99
0 90
0 91
0 92
0 94
4 6
8 99
5 9
5 20
29 99
4 31
4 32
4 39
4 42
4 44
58 99
4 64
4 1
4 2
3 99
10 99
14 99
4 16
4 18
21 99
35 99
4 36
4 37
41 99
12 43
47 99
54 99
4 55
4 61
62 99
4 63
65 99
67 99
0 5
4 72
4 79
4 86
4 88
