5
1
10
11
86
23
100
0 99
0 7
0 9
12 99
0 13
14 99
17 99
20 99
22 99
0 24
25 99
0 26
0 28
32 99
33 99
40 99
0 43
0 48
0 51
55 99
57 99
77 99
0 78
0 82
89 99
0 98
0 4
3 99
0 6
0 12
35 99
14 45
46 99
47 99
49 99
14 50
14 56
16 59
60 99
16 65
66 99
73 99
81 99
16 84
16 96
16 7
14 9
14 13
24 99
14 26
28 99
19 43
16 48
16 51
16 78
16 82
14 98
14 2
14 15
17 30
16 45
16 50
16 56
17 59
0 20
0 19
0 25
17 7
16 9
29 13
26 99
29 43
48 99
17 51
31 78
82 99
0 29
2 99
16 15
32 30
31 45
50 99
22 56
59 99
0 32
0 22
96 99
0 33
31 9
31 13
31 43
31 51
0 37
31 98
38 15
38 30
0 38
56 99
40 65
31 84
