5
12
98
97
96
95
100
0 99
1 99
0 2
3 99
0 4
5 99
6 99
7 99
8 99
9 99
10 99
0 11
0 13
0 14
15 99
0 16
17 99
18 99
0 19
20 99
0 21
22 99
23 99
24 99
0 25
0 26
27 99
28 99
29 99
30 99
31 99
0 32
33 99
0 34
0 35
36 99
37 99
38 99
0 39
0 40
0 41
42 99
0 43
0 44
45 99
46 99
47 99
0 48
49 99
0 50
0 51
0 52
53 99
54 99
0 55
56 99
57 99
0 58
0 59
60 99
61 99
0 62
0 63
64 99
0 65
66 99
67 99
68 99
69 99
0 70
0 71
72 99
0 73
0 74
0 75
76 99
0 77
78 99
0 79
80 99
0 81
0 82
83 99
0 84
0 85
86 99
0 87
88 99
0 89
0 90
91 99
0 92
0 93
0 94
1 2
4 99
11 99
13 99
1 14
1 16
