5
61
98
97
96
95
100
0 99
0 1
2 99
0 3
4 99
5 99
6 99
7 99
8 99
9 99
0 10
0 11
12 99
0 13
14 99
15 99
16 99
17 99
0 18
0 19
20 99
0 21
22 99
23 99
0 24
0 25
26 99
27 99
28 99
0 29
30 99
0 31
32 99
33 99
34 99
35 99
36 99
37 99
0 38
39 99
40 99
0 41
42 99
43 99
0 44
0 45
0 46
47 99
0 48
49 99
0 50
51 99
0 52
0 53
54 99
0 55
56 99
0 57
58 99
59 99
0 60
0 62
0 63
0 64
0 65
0 66
0 67
0 68
69 99
0 70
0 71
0 72
0 73
0 74
75 99
76 99
0 77
78 99
79 99
80 99
0 81
82 99
0 83
84 99
85 99
86 99
0 87
0 88
89 99
90 99
0 91
92 99
0 93
0 94
0 2
4 3
4 10
0 4
0 5
6 18
