5
59
8
95
79
50
100
0 99
1 99
0 2
0 3
0 4
0 5
6 99
7 99
9 99
10 99
0 11
12 99
13 99
14 99
15 99
0 16
0 17
18 99
0 19
20 99
0 21
22 99
0 23
0 24
25 99
26 99
27 99
28 99
0 29
0 30
0 31
0 32
0 33
0 34
0 35
0 36
37 99
0 38
0 39
0 40
0 41
42 99
0 43
0 44
0 45
0 46
47 99
48 99
49 99
51 99
52 99
53 99
54 99
55 99
56 99
57 99
58 99
60 99
0 61
62 99
63 99
0 64
65 99
0 66
0 67
68 99
0 69
0 70
0 71
0 72
0 73
74 99
75 99
0 76
0 77
78 99
0 80
0 81
82 99
0 83
84 99
0 85
0 86
87 99
88 99
0 89
0 90
91 99
0 92
93 99
0 94
0 96
97 99
98 99
2 99
0 6
0 7
9 3
10 3
12 3
