5
51
11
95
9
54
100
94 99
8 99
49 99
27 99
37 99
48 99
34 99
62 99
47 99
21 99
56 99
53 99
44 99
71 99
55 99
28 99
67 99
17 99
25 99
16 99
33 99
36 99
86 99
89 99
92 99
58 99
84 99
1 99
87 99
40 75
83 75
13 75
8 75
74 75
29 75
15 75
47 75
69 75
48 75
4 75
28 75
59 75
35 75
3 75
10 75
66 75
25 75
65 75
17 75
16 75
68 75
33 75
81 75
79 75
80 75
6 75
58 75
20 75
87 75
94 84
18 84
62 84
48 84
37 84
71 84
76 84
59 84
12 84
66 84
17 84
60 84
92 84
3 84
85 84
80 84
20 84
63 84
96 84
72 73
23 73
94 73
15 73
74 73
50 73
27 73
69 73
48 73
44 73
26 73
19 73
12 73
14 73
25 73
16 73
42 73
81 73
58 73
2 73
87 73
7 73
