0
100
0 17
21 99
0 6
7 3
0 10
15 3
3 99
0 7
9 8
15 8
18 8
22 8
23 8
0 24
62 8
67 8
70 8
83 8
16 99
9 17
0 14
21 17
17 99
32 99
9 2
12 2
13 2
0 28
4 8
41 2
46 2
62 2
67 2
18 3
20 3
3 8
9 5
12 5
15 5
23 5
0 45
0 46
19 8
6 8
0 12
18 7
21 7
41 7
62 7
0 65
76 8
7 8
13 10
0 23
31 10
10 8
16 8
0 13
18 34
34 8
43 8
49 8
54 8
22 56
59 8
0 26
41 73
81 8
22 89
1 42
1 60
78 8
88 8
9 1
4 24
0 9
15 1
6 2
5 8
0 15
18 4
0 18
20 4
24 8
56 8
6 60
6 73
20 16
20 40
1 89
3 47
64 8
22 16
33 47
34 42
47 8
0 25
12 89
29 28
31 28
