0
100
0 32
0 73
0 18
0 84
87 94
53 34
89 34
0 28
34 94
11 94
51 94
58 4
39 4
9 4
4 94
58 32
0 71
17 32
77 73
73 94
62 94
18 94
9 93
0 15
0 1
93 94
16 84
82 84
9 8
17 8
0 16
91 59
59 94
19 49
49 94
0 43
17 6
0 77
87 6
6 94
0 39
23 47
0 9
0 46
0 19
0 23
87 92
27 32
85 84
87 28
50 8
42 8
42 47
87 64
66 84
87 75
32 94
34 47
87 46
33 47
0 38
60 8
40 47
80 51
80 11
12 8
79 47
80 71
17 10
67 47
17 51
17 92
17 46
17 64
18 47
8 94
1 47
69 84
82 9
82 83
64 47
82 75
82 48
2 47
91 61
0 91
0 86
11 84
89 78
0 29
78 84
0 58
53 28
53 51
73 47
37 47
53 83
0 25
69 13
80 55
