5
41
14
7
21
28
100
6 35
6 42
6 49
6 56
6 63
6 70
6 77
6 84
6 91
6 98
13 35
13 42
13 49
13 56
13 63
13 70
13 77
13 84
13 91
13 98
20 35
20 42
20 49
20 56
20 63
20 70
20 77
20 84
20 91
20 98
27 35
27 42
27 49
27 56
27 63
27 70
27 77
27 84
27 91
27 98
34 35
34 42
34 49
34 56
34 63
34 70
34 77
34 84
34 91
34 98
48 35
48 42
48 49
48 56
48 63
48 70
48 77
48 84
48 91
48 98
55 35
55 42
55 49
55 56
55 63
55 70
55 77
55 84
55 91
55 98
62 35
62 42
62 49
62 56
62 63
62 70
62 77
62 84
62 91
62 98
69 35
69 42
69 49
69 56
69 63
69 70
69 77
69 84
69 91
69 98
76 35
76 42
76 49
76 56
76 63
76 70
76 77
76 84
76 91
76 98
