5
39
16
23
64
55
100
0 74
0 1
2 74
3 74
0 4
0 5
0 6
7 74
8 74
0 9
0 10
0 11
0 12
0 13
14 74
0 15
17 74
18 74
0 19
20 74
21 74
0 22
0 24
25 74
26 74
0 27
0 28
0 29
0 30
31 74
32 74
0 33
34 74
35 74
0 36
37 74
0 38
40 74
41 74
42 74
43 74
44 74
0 45
0 46
47 74
0 48
0 49
50 74
51 74
0 52
53 74
54 74
0 56
57 74
0 58
0 59
60 74
0 61
62 74
0 63
0 65
0 66
0 67
68 74
0 69
0 70
71 74
0 72
73 74
1 74
4 74
7 5
8 5
14 5
17 5
18 5
0 20
21 5
25 5
5 74
31 6
0 32
34 6
35 6
37 6
6 74
9 74
0 42
10 74
44 11
47 11
50 11
51 11
53 11
54 11
57 11
60 11
62 11
11 74
12 74
