0
100
0 99
1 99
2 99
0 3
4 99
0 5
6 99
7 99
0 8
0 9
10 99
11 99
12 99
0 13
0 14
15 99
0 16
17 99
0 18
19 99
20 99
0 21
0 22
23 99
24 99
25 99
0 26
0 27
0 28
0 29
0 30
0 31
0 32
0 33
0 34
35 99
36 99
37 99
0 38
0 39
40 99
41 99
42 99
43 99
44 99
0 45
0 46
47 99
48 99
0 49
50 99
51 99
52 99
0 53
0 54
55 99
0 56
0 57
58 99
0 59
60 99
61 99
0 62
0 63
64 99
0 65
0 66
0 67
0 68
0 69
0 70
71 99
0 72
0 73
74 99
0 75
76 99
0 77
78 99
0 79
80 99
0 81
0 82
0 83
0 84
0 85
0 86
87 99
0 88
0 89
0 90
0 91
92 99
93 99
94 99
95 99
0 96
97 99
0 98
0 1
