0
100
0 99
0 1
2 99
0 3
0 4
0 5
6 99
0 7
8 99
0 9
0 10
11 99
0 12
0 13
14 99
15 99
0 16
17 99
18 99
0 19
0 20
0 21
22 99
23 99
24 99
0 25
0 26
27 99
28 99
29 99
30 99
0 31
32 99
0 33
0 34
0 35
0 36
0 37
0 38
39 99
0 40
41 99
42 99
0 43
44 99
0 45
46 99
47 99
48 99
0 49
50 99
51 99
52 99
53 99
54 99
55 99
0 56
0 57
0 58
0 59
0 60
0 61
62 99
63 99
64 99
65 99
66 99
0 67
68 99
0 69
70 99
71 99
0 72
73 99
0 74
0 75
0 76
77 99
0 78
79 99
0 80
0 81
82 99
0 83
84 99
85 99
86 99
87 99
88 99
0 89
90 99
91 99
0 92
93 99
94 99
0 95
96 99
0 97
0 98
2 1
