0
100
0 96
1 96
2 96
0 3
0 4
0 5
0 6
0 7
0 8
0 9
0 10
0 11
12 96
13 96
14 96
0 15
16 96
0 17
18 96
19 96
0 20
21 96
22 96
23 96
0 24
0 25
0 26
0 27
0 28
29 96
0 30
31 96
0 32
0 33
0 34
0 35
36 96
0 37
38 96
39 96
0 40
41 96
42 96
43 96
44 96
45 96
46 96
0 47
0 48
0 49
50 96
51 96
0 52
53 96
54 96
0 55
0 56
57 96
58 96
59 96
0 60
61 96
0 62
63 96
0 64
0 65
0 66
0 67
68 96
0 69
70 96
0 71
0 72
73 96
0 74
75 96
76 96
77 96
0 78
0 79
0 80
0 81
82 96
0 83
0 84
85 96
0 86
87 96
0 88
0 89
0 90
0 91
92 96
0 93
94 96
0 95
3 96
1 4
5 96
6 96
