5
14
91
90
89
88
100
0 92
0 1
0 2
3 92
0 4
5 92
6 92
0 7
8 92
0 9
10 92
11 92
12 92
13 92
15 92
0 16
17 92
0 18
0 19
0 20
21 92
22 92
23 92
24 92
25 92
0 26
27 92
28 92
29 92
30 92
31 92
0 32
0 33
34 92
0 35
36 92
0 37
38 92
39 92
40 92
0 41
42 92
0 43
44 92
0 45
46 92
47 92
48 92
49 92
0 50
51 92
0 52
53 92
54 92
55 92
0 56
57 92
0 58
0 59
60 92
61 92
62 92
0 63
64 92
65 92
66 92
0 67
68 92
69 92
70 92
0 71
72 92
0 73
74 92
0 75
76 92
0 77
78 92
79 92
0 80
81 92
82 92
0 83
84 92
85 92
0 86
87 92
0 3
2 92
4 92
0 5
0 6
8 16
8 18
8 19
8 20
26 92
8 32
8 33
8 35
