0
100
0 99
0 1
0 2
3 99
0 4
0 5
0 6
0 7
8 99
9 99
10 99
0 11
12 99
13 99
0 14
0 15
0 16
0 17
0 18
19 99
20 99
21 99
22 99
0 23
24 99
25 99
0 26
27 99
0 28
29 99
30 99
0 31
0 32
33 99
0 34
35 99
0 36
0 37
38 99
39 99
40 99
0 41
42 99
43 99
0 44
0 45
46 99
47 99
48 99
49 99
50 99
51 99
0 52
53 99
0 54
0 55
56 99
57 99
0 58
0 59
0 60
61 99
0 62
0 63
0 64
0 65
66 99
0 67
0 68
0 69
70 99
0 71
72 99
0 73
0 74
0 75
76 99
77 99
0 78
79 99
80 99
81 99
82 99
83 99
0 84
85 99
86 99
0 87
88 99
89 99
90 99
91 99
0 92
93 99
0 94
0 95
0 96
97 99
0 98
79 1
