5
21
75
5
94
68
100
0 99
2 99
0 3
4 99
0 6
0 8
9 99
0 13
0 14
0 15
16 99
18 99
0 19
20 99
22 99
0 24
0 25
26 99
0 27
0 29
30 99
0 31
33 99
34 99
35 99
36 99
37 99
0 39
40 99
0 44
0 45
0 46
47 99
49 99
0 50
0 51
52 99
53 99
0 55
56 99
58 99
0 59
60 99
0 62
63 99
0 64
0 67
0 69
70 99
71 99
0 72
73 99
74 99
0 76
0 77
0 79
81 99
83 99
84 99
0 85
86 99
89 99
0 91
92 99
93 99
97 99
0 98
0 1
0 10
3 99
7 99
0 42
0 54
65 6
66 6
90 6
0 2
0 4
8 99
16 6
6 99
20 13
22 13
26 14
30 13
0 33
34 13
35 14
36 14
37 14
40 13
13 99
49 14
0 52
53 14
56 14
58 14
15 99
63 14
70 14
