5
29
35
53
74
68
100
0 4
41 93
0 48
0 58
0 70
0 89
0 1
7 93
0 18
0 28
48 93
0 62
33 93
90 93
0 87
0 88
0 41
0 15
0 21
58 93
0 50
0 73
0 80
36 23
89 93
36 16
36 27
3 93
78 93
36 55
47 93
36 17
70 93
36 84
36 24
58 4
20 93
36 25
42 93
36 2
36 58
36 48
36 46
36 49
36 67
63 11
63 9
4 93
63 39
63 59
63 10
63 62
63 41
63 65
63 27
63 42
6 93
63 58
5 93
39 43
63 49
63 72
63 83
63 86
63 92
63 50
63 47
63 20
63 69
63 26
45 51
45 59
45 77
45 79
45 62
45 55
45 58
45 19
45 37
45 40
45 57
45 69
45 75
45 86
45 92
45 28
45 15
45 21
45 89
45 48
39 30
39 59
39 81
39 88
39 58
39 12
39 13
39 37
39 38
39 40
