0
94
7 91
2 59
2 86
75 13
46 99
3 50
87 59
14 30
2 7
1 10
4 7
18 37
8 7
90 10
13 7
18 7
34 7
92 98
16 7
24 17
14 22
10 30
24 32
2 1
34 51
2 41
58 33
33 7
10 7
16 28
60 7
4 54
17 19
45 32
2 5
18 39
92 80
1 20
4 55
19 7
67 7
4 5
28 7
17 54
79 5
8 76
35 7
1 12
80 7
56 12
35 22
15 57
40 42
21 70
0 2
6 44
83 42
73 19
1 11
3 2
36 11
25 14
17 46
24 29
17 27
1 48
2 62
94 2
27 20
1 15
1 21
0 81
21 2
95 82
31 18
21 63
14 2
9 2
14 78
9 4
38 17
14 23
14 26
4 2
4 1
4 6
17 13
72 45
93 53
10 66
82 54
88 23
68 59
69 30
