5
51
10
11
62
13
100
0 13
0 14
0 27
0 37
0 66
4 79
0 9
0 15
0 20
24 79
0 35
0 36
0 38
0 44
0 53
0 60
34 79
0 69
0 72
0 73
0 17
0 26
14 79
0 64
0 1
43 66
47 79
43 30
65 79
43 2
43 12
28 79
43 50
43 3
43 5
43 16
43 23
43 46
43 57
43 59
43 15
43 20
43 24
43 38
43 14
43 47
65 37
65 8
65 30
65 54
65 52
65 3
65 6
65 18
65 14
7 79
65 40
65 23
65 55
65 77
65 29
65 20
65 16
65 46
65 70
65 4
65 15
65 28
65 35
65 44
65 34
65 72
65 1
75 27
54 79
75 23
75 31
75 6
75 25
75 12
8 79
41 79
75 5
66 79
30 79
27 79
75 46
75 32
78 79
75 42
33 79
37 79
75 26
75 36
75 64
2 63
75 17
75 44
75 56
71 79
