5
43
3
47
15
58
100
0 59
64 79
0 1
0 14
16 2
0 17
21 2
0 32
0 40
0 54
0 61
70 13
0 76
64 2
0 16
0 21
28 79
64 44
67 79
64 20
25 59
5 79
70 22
11 2
64 32
24 13
70 54
34 48
8 79
0 70
64 73
75 10
64 28
10 79
75 13
48 79
75 44
52 50
64 70
4 2
64 25
40 59
75 32
5 2
37 44
11 29
40 13
10 2
11 26
42 59
13 79
11 36
75 35
11 60
38 2
63 44
11 50
11 73
54 44
60 59
11 61
52 37
75 5
6 44
70 73
75 65
11 9
52 57
4 30
11 12
55 61
18 2
69 2
52 68
42 20
27 61
53 24
75 38
11 28
52 56
60 22
45 8
52 70
36 2
71 8
55 37
40 39
48 50
53 50
67 2
72 59
74 2
75 60
59 79
53 73
4 39
44 79
13 2
54 22
33 2
