5
60
50
92
21
16
100
0 99
0 1
0 2
0 3
4 99
5 99
6 99
7 99
8 99
9 99
0 10
0 11
12 99
13 99
0 14
15 99
17 99
0 18
0 19
0 20
0 22
23 99
0 24
0 25
0 26
0 27
0 28
29 99
0 30
31 99
0 32
33 99
0 34
35 99
0 36
37 99
0 38
0 39
0 40
0 41
0 42
43 99
0 44
45 99
46 99
0 47
48 99
49 99
51 99
52 99
53 99
0 54
55 99
0 56
57 99
58 99
59 99
0 61
62 99
63 99
64 99
0 65
0 66
0 67
68 99
69 99
70 99
71 99
72 99
0 73
74 99
75 99
0 76
77 99
0 78
0 79
80 99
0 81
82 99
83 99
0 84
85 99
0 86
87 99
0 88
0 89
90 99
0 91
0 93
0 94
95 99
96 99
97 99
98 99
4 1
4 2
4 3
4 10
11 99
14 99
