0
100
0 99
1 99
2 99
0 3
0 6
0 7
0 8
9 99
0 11
0 12
0 13
0 14
15 99
0 17
18 99
19 99
0 21
0 22
0 23
25 99
0 26
0 27
28 99
0 29
0 30
31 99
0 32
0 33
34 99
0 35
0 36
0 37
0 39
40 99
0 41
0 42
0 43
44 99
45 99
46 99
48 99
49 99
50 99
52 99
54 99
55 99
0 56
0 57
58 99
59 99
60 99
0 62
0 63
64 99
65 99
0 67
0 68
69 99
0 70
71 99
0 72
0 73
0 75
0 77
78 99
0 81
0 82
0 83
0 84
85 99
88 99
0 89
91 99
92 99
0 93
94 99
0 96
97 99
0 98
3 99
0 1
2 4
0 2
4 99
9 5
6 99
9 7
8 99
9 11
12 99
13 99
9 14
9 17
9 20
9 21
9 22
9 23
9 26
9 27
29 99
