5
12
97
62
30
25
100
0 98
0 1
0 2
0 3
4 98
5 98
6 98
7 98
8 98
0 9
10 98
0 11
0 13
14 98
0 15
0 16
17 98
0 18
0 19
0 20
0 21
22 98
23 98
0 24
26 98
0 27
0 28
0 29
31 98
32 98
33 98
34 98
35 98
36 98
37 98
0 38
0 39
0 40
41 98
42 98
43 98
0 44
45 98
46 98
47 98
0 48
49 98
50 98
0 51
0 52
0 53
54 98
55 98
0 56
0 57
58 98
0 59
60 98
61 98
0 63
64 98
65 98
66 98
0 67
68 98
69 98
70 98
71 98
0 72
0 73
0 74
75 98
76 98
77 98
78 98
0 79
80 98
0 81
82 98
83 98
0 84
85 98
86 98
0 87
88 98
89 98
0 90
91 98
0 92
93 98
0 94
95 98
0 96
4 1
2 98
4 3
9 98
4 11
4 13
4 15
