0
100
0 99
0 2
11 99
16 99
22 99
23 99
0 24
0 37
39 99
0 50
0 52
0 59
0 61
0 68
69 99
71 99
0 73
0 76
0 83
0 87
0 88
91 99
0 93
98 99
1 2
7 99
12 99
1 17
1 19
1 24
1 28
1 29
34 99
1 37
1 50
55 99
59 99
1 65
1 66
1 70
1 72
1 73
78 99
3 2
6 2
0 9
1 86
1 88
3 4
3 28
3 38
3 61
3 67
3 72
73 99
11 2
16 2
22 2
2 99
10 24
0 11
0 23
3 76
77 99
47 24
0 53
3 83
3 92
0 3
17 99
0 6
10 15
10 19
10 25
10 37
10 43
10 61
10 65
10 66
10 67
68 99
70 99
0 54
10 72
76 99
57 24
71 24
74 24
0 81
10 83
16 4
16 15
16 25
16 28
0 16
0 20
0 22
0 27
0 35
0 39
