5
45
63
65
72
74
100
0 99
0 3
0 4
0 8
0 9
0 12
0 13
0 16
0 17
0 18
0 21
0 22
0 23
0 26
0 27
0 29
0 31
0 35
0 36
0 39
0 41
0 44
0 46
0 50
0 51
0 53
0 54
0 55
0 56
0 57
0 58
0 59
0 61
0 62
0 67
0 73
0 78
0 80
0 86
0 87
0 88
0 92
0 94
0 43
0 77
0 10
0 25
0 38
0 95
70 99
0 48
0 66
0 42
0 34
0 84
0 96
0 90
0 98
0 82
0 19
0 33
0 40
0 93
0 49
0 24
76 99
0 7
0 28
0 30
0 5
0 75
0 2
0 85
0 89
11 99
0 71
6 99
0 32
0 20
0 83
0 37
0 79
0 70
0 76
0 11
91 7
91 28
91 33
91 40
91 64
91 68
91 78
91 81
91 82
91 85
91 86
91 42
91 92
91 93
91 3
