5
60
1
27
26
13
100
0 99
0 91
75 99
0 8
0 45
0 49
63 99
70 99
0 29
0 20
3 91
54 41
96 76
92 79
74 2
4 98
92 76
79 99
86 2
0 66
80 76
76 99
10 99
41 99
3 42
54 22
0 96
4 20
16 91
74 55
62 91
58 91
95 98
33 98
57 55
91 99
23 99
2 99
19 71
65 82
16 98
71 98
74 82
19 82
87 82
48 98
57 45
3 89
54 15
63 10
92 25
15 20
5 20
68 20
45 20
4 21
57 90
3 7
35 82
65 95
97 98
49 82
90 20
89 20
95 20
4 14
54 69
71 10
16 10
79 10
19 25
4 75
25 10
65 31
74 90
19 58
54 8
93 20
31 10
65 7
35 20
19 43
57 62
12 2
70 75
86 84
55 20
3 47
17 83
87 18
65 84
76 10
21 20
33 55
19 18
14 20
32 75
87 11
63 8
65 93
