5
25
38
26
57
6
100
0 99
0 1
2 99
0 3
4 99
5 99
7 99
0 8
0 9
10 99
11 99
0 12
13 99
14 99
15 99
16 99
0 17
0 18
19 99
20 99
21 99
0 22
23 99
24 99
0 27
28 99
29 99
0 30
31 99
0 32
33 99
34 99
0 35
0 36
0 37
39 99
0 40
41 99
42 99
43 99
44 99
45 99
0 46
47 99
0 48
49 99
0 50
51 99
0 52
53 99
0 54
55 99
56 99
58 99
59 99
0 60
0 61
0 62
0 63
0 64
65 99
66 99
67 99
0 68
0 69
0 70
71 99
0 72
73 99
0 74
0 75
76 99
77 99
0 78
79 99
0 80
81 99
0 82
83 99
84 99
85 99
0 86
87 99
88 99
89 99
90 99
91 99
0 92
93 99
0 94
0 95
0 96
0 97
98 99
2 1
2 3
8 99
2 9
12 99
2 17
