0
100
0 49
0 10
0 26
46 25
46 27
46 34
8 99
46 50
66 45
66 34
81 76
39 88
39 10
34 6
23 88
23 47
94 17
94 90
44 86
44 62
44 1
44 45
55 93
98 99
55 61
56 49
56 95
57 58
57 93
57 20
74 48
57 1
77 54
78 83
22 79
22 53
87 54
85 78
85 25
85 50
64 69
64 13
3 5
3 65
3 31
95 51
95 13
95 80
95 67
8 15
45 79
86 75
86 1
96 63
70 77
70 41
40 21
82 59
40 98
35 59
40 69
93 25
43 16
82 35
7 78
5 73
82 29
82 77
91 53
69 47
5 41
43 27
43 30
11 28
11 6
98 58
75 52
75 49
30 87
30 15
63 87
28 47
28 74
6 37
2 18
2 7
2 58
77 7
13 4
53 27
53 74
19 76
19 37
19 72
62 74
47 76
42 78
35 68
35 21
79 12
