0
97
0 27
24 23
86 97
0 6
25 26
41 97
1 67
3 55
94 93
94 95
52 53
74 95
0 24
1 2
48 47
89 90
83 97
31 36
86 87
82 91
94 96
19 20
70 98
61 30
91 90
96 97
88 91
33 22
34 35
78 77
32 56
29 28
19 59
38 37
50 51
88 87
66 65
84 67
75 76
16 15
58 57
81 47
74 73
81 64
66 67
94 76
48 16
46 47
84 69
60 59
21 22
64 65
72 73
74 53
80 79
25 5
34 7
88 89
21 20
11 10
15 14
2 8
55 56
6 9
45 78
48 41
68 67
3 63
64 63
96 98
87 91
54 67
13 10
7 8
36 35
31 32
59 73
62 63
12 13
62 79
3 18
6 7
31 52
58 17
43 34
5 4
89 60
95 99
95 96
77 76
41 42
88 74
39 82
83 82
49 86
46 44
45 44
