0
100
25 81
44 81
17 81
25 21
48 81
0 36
65 81
24 67
33 72
23 75
0 25
29 21
0 56
67 81
29 79
49 21
0 62
0 33
0 41
12 72
23 7
21 81
2 55
3 79
78 81
0 20
0 49
12 75
24 12
29 5
29 27
22 75
23 15
23 47
29 45
36 75
23 37
54 55
0 23
75 81
60 79
65 55
24 63
55 81
24 53
29 63
24 2
15 79
24 5
20 16
74 79
25 79
38 12
29 48
61 1
10 79
24 66
29 71
11 79
76 27
12 79
67 1
24 23
16 79
37 79
46 14
61 21
29 60
14 72
30 79
24 54
16 72
24 38
34 72
43 72
20 53
24 4
41 1
66 77
76 30
29 67
3 33
29 46
65 53
29 80
63 72
76 47
29 3
65 64
65 70
65 77
78 79
30 72
27 79
10 42
76 2
41 9
65 11
52 72
76 6
