5
34
38
64
87
47
100
0 57
0 67
0 56
0 77
0 60
0 98
1 71
1 93
4 99
1 79
38 65
1 32
1 10
1 54
98 92
98 78
98 13
98 80
43 99
98 95
98 62
74 7
74 92
74 51
74 96
65 99
74 14
74 86
74 15
74 33
67 99
83 99
39 51
18 99
12 99
39 48
39 32
6 99
39 71
39 22
56 8
43 15
43 44
43 83
57 99
43 71
43 42
43 85
22 59
10 13
22 86
22 17
22 44
22 10
54 46
54 84
54 56
54 4
54 59
54 47
91 69
91 90
91 95
91 25
91 66
91 80
19 73
19 60
19 53
19 11
19 48
19 52
19 85
32 94
32 14
32 95
32 40
72 8
32 62
32 76
71 67
71 48
71 24
71 29
71 76
75 8
80 95
80 4
80 66
80 77
13 8
80 90
80 61
36 4
36 87
36 6
51 8
36 85
36 90
36 76
