0
98
0 99
1 99
0 98
0 2
1 2
2 4
3 5
21 19
97 99
25 95
62 4
18 19
96 98
6 4
93 95
17 19
21 20
43 19
57 55
48 47
49 47
27 29
28 29
87 91
23 50
89 91
90 92
25 59
31 29
0 23
1 3
26 28
57 58
25 27
23 24
90 91
33 31
42 44
32 31
6 12
36 38
71 53
36 37
41 43
42 62
80 78
9 56
14 16
90 56
13 15
14 15
42 41
35 33
85 38
80 79
82 81
84 83
83 81
82 80
34 32
9 11
34 6
7 8
7 9
20 93
76 50
54 52
46 44
53 51
8 10
49 48
87 89
38 37
76 78
75 77
77 78
68 66
63 62
61 62
63 61
70 68
69 67
65 63
65 64
24 26
93 92
70 69
94 96
85 83
10 70
73 71
10 11
73 72
75 74
73 74
67 66
12 13
12 11
