5
83
94
89
64
59
100
0 95
1 95
0 2
3 95
0 4
5 95
0 6
7 95
8 95
9 95
0 10
0 11
0 12
0 13
0 15
16 95
17 95
0 18
0 22
23 95
0 24
25 95
0 26
28 95
0 29
30 95
31 95
32 95
0 33
0 34
35 95
36 95
0 38
0 39
40 95
0 41
0 42
0 43
44 95
0 45
46 95
0 47
48 95
49 95
0 50
51 95
52 95
54 95
0 55
56 95
0 57
0 58
0 60
61 95
0 62
0 65
0 66
0 67
68 95
69 95
71 95
72 95
73 95
74 95
0 75
76 95
77 95
0 78
79 95
80 95
82 95
84 95
85 95
0 86
0 87
88 95
0 90
0 91
0 92
0 93
14 2
0 21
0 53
0 1
3 2
0 5
7 2
0 8
9 2
16 2
17 2
23 2
25 2
28 2
30 2
31 2
32 2
35 2
0 36
40 2
