5
41
6
20
23
87
100
0 99
0 1
2 99
3 99
4 99
5 99
0 7
8 99
0 9
0 10
11 99
0 12
13 99
14 99
15 99
16 99
0 17
0 18
0 19
0 21
22 99
24 99
25 99
0 26
0 27
28 99
0 29
0 30
0 31
32 99
0 33
34 99
35 99
36 99
0 37
38 99
0 39
40 99
0 42
0 43
0 44
0 45
46 99
47 99
0 48
0 49
0 50
0 51
0 52
0 53
54 99
55 99
0 56
0 57
58 99
59 99
60 99
0 61
0 62
63 99
0 64
65 99
0 66
0 67
68 99
0 69
0 70
0 71
0 72
0 73
74 99
75 99
76 99
0 77
0 78
0 79
0 80
0 81
82 99
83 99
84 99
85 99
0 86
88 99
89 99
0 90
0 91
0 92
93 99
94 99
0 95
0 96
97 99
0 98
0 2
3 1
0 4
5 1
0 8
11 1
