0
100
54 99
0 64
66 99
67 99
80 99
0 89
10 8
12 8
36 99
11 99
10 13
0 26
21 99
32 99
57 38
48 99
49 99
12 55
63 99
17 70
88 99
93 99
0 10
0 53
34 8
13 99
85 15
35 55
57 70
12 64
85 89
0 43
0 98
34 64
65 2
0 54
66 5
67 1
80 20
23 1
33 38
55 99
35 1
5 74
18 38
9 15
9 70
65 22
66 19
19 89
80 24
23 33
56 38
17 6
35 20
57 10
0 12
0 85
34 10
65 29
0 66
20 89
29 38
23 39
14 73
17 40
0 35
57 21
34 24
31 15
67 24
80 39
23 40
45 38
17 43
0 57
17 11
89 99
0 65
23 42
78 38
40 8
14 78
26 70
33 64
17 46
62 38
17 47
17 81
61 70
53 64
14 50
17 50
67 20
80 77
76 64
67 63
17 62
90 15
17 98
