0
100
0 95
0 1
0 2
0 3
4 95
5 95
0 6
7 95
8 95
9 95
0 10
0 11
12 95
13 95
0 14
15 95
0 16
0 17
18 95
19 95
0 20
0 21
22 95
23 95
24 95
0 25
26 95
27 95
0 28
0 29
0 30
0 31
0 32
0 33
34 95
0 35
36 95
37 95
38 95
39 95
40 95
0 41
0 42
43 95
0 44
45 95
46 95
0 47
48 95
49 95
50 95
0 51
0 52
53 95
54 95
0 55
56 95
0 57
58 95
59 95
0 60
0 61
0 62
63 95
0 64
0 65
0 66
0 67
0 68
69 95
0 70
71 95
72 95
73 95
0 74
0 75
76 95
0 77
78 95
0 79
0 80
0 81
0 82
83 95
84 95
0 85
86 95
87 95
88 95
89 95
90 95
91 95
92 95
0 93
0 94
1 95
2 95
0 4
5 3
0 7
