5
58
57
45
10
17
100
0 59
0 26
0 22
0 40
0 35
25 22
25 29
38 59
25 32
25 35
25 56
25 11
44 29
44 23
16 49
44 57
10 59
30 49
1 49
44 54
44 37
35 32
35 11
35 23
35 1
19 58
19 38
19 30
19 32
19 11
48 42
48 58
43 45
43 10
43 8
49 59
52 59
43 1
43 13
43 56
43 57
41 5
41 23
41 46
26 20
41 27
41 22
41 24
32 17
32 54
34 16
34 45
34 3
52 36
52 21
52 28
52 45
22 29
52 22
4 22
9 55
16 15
47 5
47 54
47 22
47 16
47 6
47 18
11 38
11 45
11 22
18 56
18 22
6 45
6 42
46 33
46 54
46 56
22 58
22 39
22 50
22 51
55 58
55 2
55 16
50 40
50 21
53 57
33 20
24 37
24 16
28 7
28 31
28 13
28 49
26 51
10 20
21 17
21 45
21 42
