5
8
55
81
32
50
100
0 12
61 34
11 78
86 31
31 99
86 38
0 13
17 99
76 99
56 99
61 22
11 75
94 22
23 78
34 99
38 99
61 72
0 86
97 12
38 78
4 10
94 4
15 72
0 11
10 1
90 65
84 37
97 80
61 68
94 29
26 42
97 87
69 72
31 59
71 54
23 72
84 59
14 37
51 67
79 45
90 7
21 5
90 25
15 80
90 13
44 7
74 56
21 56
15 59
64 19
10 72
60 16
26 12
96 5
12 58
88 40
21 46
15 18
84 20
68 37
27 1
5 78
22 58
30 59
49 56
17 65
72 1
0 61
10 62
80 42
89 17
9 86
71 79
97 79
56 1
41 75
62 58
44 18
97 51
0 71
60 14
31 52
5 58
41 24
60 85
80 7
90 30
34 92
22 19
57 14
66 4
7 58
28 45
67 37
0 94
9 91
22 45
89 86
75 45
23 59
