5
83
25
27
69
12
100
0 1
0 2
14 24
76 86
0 8
0 10
0 3
0 5
0 6
0 7
0 9
4 13
4 14
4 15
91 99
4 17
93 99
4 19
24 35
4 11
4 16
4 18
86 90
20 24
20 26
28 34
20 28
20 29
20 30
20 23
20 21
20 22
20 1
20 2
20 5
20 6
20 7
20 8
20 9
20 10
47 55
3 14
56 67
3 16
3 17
3 18
3 19
3 11
3 13
15 29
15 28
15 30
23 33
95 99
82 96
15 24
98 99
15 23
15 21
15 26
54 61
15 22
15 1
76 84
15 5
96 99
15 7
15 8
15 9
15 10
15 2
72 87
6 18
6 19
6 11
6 13
6 14
6 16
17 28
66 80
17 30
17 21
17 22
81 90
17 26
47 51
97 99
17 23
54 63
17 29
55 63
92 99
17 24
17 1
17 2
90 99
17 7
17 8
17 9
17 10
