0
100
0 93
0 1
0 2
0 3
4 93
5 93
0 6
0 7
0 8
9 93
0 10
11 93
0 12
0 13
0 14
15 93
0 16
0 17
18 93
0 19
0 20
21 93
0 22
0 23
24 93
0 25
0 26
27 93
28 93
0 29
30 93
31 93
0 32
0 33
34 93
35 93
0 36
37 93
0 38
39 93
0 40
0 41
42 93
43 93
0 44
45 93
46 93
47 93
48 93
0 49
50 93
51 93
0 52
0 53
0 54
0 55
0 56
57 93
0 58
59 93
0 60
0 61
0 62
0 63
0 64
0 65
0 66
0 67
68 93
69 93
70 93
71 93
0 72
73 93
74 93
0 75
0 76
77 93
78 93
79 93
80 93
81 93
82 93
0 83
84 93
85 93
0 86
87 93
88 93
0 89
90 93
91 93
92 93
4 1
4 2
4 3
4 6
4 7
4 8
10 93
