5
57
54
47
20
16
100
0 6
0 40
0 45
47 95
0 63
81 95
0 48
24 95
0 4
0 11
0 15
0 30
0 31
0 36
0 49
42 95
0 58
0 60
0 62
0 75
0 80
0 91
0 93
0 81
0 1
0 56
68 23
68 38
68 39
68 21
68 26
68 28
68 61
83 95
68 69
68 70
68 72
68 78
68 87
68 4
68 36
68 49
68 60
68 91
68 1
68 7
66 38
66 45
14 95
66 35
66 86
66 43
66 18
66 46
66 84
66 48
66 34
39 95
66 51
66 94
66 61
45 95
62 32
66 62
66 58
66 36
66 31
66 21
66 83
66 69
66 70
66 4
66 49
66 60
66 12
66 15
80 40
80 3
80 2
80 19
80 8
80 34
80 65
80 25
80 81
80 76
23 95
80 71
80 52
80 84
80 48
80 11
80 26
80 28
32 95
80 70
64 95
80 35
80 45
80 69
