5
51
56
58
59
61
100
50 99
62 99
68 99
72 99
73 99
74 99
76 99
78 99
79 99
80 99
81 99
82 99
83 99
86 99
88 99
90 99
91 99
92 99
93 99
98 99
67 99
85 99
65 99
94 99
75 99
52 99
54 99
70 99
55 99
77 99
57 99
62 89
66 89
68 89
69 89
72 89
74 89
76 89
78 89
79 89
80 89
81 89
82 89
83 89
84 89
85 89
86 89
88 89
98 89
53 89
67 89
73 89
95 89
60 89
91 89
94 89
90 89
93 89
92 89
97 89
54 89
77 89
96 89
57 89
52 89
65 70
69 70
74 70
71 70
91 70
78 70
98 70
84 70
75 70
80 70
88 70
81 70
67 70
94 70
93 70
64 70
53 70
90 70
60 70
86 70
73 70
72 70
76 70
79 70
82 70
83 70
85 70
92 70
95 70
62 70
55 70
52 70
68 77
69 77
73 77
