5
49
50
51
48
41
100
46 52
47 52
44 45
42 45
40 43
39 43
38 43
37 43
46 43
42 47
39 44
40 44
38 44
37 44
38 42
39 42
37 42
34 40
33 40
35 40
32 36
29 36
30 36
31 36
39 36
38 36
34 37
33 37
29 35
31 35
32 35
30 35
39 35
34 38
29 33
31 33
30 33
32 33
31 34
32 34
30 34
25 29
27 29
28 29
21 26
24 26
22 26
23 26
32 26
31 26
28 30
25 30
24 27
21 27
23 27
22 27
31 27
25 32
24 28
23 28
22 28
21 28
24 25
21 25
23 25
18 22
19 22
20 22
13 17
14 17
16 17
15 17
23 17
21 17
20 24
18 24
13 19
15 19
16 19
14 19
23 19
18 21
14 20
15 20
16 20
13 20
15 18
13 18
16 18
11 14
10 14
12 14
5 9
8 9
6 9
7 9
16 9
13 9
12 15
11 15
