5
27
7
83
12
21
100
0 16
0 18
24 97
31 97
53 97
0 62
91 97
0 96
1 97
5 3
5 9
10 97
5 15
5 25
5 32
33 97
11 37
13 40
42 97
44 97
5 47
5 48
51 97
59 97
11 61
5 66
76 97
88 97
90 97
0 5
11 18
11 62
11 96
11 3
11 9
13 15
11 25
0 13
19 37
40 97
0 17
53 48
0 38
26 66
19 16
18 97
0 56
26 96
3 97
31 9
19 15
41 25
26 32
26 37
47 97
58 48
53 61
0 36
0 31
58 62
0 43
0 74
15 97
46 25
0 46
53 37
68 48
68 61
53 66
53 16
62 97
96 97
91 9
0 89
53 32
68 37
48 97
61 97
0 69
58 16
0 92
58 32
93 37
75 66
0 79
9 97
94 37
0 93
94 16
95 37
94 66
16 97
95 66
4 25
82 97
6 32
26 10
41 3
2 32
10 37
