0
100
0 99
1 99
2 99
0 3
0 4
0 5
0 6
0 7
8 99
0 9
10 99
0 11
0 12
13 99
0 14
0 15
0 16
17 99
18 99
0 19
20 99
21 99
0 22
23 99
0 24
25 99
0 26
0 27
28 99
0 29
0 30
0 31
0 32
33 99
34 99
0 35
36 99
37 99
0 38
39 99
0 40
0 41
0 42
43 99
0 44
0 45
46 99
47 99
48 99
0 49
50 99
0 51
52 99
0 53
54 99
0 55
56 99
0 57
58 99
0 59
60 99
0 61
0 62
0 63
64 99
65 99
0 66
67 99
68 99
69 99
0 70
71 99
0 72
73 99
74 99
0 75
0 76
0 77
78 99
0 79
80 99
0 81
0 82
83 99
0 84
0 85
86 99
0 87
0 88
89 99
90 99
0 91
0 92
0 93
0 94
95 99
0 96
97 99
98 99
0 1
