0
100
0 59
0 32
87 99
88 99
64 1
98 99
83 99
40 99
74 49
54 1
80 85
17 59
64 5
52 85
10 51
59 99
30 2
22 45
74 46
54 73
6 61
69 85
29 12
51 85
87 45
14 45
11 1
16 71
97 45
26 61
1 45
6 33
48 61
8 61
16 48
97 61
77 33
63 89
24 65
70 33
16 24
15 56
53 4
0 16
7 33
32 56
87 13
10 38
48 73
63 55
12 67
0 43
83 33
66 56
95 33
10 55
32 94
30 41
4 33
13 33
77 67
96 94
75 67
87 67
0 30
29 52
10 42
63 75
64 82
10 41
94 33
89 33
1 56
4 35
26 8
24 33
84 22
3 9
29 3
15 13
48 76
37 35
41 55
16 20
63 91
69 73
74 16
59 35
27 38
50 67
66 76
41 52
44 55
79 67
74 91
82 73
76 56
9 67
88 55
92 13
