0
100
0 3
85 86
3 87
46 13
82 87
77 78
39 40
67 99
74 99
72 51
78 99
97 98
77 73
1 85
97 87
56 9
9 87
94 87
1 2
1 39
67 75
14 13
18 17
55 33
47 48
38 33
46 68
54 53
55 18
47 38
14 15
47 14
66 13
46 59
42 36
52 51
22 21
4 10
74 73
70 16
4 5
16 17
40 17
56 39
9 10
43 38
23 37
56 4
74 75
43 61
60 61
45 44
61 62
69 70
72 73
11 10
57 61
88 87
67 20
6 5
29 92
69 6
58 59
90 91
24 20
50 51
62 76
27 77
32 33
31 18
31 85
29 78
23 22
50 73
50 86
23 2
38 37
63 97
31 32
9 8
9 4
67 66
25 48
24 74
69 59
65 66
66 61
64 63
30 60
89 25
40 22
27 26
28 64
65 64
27 64
31 64
43 42
71 83
38 39
71 85
