5
26
1
88
40
63
100
2 99
0 4
0 95
49 99
0 3
0 14
0 48
0 85
32 94
32 58
32 36
95 1
89 40
95 43
95 67
95 53
95 23
27 40
95 59
57 45
57 7
57 79
96 44
96 38
27 43
27 80
61 34
61 12
61 21
66 60
66 79
66 67
29 55
70 31
29 50
70 45
14 19
40 99
14 90
14 89
14 53
14 98
14 2
14 21
84 8
12 16
84 36
86 23
86 41
68 73
5 93
38 16
56 12
34 68
34 59
34 5
38 80
87 35
76 16
93 35
38 7
38 23
16 35
90 64
90 58
90 76
90 6
42 60
55 97
42 4
42 58
42 49
97 73
48 73
42 12
78 31
78 72
78 94
78 69
25 51
76 46
76 31
76 94
54 71
54 19
54 80
54 25
54 16
54 93
54 15
85 79
85 37
89 62
85 81
83 43
83 28
83 81
23 94
89 59
89 10
