5
11
26
19
23
20
100
0 1
50 56
89 90
41 44
2 3
2 1
4 5
4 6
4 3
28 30
12 13
5 8
7 8
83 86
63 66
16 21
23 29
12 15
64 66
30 35
18 22
24 28
66 71
1 6
9 8
1 7
86 87
5 6
5 10
5 7
9 10
6 8
9 7
34 35
87 92
87 90
93 96
33 35
30 36
91 90
1 5
91 92
6 10
12 16
12 17
13 18
14 15
14 16
17 18
13 15
13 16
17 15
16 18
21 24
22 24
25 27
24 29
27 28
29 33
29 31
32 33
29 28
29 34
29 30
32 31
32 34
32 30
28 33
31 33
30 33
36 41
36 39
36 37
36 38
36 40
35 41
35 39
35 37
35 38
40 41
40 42
40 39
40 37
38 41
42 43
38 39
38 37
42 41
42 39
37 41
39 43
41 45
43 46
43 47
43 44
45 50
45 46
45 47
45 48
45 49
