0
96
94 99
0 3
15 37
0 98
50 99
0 91
53 25
11 68
96 52
86 99
15 8
70 56
0 15
29 20
69 98
77 3
38 99
26 4
7 1
79 99
29 97
30 84
22 59
81 10
37 65
29 69
9 87
66 83
30 14
30 97
27 62
87 72
19 98
7 4
58 59
65 74
95 74
1 72
27 28
73 95
93 88
91 10
78 68
26 66
15 55
82 88
72 68
98 89
90 53
94 97
63 42
8 16
8 35
37 82
45 86
94 96
28 40
36 23
2 34
3 5
14 40
47 49
12 60
46 6
62 23
49 1
5 53
43 6
84 24
45 76
16 76
42 43
37 3
93 83
20 31
96 71
8 11
37 56
87 75
56 93
58 39
44 84
64 84
82 48
18 13
63 33
17 42
46 58
80 58
20 73
81 62
48 75
17 21
57 27
38 9
62 54
