5
58
52
96
4
66
100
0 99
1 99
0 2
3 99
0 5
0 6
0 7
0 8
9 99
10 99
11 99
0 12
13 99
14 99
15 99
0 16
0 17
18 99
0 19
0 20
0 21
0 22
23 99
24 99
25 99
0 26
27 99
28 99
29 99
30 99
31 99
0 32
33 99
34 99
0 35
0 36
37 99
38 99
0 39
0 40
41 99
42 99
43 99
0 44
45 99
46 99
0 47
0 48
0 49
0 50
51 99
53 99
0 54
0 55
0 56
0 57
59 99
60 99
0 61
0 62
63 99
0 64
65 99
67 99
0 68
0 69
0 70
71 99
72 99
73 99
0 74
0 75
76 99
77 99
0 78
0 79
0 80
0 81
82 99
83 99
0 84
85 99
0 86
87 99
88 99
0 89
90 99
0 91
0 92
93 99
94 99
0 95
97 99
98 99
1 2
1 5
6 99
1 7
8 99
1 12
