5
60
28
29
72
57
100
82 99
27 99
58 64
69 64
63 64
34 64
88 64
62 64
33 64
97 64
58 32
96 32
65 32
88 32
89 32
95 32
62 32
59 74
77 74
65 74
18 74
19 74
22 74
36 74
93 74
85 74
27 74
33 74
71 79
44 79
96 18
95 18
45 18
4 18
51 18
27 18
59 71
89 71
15 71
24 71
66 71
30 71
4 71
78 71
77 42
14 42
11 42
34 42
88 42
53 42
2 42
89 54
73 54
48 54
49 54
19 54
62 54
36 54
47 54
35 92
41 92
73 92
77 92
58 49
35 49
5 49
86 49
4 49
82 49
17 2
75 2
63 2
7 2
44 2
20 2
82 2
51 2
8 23
21 89
84 89
40 89
51 89
30 89
52 89
4 89
34 85
95 85
98 85
7 85
45 22
48 22
17 22
34 22
40 22
88 22
15 22
34 30
95 30
13 30
63 30
