5
66
4
42
56
73
100
0 89
32 65
33 65
37 65
53 65
18 65
9 65
23 88
32 88
68 88
71 88
6 88
67 88
11 50
36 50
44 50
52 50
53 50
58 50
60 50
1 2
52 2
55 2
76 2
54 2
5 14
10 14
37 14
52 14
53 14
84 14
20 75
23 75
37 75
43 75
54 75
20 38
31 38
46 38
48 38
53 38
57 38
77 38
8 87
23 87
24 87
36 87
43 87
76 87
59 87
17 3
20 3
24 3
30 3
60 3
34 3
67 3
62 3
15 70
57 70
18 70
62 70
15 22
32 22
36 22
39 22
68 22
57 67
64 67
8 67
86 45
35 45
16 45
25 52
27 52
7 52
5 52
15 52
23 52
24 52
43 52
48 52
72 52
79 52
36 18
49 18
68 18
69 18
77 18
1 18
81 9
31 9
23 9
33 9
36 9
37 9
46 9
64 9
72 9
10 9
