0
100
0 90
0 2
0 3
4 90
0 5
6 90
9 90
0 11
12 90
0 13
14 90
18 90
0 19
21 90
0 23
0 25
28 90
30 90
31 90
32 90
34 90
35 90
0 36
38 90
0 39
0 42
0 43
45 90
46 90
49 90
51 90
54 90
0 56
58 90
61 90
0 62
0 64
65 90
67 90
0 68
0 69
70 90
0 73
74 90
0 76
0 77
0 78
0 79
80 90
81 90
0 82
0 85
86 90
87 90
89 90
4 1
4 7
4 8
0 4
6 15
16 90
6 22
27 90
6 40
6 41
12 48
6 50
9 52
6 60
71 90
72 90
6 88
2 90
6 3
6 5
6 11
6 13
6 19
6 23
6 25
6 36
6 39
6 42
6 43
6 56
6 62
6 64
68 90
69 90
6 73
76 90
6 77
78 90
79 90
12 82
6 85
12 1
6 7
8 90
6 10
