0
100
0 95
1 95
0 2
3 95
0 4
0 5
6 95
7 95
8 95
0 9
0 10
11 95
12 95
13 95
0 14
0 15
16 95
17 95
0 18
0 19
0 20
21 95
0 22
23 95
24 95
25 95
26 95
0 27
28 95
29 95
30 95
0 31
32 95
0 33
0 34
35 95
36 95
0 37
38 95
0 39
40 95
41 95
42 95
43 95
0 44
45 95
46 95
0 47
0 48
49 95
0 50
51 95
52 95
0 53
0 54
55 95
0 56
57 95
0 58
0 59
60 95
0 61
0 62
0 63
64 95
65 95
66 95
67 95
68 95
69 95
70 95
71 95
0 72
73 95
0 74
75 95
0 76
0 77
0 78
0 79
0 80
81 95
0 82
0 83
0 84
85 95
0 86
0 87
0 88
89 95
90 95
91 95
0 92
0 93
94 95
1 2
0 3
6 2
7 2
0 8
