0
100
0 96
1 96
2 96
0 3
0 4
5 96
6 96
0 7
8 96
0 9
10 96
11 96
0 12
0 13
14 96
15 96
16 96
17 96
0 18
0 19
0 20
21 96
0 22
0 23
24 96
0 25
0 26
0 27
28 96
0 29
0 30
0 31
0 32
33 96
34 96
0 35
0 36
37 96
0 38
0 39
0 40
0 41
0 42
0 43
0 44
0 45
46 96
47 96
0 48
49 96
0 50
0 51
52 96
53 96
0 54
0 55
56 96
0 57
58 96
0 59
60 96
61 96
0 62
63 96
64 96
65 96
0 66
67 96
0 68
69 96
70 96
71 96
0 72
73 96
0 74
75 96
0 76
77 96
78 96
79 96
80 96
0 81
0 82
0 83
84 96
85 96
86 96
0 87
88 96
89 96
90 96
91 96
92 96
0 93
0 94
95 96
1 3
1 4
1 7
1 9
