0
100
46 98
7 48
0 49
44 98
0 3
0 4
5 18
0 6
9 20
19 40
11 48
39 20
20 47
69 20
79 20
43 98
29 40
7 32
2 18
0 5
9 30
19 30
0 24
26 45
59 30
69 30
79 30
89 30
29 30
0 7
15 48
9 40
22 45
39 30
59 40
69 40
79 40
89 40
29 42
36 48
39 40
46 48
86 48
29 46
9 36
0 74
6 28
10 44
10 14
34 45
61 48
10 64
39 10
10 84
52 18
2 12
16 18
13 48
6 38
26 8
89 20
42 47
21 38
26 43
29 20
26 68
57 48
26 70
16 78
6 63
2 37
6 88
39 12
59 20
92 8
19 20
16 28
62 28
32 48
66 18
25 28
76 8
36 47
19 22
2 33
26 18
96 38
72 38
2 35
44 48
82 48
41 18
44 47
72 42
75 28
19 72
2 83
2 85
2 87
91 18
