0
95
81 47
55 99
42 23
19 99
53 83
42 59
84 8
18 56
57 45
13 27
73 65
22 54
78 34
0 18
13 68
49 61
57 93
45 47
90 12
31 33
36 24
44 75
60 46
63 61
51 55
78 77
22 88
62 85
56 91
35 9
43 30
17 69
30 92
16 83
25 6
62 38
58 10
17 20
45 91
6 66
64 89
87 68
35 94
82 21
42 90
41 20
41 76
63 74
58 25
63 72
26 8
26 39
13 51
7 78
36 37
9 54
53 74
34 95
62 32
87 11
6 80
3 52
14 93
15 1
48 79
9 15
67 96
68 70
29 54
69 92
86 1
86 92
14 48
50 40
33 96
55 69
19 66
94 85
50 11
79 52
71 75
29 24
61 40
93 79
16 15
77 40
89 59
89 88
5 27
46 65
87 76
76 28
3 38
97 67
10 60
