5
91
60
50
53
55
100
77 95
0 63
0 33
0 49
0 75
0 73
0 36
0 78
0 21
0 77
30 3
30 98
30 75
30 49
30 73
30 36
30 78
30 21
77 76
77 63
77 33
77 49
77 75
77 73
36 96
36 92
36 3
36 33
36 75
36 49
73 63
73 33
73 78
73 75
73 21
49 63
49 33
49 78
49 75
21 63
21 40
21 8
21 98
21 78
9 72
9 22
9 54
53 91
9 58
9 44
9 3
9 8
9 98
79 23
79 74
79 57
79 92
79 88
79 72
79 22
79 54
8 48
8 40
8 78
8 54
8 72
8 44
98 40
98 63
98 22
98 72
98 54
44 58
44 72
44 54
11 5
44 40
44 48
44 87
16 34
16 4
16 84
16 25
16 24
16 27
16 17
16 48
87 58
87 4
87 25
37 5
87 24
87 27
87 71
50 20
66 76
66 95
66 17
66 84
66 71
