0
100
40 89
0 43
0 71
86 89
0 4
1 89
18 16
22 16
37 16
16 89
19 89
27 89
28 89
7 32
18 32
22 32
61 32
0 86
0 88
7 35
61 35
50 39
0 60
66 39
24 43
61 43
0 78
0 79
13 44
44 89
54 89
6 59
50 59
63 59
66 59
18 62
62 89
64 89
22 70
37 70
0 22
40 71
0 61
81 89
87 89
6 8
0 6
3 39
3 70
7 5
7 9
7 12
0 7
9 32
9 71
13 10
13 12
35 89
43 89
14 71
13 15
13 27
13 34
53 59
70 89
55 32
55 39
55 59
55 71
58 39
13 65
13 67
13 85
13 87
13 88
0 18
0 21
24 10
24 17
24 29
24 30
24 38
52 39
24 52
65 32
0 24
2 32
37 11
37 26
59 89
29 71
37 34
36 32
37 36
37 46
37 56
37 67
37 77
37 83
37 86
