0
100
0 90
1 90
2 90
3 90
0 4
0 5
6 90
0 7
0 8
9 90
10 90
11 90
12 90
0 13
14 90
15 90
0 16
0 17
0 18
0 19
20 90
0 21
0 22
0 23
24 90
0 25
26 90
27 90
28 90
0 29
0 30
31 90
0 32
33 90
0 34
0 35
0 36
0 37
0 38
39 90
0 40
0 41
0 42
43 90
0 44
0 45
46 90
47 90
48 90
49 90
50 90
51 90
52 90
53 90
54 90
55 90
0 56
57 90
0 58
59 90
60 90
0 61
62 90
63 90
64 90
0 65
0 66
67 90
68 90
0 69
70 90
0 71
72 90
73 90
74 90
75 90
0 76
77 90
78 90
79 90
80 90
0 81
82 90
0 83
84 90
0 85
86 90
0 87
88 90
0 89
4 90
5 90
0 1
2 7
0 3
6 7
9 7
0 10
11 7
12 7
