5
60
41
47
45
63
100
0 95
1 95
2 95
0 3
4 95
5 95
6 95
7 95
0 8
9 95
10 95
11 95
0 12
0 13
0 14
0 15
0 16
17 95
18 95
19 95
0 20
0 21
22 95
23 95
0 24
0 25
0 26
27 95
28 95
0 29
30 95
0 31
0 32
0 33
34 95
35 95
36 95
37 95
38 95
0 39
0 40
0 42
43 95
44 95
0 46
0 48
49 95
0 50
51 95
0 52
0 53
0 54
0 55
0 56
0 57
0 58
59 95
61 95
62 95
64 95
65 95
66 95
0 67
68 95
0 69
0 70
71 95
0 72
0 73
0 74
75 95
0 76
77 95
78 95
79 95
80 95
0 81
0 82
83 95
84 95
0 85
86 95
0 87
0 88
89 95
90 95
0 91
92 95
93 95
94 95
3 95
1 8
1 12
1 13
1 14
15 95
16 95
1 20
1 21
24 95
