0
100
22 26
34 39
84 87
26 32
27 29
21 23
24 27
21 25
28 29
91 96
91 97
21 24
36 40
0 16
41 43
43 59
85 93
93 96
88 93
33 37
94 95
30 35
94 97
35 39
33 34
35 40
88 89
89 98
86 90
30 37
90 97
88 90
86 91
37 40
34 40
38 43
84 85
0 5
0 1
11 12
14 21
86 89
88 92
93 98
31 36
43 48
43 44
54 55
57 64
27 32
30 34
91 98
93 95
27 30
42 43
92 98
28 33
96 99
22 28
94 98
92 95
27 31
91 95
67 84
68 70
68 76
68 66
67 77
78 84
69 80
81 84
68 75
83 84
68 82
67 74
68 69
73 71
79 72
86 93
36 39
23 28
25 28
29 37
23 26
25 26
41 37
38 37
33 26
35 31
32 37
80 84
92 97
90 98
87 89
89 97
90 95
87 93
96 89
94 85
92 85
