5
35
98
97
96
95
100
0 99
1 99
0 2
3 99
4 99
5 99
0 6
0 7
0 8
9 99
10 99
11 99
0 12
0 13
14 99
0 15
16 99
17 99
18 99
19 99
0 20
21 99
0 22
23 99
0 24
25 99
0 26
0 27
28 99
0 29
30 99
31 99
0 32
0 33
0 34
36 99
37 99
38 99
0 39
0 40
41 99
0 42
43 99
44 99
45 99
0 46
0 47
0 48
49 99
0 50
51 99
0 52
53 99
0 54
55 99
56 99
0 57
58 99
0 59
0 60
61 99
0 62
63 99
64 99
0 65
66 99
0 67
0 68
0 69
70 99
0 71
72 99
73 99
74 99
0 75
0 76
0 77
78 99
0 79
0 80
81 99
0 82
0 83
0 84
85 99
86 99
0 87
88 99
89 99
90 99
91 99
0 92
93 99
0 94
0 1
3 6
0 3
4 8
12 99
4 13
