0
100
0 93
0 8
0 17
35 93
41 93
0 43
0 46
0 52
0 57
65 93
70 93
0 11
14 8
22 2
23 1
1 93
25 8
36 2
40 4
0 42
0 48
0 54
4 93
18 93
71 8
0 76
46 93
80 8
2 93
20 93
90 8
35 12
41 50
65 26
70 12
14 29
22 12
23 8
24 17
0 25
36 26
40 17
0 61
0 64
71 12
0 78
80 12
0 83
26 93
90 12
0 35
41 52
32 93
70 17
57 93
0 22
0 23
0 24
36 29
51 93
71 29
80 17
85 43
90 43
56 93
0 65
70 29
14 67
86 93
0 40
71 77
0 80
85 53
90 62
41 75
70 43
81 93
71 87
62 93
90 67
70 52
89 93
75 93
90 92
70 87
14 92
85 77
70 92
85 87
41 5
3 12
90 7
2 50
0 71
53 93
3 43
2 67
2 52
0 90
14 6
