5
17
98
97
96
95
100
0 99
0 1
0 2
0 3
4 99
5 99
0 6
7 99
8 99
0 9
0 10
0 11
12 99
0 13
0 14
0 15
0 16
0 18
19 99
20 99
21 99
0 22
0 23
24 99
25 99
26 99
0 27
28 99
0 29
0 30
0 31
32 99
33 99
0 34
0 35
36 99
0 37
38 99
39 99
40 99
0 41
42 99
0 43
0 44
45 99
0 46
47 99
0 48
49 99
50 99
0 51
0 52
0 53
0 54
55 99
0 56
57 99
58 99
59 99
60 99
0 61
62 99
0 63
0 64
0 65
66 99
0 67
0 68
0 69
70 99
71 99
72 99
73 99
0 74
75 99
0 76
0 77
0 78
79 99
0 80
81 99
0 82
0 83
84 99
0 85
86 99
87 99
0 88
89 99
0 90
91 99
92 99
93 99
94 99
4 1
5 1
7 1
1 99
2 99
3 99
