5
53
59
4
30
36
100
0 52
15 99
0 58
29 99
0 83
91 4
0 25
0 91
0 37
0 6
0 76
0 75
26 5
26 20
26 68
26 37
26 69
26 12
26 80
76 18
76 43
76 84
76 29
76 71
76 65
76 48
94 9
94 81
94 82
94 65
94 23
1 42
1 12
3 99
1 66
1 86
7 99
1 45
1 88
38 99
72 68
72 23
62 99
72 86
72 65
72 35
72 81
73 90
14 50
88 68
73 79
96 99
52 99
50 99
88 92
41 90
88 60
88 73
21 67
21 45
79 90
32 57
21 6
21 18
21 17
64 47
39 47
97 47
21 41
21 54
32 78
32 87
32 64
32 19
24 47
86 47
83 3
42 47
48 47
50 47
57 47
83 63
83 55
83 8
3 11
83 69
83 14
83 98
83 41
83 38
83 60
7 56
7 91
7 50
7 54
7 55
7 81
7 14
7 73
7 29
