0
100
0 99
1 99
2 99
0 3
4 99
0 5
6 99
0 7
0 8
0 9
0 10
11 99
12 99
13 99
0 14
0 15
16 99
0 17
0 18
19 99
20 99
21 99
22 99
23 99
0 24
25 99
26 99
27 99
0 28
0 29
0 30
0 31
32 99
33 99
34 99
0 35
36 99
37 99
38 99
0 39
40 99
0 41
0 42
43 99
0 44
45 99
0 46
0 47
0 48
49 99
0 50
0 51
0 52
53 99
54 99
0 55
56 99
0 57
0 58
0 59
60 99
61 99
62 99
63 99
64 99
0 65
0 66
0 67
68 99
0 69
0 70
71 99
0 72
73 99
74 99
75 99
0 76
0 77
0 78
0 79
80 99
0 81
82 99
83 99
0 84
85 99
0 86
0 87
0 88
89 99
0 90
0 91
92 99
93 99
94 99
95 99
96 99
97 99
98 99
3 99
