0
100
0 94
0 1
0 2
3 94
0 4
5 94
0 6
0 7
8 94
0 9
10 94
0 11
12 94
13 94
0 14
15 94
16 94
0 17
0 18
0 19
20 94
0 21
0 22
23 94
24 94
0 25
26 94
27 94
0 28
0 29
30 94
31 94
32 94
0 33
0 34
0 35
0 36
0 37
0 38
39 94
0 40
41 94
0 42
0 43
44 94
0 45
46 94
47 94
0 48
0 49
50 94
51 94
0 52
53 94
0 54
0 55
0 56
57 94
0 58
59 94
0 60
61 94
62 94
63 94
64 94
65 94
0 66
0 67
0 68
0 69
0 70
0 71
0 72
73 94
74 94
0 75
0 76
77 94
78 94
0 79
0 80
81 94
82 94
0 83
84 94
85 94
0 86
87 94
88 94
89 94
0 90
91 94
0 92
93 94
0 3
5 1
5 2
5 4
5 6
5 7
