5
34
98
97
96
95
100
0 99
0 1
0 2
3 99
0 4
5 99
6 99
0 7
8 99
9 99
0 10
11 99
0 12
0 13
0 14
0 15
16 99
0 17
18 99
0 19
20 99
21 99
22 99
23 99
0 24
25 99
26 99
27 99
28 99
29 99
30 99
0 31
32 99
33 99
0 35
36 99
0 37
0 38
39 99
0 40
0 41
42 99
0 43
44 99
45 99
0 46
47 99
48 99
0 49
50 99
0 51
0 52
53 99
0 54
0 55
0 56
0 57
58 99
0 59
60 99
61 99
0 62
63 99
0 64
65 99
66 99
0 67
0 68
0 69
70 99
0 71
72 99
73 99
0 74
75 99
76 99
0 77
78 99
79 99
80 99
81 99
82 99
83 99
0 84
0 85
0 86
0 87
0 88
89 99
90 99
91 99
0 92
0 93
0 94
3 1
3 2
3 4
7 99
3 10
12 99
