0
100
0 99
1 99
0 2
0 3
0 4
0 5
0 6
0 7
0 8
0 9
10 99
11 99
0 12
13 99
14 99
0 15
16 99
0 17
0 18
19 99
0 20
21 99
22 99
0 23
24 99
0 25
26 99
27 99
0 28
0 29
30 99
0 31
32 99
33 99
0 34
0 35
0 36
37 99
38 99
39 99
0 40
41 99
0 42
0 43
44 99
0 45
46 99
0 47
48 99
49 99
0 50
0 51
52 99
53 99
0 54
55 99
0 56
57 99
0 58
0 59
60 99
61 99
62 99
0 63
64 99
65 99
0 66
0 67
0 68
0 69
70 99
71 99
72 99
73 99
74 99
0 75
76 99
0 77
78 99
79 99
80 99
81 99
0 82
0 83
84 99
0 85
0 86
0 87
0 88
0 89
0 90
0 91
0 92
0 93
0 94
0 95
96 99
0 97
98 99
1 2
