0
100
66 99
0 17
0 42
5 65
0 59
89 87
45 65
0 11
58 65
58 88
36 99
0 14
66 29
25 24
5 8
45 38
25 12
89 28
88 99
63 15
0 68
5 37
58 39
19 87
95 65
77 15
55 9
25 79
82 30
32 87
94 65
34 15
13 9
66 93
96 30
89 55
5 11
58 82
0 5
79 87
70 15
26 99
45 35
25 63
25 59
61 35
89 4
94 8
38 30
91 15
66 52
92 64
58 18
0 45
25 74
83 7
8 30
17 7
43 20
66 19
89 18
49 30
25 98
13 51
89 40
0 58
25 96
66 61
70 3
41 30
56 9
89 92
43 46
90 15
33 50
41 7
33 39
90 9
70 35
33 78
43 11
70 97
33 20
0 89
61 88
6 29
1 62
10 50
13 91
47 12
31 12
6 64
66 13
2 36
32 42
43 79
85 4
2 96
44 7
25 43
