0
100
0 91
1 91
0 2
0 3
0 4
0 5
6 91
7 91
8 91
0 9
10 91
11 91
0 12
0 13
14 91
15 91
16 91
0 17
18 91
0 19
0 20
21 91
0 22
0 23
24 91
25 91
26 91
0 27
28 91
29 91
30 91
31 91
32 91
33 91
0 34
0 35
36 91
0 37
0 38
39 91
40 91
41 91
42 91
43 91
0 44
0 45
0 46
0 47
48 91
0 49
50 91
0 51
52 91
0 53
0 54
0 55
0 56
0 57
58 91
59 91
0 60
0 61
0 62
0 63
64 91
0 65
66 91
67 91
68 91
0 69
0 70
0 71
0 72
0 73
74 91
75 91
0 76
77 91
78 91
0 79
0 80
81 91
82 91
83 91
0 84
85 91
86 91
0 87
0 88
0 89
90 91
1 2
6 2
7 2
8 2
2 91
1 3
4 91
1 5
9 91
