5
5
19
15
17
92
100
0 94
0 1
2 94
0 3
0 4
0 6
7 94
8 94
9 94
10 94
11 94
12 94
0 13
14 94
0 16
18 94
20 94
21 94
22 94
23 94
24 94
0 25
26 94
27 94
28 94
0 29
30 94
0 31
32 94
0 33
0 34
35 94
0 36
0 37
0 38
0 39
40 94
41 94
0 42
43 94
44 94
45 94
46 94
0 47
48 94
0 49
50 94
51 94
52 94
53 94
0 54
0 55
0 56
0 57
58 94
59 94
0 60
61 94
62 94
63 94
64 94
65 94
66 94
67 94
0 68
0 69
0 70
0 71
72 94
73 94
0 74
0 75
76 94
0 77
78 94
0 79
0 80
81 94
0 82
0 83
84 94
0 85
0 86
87 94
88 94
89 94
0 90
91 94
0 93
2 1
2 3
2 4
6 94
2 13
2 16
2 25
0 2
0 7
8 33
8 34
