0
100
0 93
1 93
2 93
0 3
4 93
5 93
6 93
0 7
8 93
0 9
0 10
11 93
12 93
13 93
14 93
15 93
16 93
0 17
0 18
19 93
0 20
0 21
0 22
0 23
24 93
25 93
0 26
27 93
0 28
0 29
0 30
0 31
32 93
33 93
0 34
35 93
36 93
0 37
0 38
39 93
40 93
41 93
42 93
0 43
44 93
0 45
0 46
0 47
48 93
49 93
0 50
51 93
52 93
0 53
0 54
0 55
0 56
57 93
58 93
59 93
60 93
61 93
0 62
63 93
64 93
0 65
66 93
0 67
68 93
69 93
70 93
71 93
0 72
73 93
0 74
75 93
76 93
0 77
0 78
0 79
0 80
0 81
82 93
0 83
0 84
0 85
86 93
87 93
0 88
0 89
90 93
0 91
0 92
0 1
2 3
0 4
5 3
0 6
8 3
11 3
