0
100
0 99
1 99
0 2
0 3
0 4
5 99
0 6
7 99
0 8
0 9
0 10
0 11
0 12
13 99
0 17
0 18
19 99
20 99
21 99
0 23
0 24
0 25
27 99
28 99
31 99
0 32
33 99
0 34
35 99
36 99
0 37
39 99
40 99
41 99
0 42
43 99
0 44
45 99
0 46
47 99
48 99
0 50
51 99
0 52
0 54
55 99
0 56
57 99
0 58
59 99
60 99
61 99
62 99
0 63
0 64
65 99
66 99
67 99
0 68
0 69
70 99
0 71
0 72
73 99
74 99
75 99
0 76
0 78
0 79
80 99
81 99
83 99
85 99
86 99
87 99
88 99
0 90
0 93
94 99
0 95
0 96
0 97
0 98
0 1
5 2
13 2
0 16
19 2
21 2
0 27
30 2
31 2
0 35
36 2
0 38
5 3
5 4
5 6
8 99
0 39
