5
23
54
24
22
47
100
27 59
32 12
13 59
12 59
40 5
13 5
29 59
31 59
11 25
48 25
27 6
12 52
20 50
32 17
20 35
3 19
52 25
6 25
36 35
55 25
50 25
16 35
11 44
40 44
58 44
43 44
12 44
36 44
39 44
32 30
28 37
19 37
12 15
49 37
16 37
13 30
6 37
11 15
29 37
1 30
31 15
32 40
14 42
34 43
38 15
42 30
56 21
0 45
28 7
0 3
7 15
41 21
58 40
32 57
36 14
48 40
28 43
10 14
20 43
34 11
32 3
27 3
34 3
56 9
16 29
19 26
0 27
4 26
34 10
32 51
36 49
0 32
20 13
10 52
36 51
33 11
26 40
20 17
46 9
20 8
34 20
34 32
12 31
12 55
52 14
26 6
14 21
49 31
29 21
46 2
52 55
34 48
34 18
56 17
32 27
53 27
19 17
53 12
49 50
14 57
