0
100
0 99
98 99
0 1
0 2
3 99
0 7
0 11
0 12
13 99
15 99
0 16
17 99
29 99
33 99
0 43
0 45
49 99
0 51
56 99
0 57
58 99
0 59
60 99
61 99
0 63
64 99
65 99
66 99
67 99
68 99
70 99
72 99
0 74
0 75
76 99
78 99
0 79
81 99
82 99
85 99
0 87
88 99
0 91
94 99
97 99
1 99
2 99
5 99
6 7
3 7
4 7
13 7
0 15
7 99
8 99
9 99
10 99
11 99
13 12
0 4
12 99
14 99
17 16
0 3
6 16
13 16
16 99
21 99
6 26
0 13
17 26
18 26
20 26
29 26
33 26
0 38
39 26
48 26
0 49
0 53
0 54
55 26
56 26
60 26
61 26
0 64
65 26
68 26
70 26
72 26
76 26
77 26
78 26
0 81
82 26
0 83
0 84
0 85
0 86
88 26
