5
62
70
73
18
86
100
3 99
4 99
0 5
0 6
7 99
10 99
0 11
13 99
0 15
0 16
17 99
0 19
0 22
0 23
0 25
0 28
0 29
30 99
31 99
0 32
0 33
35 99
36 99
37 99
0 41
42 99
43 99
46 99
0 47
0 55
56 99
0 57
0 66
0 69
0 72
74 99
75 99
82 99
0 89
90 99
0 91
0 92
0 93
0 96
97 99
0 98
0 8
1 99
12 2
0 20
0 27
34 2
0 38
0 39
2 99
0 48
0 52
58 5
0 60
0 61
64 5
65 5
77 5
0 78
0 87
0 94
0 95
5 99
4 6
7 6
10 6
0 13
17 6
30 6
31 6
35 6
36 6
37 11
0 42
0 43
46 6
14 99
74 6
0 75
82 6
90 6
0 97
9 6
0 12
34 6
40 11
0 58
64 15
65 6
77 6
3 11
15 99
0 7
0 10
17 16
