5
58
41
36
64
52
88
53 78
57 78
69 78
9 78
43 45
74 45
91 45
68 45
56 45
14 83
70 83
53 83
91 8
44 8
97 8
4 77
88 77
94 77
44 68
50 63
22 63
56 63
49 71
61 71
96 71
31 90
2 90
65 90
74 29
97 59
92 60
38 97
19 97
92 97
85 46
44 46
76 47
15 11
72 11
24 65
61 21
31 30
73 56
24 37
70 31
17 96
24 96
35 16
61 16
28 62
95 62
51 2
24 15
43 15
34 10
32 10
1 22
38 73
80 33
5 87
93 69
19 91
80 5
84 39
92 39
74 39
70 28
95 55
3 32
35 32
0 40
14 25
3 51
44 51
12 51
17 12
76 12
50 54
18 27
13 27
18 3
98 3
17 34
38 67
98 1
0 84
85 84
79 92
