5
48
65
49
71
19
100
0 95
1 95
0 2
3 95
4 95
5 95
6 95
0 7
8 95
0 9
0 10
11 95
12 95
13 95
0 14
15 95
0 16
17 95
18 95
0 20
0 21
0 22
23 95
0 24
0 25
26 95
0 27
28 95
0 29
30 95
31 95
0 32
33 95
34 95
35 95
0 36
0 37
0 38
0 39
40 95
41 95
0 42
0 43
44 95
45 95
0 46
0 47
0 50
51 95
0 52
0 53
54 95
0 55
56 95
57 95
0 58
59 95
60 95
61 95
62 95
63 95
64 95
66 95
0 67
0 68
69 95
70 95
0 72
73 95
0 74
75 95
0 76
0 77
78 95
0 79
80 95
0 81
0 82
83 95
84 95
0 85
0 86
0 87
88 95
89 95
90 95
91 95
0 92
93 95
94 95
1 2
7 95
1 9
1 10
0 1
3 16
20 95
21 95
22 95
24 95
