0
100
0 98
0 3
0 5
9 98
17 98
0 21
0 22
23 98
24 98
25 98
0 36
37 98
41 98
42 98
54 98
0 57
60 98
61 98
66 98
58 3
0 7
13 3
0 30
96 3
16 3
0 85
0 77
59 3
14 3
0 35
91 3
0 46
89 3
72 3
49 3
0 55
3 98
81 5
5 98
4 21
21 98
1 22
0 9
14 22
0 15
17 22
0 19
0 60
0 61
69 22
0 82
78 22
52 22
0 53
0 88
28 22
0 76
0 49
22 98
1 36
14 36
0 69
0 90
48 36
72 36
0 94
59 36
0 58
0 63
39 36
66 36
0 45
92 36
0 87
52 36
50 98
57 98
62 98
1 2
41 2
0 83
0 26
97 2
0 4
20 2
96 2
51 2
79 2
13 2
0 33
25 2
47 2
0 10
0 34
59 2
86 2
0 52
81 2
65 2
0 12
