0
100
0 6
11 93
0 18
37 93
0 45
65 93
0 3
7 13
10 9
0 28
0 31
0 34
0 35
0 38
0 41
46 93
48 6
0 52
57 13
0 58
60 12
19 93
0 71
73 6
39 93
13 93
65 6
0 7
27 93
47 54
48 9
17 93
43 93
69 20
73 20
53 93
0 37
0 65
0 10
47 75
48 36
82 93
69 45
32 93
75 93
47 80
48 45
57 86
69 86
0 73
11 86
48 54
57 8
1 88
69 3
13 6
57 3
47 3
11 8
47 1
2 45
5 36
4 86
2 54
55 93
7 88
24 18
19 6
11 4
48 13
69 14
80 93
57 17
19 36
5 86
5 54
8 88
29 18
21 6
15 9
57 16
47 24
11 21
36 93
7 86
16 54
16 88
42 18
25 6
48 16
21 20
25 12
60 26
8 86
23 54
88 93
53 18
42 6
0 60
23 20
