0
100
13 60
2 11
0 9
13 11
0 16
36 11
14 60
21 11
0 22
0 36
0 44
2 15
35 60
2 40
57 60
2 59
21 15
21 40
59 60
50 11
13 15
50 15
13 40
40 60
0 2
21 1
3 11
0 21
13 1
50 1
13 4
50 4
13 5
50 5
6 11
7 11
13 8
50 8
13 9
0 50
13 10
12 11
13 14
13 16
17 11
13 18
11 60
13 3
6 15
7 15
13 12
17 15
19 15
20 15
13 22
23 15
13 24
13 25
13 26
13 27
28 15
29 15
30 15
13 31
32 15
13 33
13 34
13 35
13 36
13 37
13 38
39 15
41 15
42 15
13 43
13 44
45 15
13 46
13 47
48 15
13 49
13 51
52 15
13 53
13 54
55 15
13 56
13 57
58 15
13 59
13 2
6 1
6 3
6 4
6 5
6 8
9 15
6 10
6 12
6 14
