0
100
0 96
1 96
2 96
3 96
0 4
5 96
0 6
7 96
0 8
9 96
0 10
11 96
12 96
0 13
0 14
0 15
0 16
0 17
0 18
19 96
20 96
21 96
0 22
0 23
24 96
25 96
0 26
0 27
0 28
29 96
0 30
31 96
32 96
33 96
34 96
0 35
0 36
37 96
0 38
0 39
40 96
0 41
0 42
43 96
0 44
0 45
46 96
47 96
0 48
0 49
0 50
51 96
0 52
53 96
0 54
0 55
56 96
57 96
58 96
0 59
0 60
0 61
0 62
0 63
64 96
65 96
0 66
0 67
0 68
69 96
70 96
71 96
0 72
0 73
0 74
75 96
0 76
77 96
0 78
79 96
80 96
81 96
0 82
0 83
84 96
0 85
86 96
0 87
0 88
89 96
0 90
0 91
92 96
93 96
0 94
0 95
1 4
6 96
1 8
1 10
