5
3
11
20
22
23
100
0 50
33 50
40 50
44 50
47 50
2 50
7 50
24 50
29 50
30 50
34 50
42 50
9 43
10 43
31 43
41 43
7 43
8 43
12 43
13 43
15 43
19 43
34 43
4 39
10 39
33 39
35 39
41 39
44 39
48 39
12 39
14 39
21 39
28 39
37 39
38 39
1 49
4 49
10 49
16 49
31 49
33 49
35 49
41 49
45 49
7 49
8 49
13 49
14 49
17 49
19 49
25 49
30 49
36 49
37 49
16 38
44 38
45 38
47 38
4 38
5 38
12 38
18 38
24 38
28 38
32 38
34 38
16 36
40 36
45 36
48 36
4 36
2 36
5 36
6 36
7 36
27 36
28 36
30 36
37 36
31 42
44 42
48 42
16 42
6 42
7 42
12 42
13 42
14 42
17 42
21 42
25 42
27 42
47 28
16 28
41 28
45 28
2 28
7 28
8 28
