0
100
0 99
1 99
0 2
0 3
4 99
5 99
0 6
0 7
0 8
9 99
0 10
11 99
12 99
13 99
14 99
0 15
16 99
17 99
18 99
19 99
20 99
0 21
0 22
23 99
0 24
25 99
26 99
0 27
0 28
0 29
0 30
31 99
0 32
0 33
34 99
0 35
0 36
0 37
0 38
39 99
0 40
41 99
0 42
43 99
44 99
0 45
0 46
0 47
48 99
49 99
0 50
0 51
0 52
0 53
0 54
0 55
0 56
0 57
0 58
59 99
60 99
61 99
62 99
63 99
0 64
65 99
66 99
67 99
68 99
69 99
70 99
71 99
72 99
0 73
0 74
75 99
76 99
0 77
78 99
79 99
80 99
81 99
82 99
0 83
84 99
85 99
86 99
87 99
0 88
89 99
90 99
91 99
92 99
93 99
94 99
95 99
0 96
0 97
0 98
2 99
