0
100
0 98
0 1
0 2
3 98
0 4
0 5
0 6
0 7
0 8
9 98
10 98
11 98
0 12
0 13
0 14
15 98
16 98
17 98
0 18
19 98
0 20
21 98
0 22
0 23
24 98
25 98
0 26
0 27
28 98
0 29
30 98
0 31
0 32
0 33
34 98
0 35
0 36
37 98
0 38
0 39
40 98
41 98
0 42
43 98
44 98
45 98
0 46
47 98
0 48
49 98
0 50
0 51
52 98
53 98
54 98
0 55
0 56
57 98
58 98
0 59
0 60
61 98
62 98
0 63
0 64
0 65
66 98
0 67
0 68
0 69
0 70
71 98
72 98
73 98
74 98
75 98
0 76
77 98
78 98
0 79
0 80
81 98
82 98
0 83
0 84
85 98
86 98
0 87
88 98
0 89
90 98
91 98
0 92
0 93
94 98
0 95
96 98
97 98
3 1
3 2
