0
98
0 99
0 1
6 8
3 5
2 4
4 5
6 7
7 9
8 10
9 11
10 12
41 43
11 12
41 42
13 14
13 15
14 16
15 17
16 18
17 19
18 20
19 21
20 22
21 23
22 24
23 25
24 26
25 27
26 28
27 29
30 32
28 29
30 31
31 33
32 34
33 35
34 36
42 43
35 36
44 45
37 38
37 39
38 40
44 46
45 47
46 48
47 49
48 50
49 51
50 52
57 59
51 52
58 59
53 54
53 55
54 56
55 57
56 58
60 61
60 62
71 73
61 62
71 72
63 64
63 65
64 66
72 73
65 66
77 79
67 68
67 69
68 70
69 70
74 76
74 75
75 76
77 78
78 80
79 81
86 88
39 40
87 89
80 81
82 84
82 83
83 85
84 86
85 87
88 90
89 91
90 92
91 93
2 3
92 93
94 96
94 95
95 97
96 97
