5
28
52
66
37
35
100
0 9
0 53
55 95
68 95
0 93
0 7
0 10
0 12
0 16
0 20
0 42
0 57
0 67
0 71
0 73
0 76
0 80
0 82
50 95
0 55
0 68
0 15
0 60
91 93
35 95
91 38
25 95
91 23
91 30
65 95
91 18
91 47
11 95
79 95
91 51
91 41
91 67
89 95
91 78
91 76
91 1
91 83
91 85
13 95
91 60
91 25
91 22
91 4
91 69
91 71
91 50
14 1
14 49
14 75
14 44
14 10
14 48
14 16
14 20
14 15
62 95
14 41
14 19
14 64
14 47
88 95
77 95
53 95
6 39
6 30
6 16
38 95
61 95
6 74
45 95
93 95
6 49
6 85
6 68
6 25
6 71
6 76
6 8
6 26
6 55
69 5
69 17
39 9
69 15
69 2
69 3
69 19
69 27
69 34
69 36
69 54
69 64
69 84
69 85
69 86
