0
100
0 97
1 97
2 97
0 3
4 97
5 97
0 6
0 7
0 8
9 97
10 97
11 97
12 97
13 97
14 97
15 97
0 16
17 97
0 18
0 19
0 20
0 21
22 97
0 23
24 97
25 97
26 97
27 97
0 28
0 29
30 97
0 31
32 97
33 97
0 34
35 97
0 36
37 97
38 97
0 39
0 40
41 97
42 97
0 43
44 97
0 45
46 97
0 47
0 48
0 49
50 97
0 51
0 52
53 97
54 97
0 55
56 97
57 97
58 97
59 97
60 97
0 61
62 97
0 63
64 97
0 65
0 66
67 97
68 97
0 69
0 70
0 71
72 97
73 97
0 74
0 75
76 97
0 77
78 97
0 79
80 97
81 97
82 97
0 83
84 97
0 85
86 97
87 97
0 88
0 89
0 90
0 91
0 92
93 97
94 97
95 97
96 97
1 3
0 2
0 4
