5
1
3
48
75
96
84
64 69
7 12
57 62
89 94
67 72
45 50
27 32
30 32
5 10
51 53
51 56
49 54
42 47
94 99
24 29
8 10
11 13
16 18
16 21
35 40
82 87
43 45
86 88
8 13
80 85
95 97
81 83
83 85
78 83
52 57
70 72
86 91
86 84
54 56
54 59
60 62
89 87
93 95
21 26
4 9
19 24
28 33
49 47
22 24
22 27
35 33
35 37
90 92
74 79
80 82
55 57
0 2
31 33
28 26
76 81
29 31
34 36
19 21
34 39
17 15
22 20
15 20
18 20
67 69
70 68
71 69
58 63
78 76
65 63
58 56
66 71
77 82
66 68
55 60
14 12
9 14
9 11
23 25
66 61
42 40
43 38
39 41
42 44
44 46
