5
3
9
11
17
18
100
19 96
21 96
23 96
28 96
31 96
34 96
35 96
37 96
40 96
41 96
44 96
46 96
47 96
50 96
51 96
54 96
57 96
58 96
64 96
66 96
67 96
69 96
72 96
74 96
78 96
84 96
85 96
87 96
90 96
92 96
94 96
1 96
2 96
6 96
8 96
16 96
24 96
26 96
29 96
30 96
38 96
42 96
49 96
55 96
56 96
65 96
71 96
80 96
81 96
83 96
10 89
12 89
13 89
15 89
19 89
20 89
23 89
28 89
31 89
41 89
44 89
46 89
50 89
51 89
57 89
60 89
64 89
67 89
69 89
74 89
75 89
76 89
78 89
79 89
84 89
85 89
87 89
90 89
94 89
2 89
6 89
7 89
16 89
24 89
25 89
26 89
30 89
42 89
45 89
48 89
55 89
56 89
71 89
77 89
80 89
82 89
83 89
4 88
12 88
13 88
