5
67
4
18
30
43
100
0 73
1 73
0 2
3 73
5 73
0 6
7 73
8 73
9 73
0 10
11 73
12 73
13 73
0 14
0 15
16 73
0 17
0 19
20 73
21 73
22 73
23 73
0 24
25 73
26 73
0 27
28 73
0 29
0 31
0 32
0 33
34 73
0 35
0 36
37 73
0 38
0 39
40 73
0 41
0 42
0 44
45 73
46 73
47 73
0 48
49 73
0 50
0 51
0 52
0 53
0 54
0 55
0 56
57 73
58 73
59 73
0 60
0 61
62 73
63 73
0 64
65 73
0 66
68 73
69 73
0 70
71 73
72 73
1 2
1 6
1 10
1 14
15 73
1 17
19 73
1 24
1 27
1 29
1 31
1 32
1 33
1 35
1 36
1 38
1 39
1 41
1 42
1 44
48 73
50 73
0 1
0 3
53 73
5 54
55 73
5 56
5 60
5 61
5 64
5 66
