0
100
0 99
1 99
2 99
0 3
0 4
0 5
6 99
0 7
0 8
0 9
10 99
11 99
0 12
13 99
0 14
15 99
0 16
17 99
0 18
19 99
20 99
0 21
0 22
0 23
24 99
0 25
0 26
27 99
0 28
0 29
0 30
0 31
0 32
0 33
0 34
35 99
0 36
0 37
38 99
39 99
40 99
41 99
42 99
0 43
44 99
0 45
0 46
0 47
48 99
0 49
50 99
0 51
52 99
0 53
54 99
55 99
0 56
0 57
58 99
0 59
60 99
61 99
62 99
0 63
64 99
65 99
0 66
0 67
68 99
0 69
0 70
71 99
0 72
0 73
0 74
0 75
0 76
0 77
78 99
79 99
0 80
81 99
0 82
83 99
0 84
85 99
86 99
87 99
88 99
0 89
90 99
91 99
0 92
93 99
94 99
0 95
0 96
97 99
0 98
0 1
