0
100
7 99
8 99
15 99
0 20
23 99
0 29
33 99
34 99
41 99
42 99
0 50
54 99
0 56
59 99
63 99
65 99
67 99
70 99
0 71
72 99
0 77
87 99
0 91
2 99
4 99
3 11
8 11
0 10
12 11
13 11
11 99
16 99
0 3
7 18
15 18
44 18
0 45
51 18
54 18
60 18
63 18
0 68
70 18
72 18
0 74
18 99
19 99
0 6
8 20
0 12
13 20
30 20
20 99
21 99
22 99
24 99
25 99
7 27
8 27
9 27
13 27
30 27
34 27
0 36
0 38
42 27
46 27
59 27
60 27
62 27
63 27
69 27
27 99
28 99
8 29
0 13
0 14
26 29
30 29
33 29
0 41
0 51
54 29
0 59
0 66
69 29
79 29
81 29
0 84
86 29
87 29
0 89
96 29
97 29
9 37
0 30
0 34
42 37
47 37
52 37
