5
2
3
4
6
10
100
0 99
17 99
19 99
20 99
23 99
30 99
31 99
36 99
37 99
38 99
41 99
43 99
44 99
51 99
52 99
53 99
58 99
65 99
67 99
74 99
77 99
83 99
85 99
86 99
87 99
89 99
54 99
96 99
29 99
68 99
79 99
71 99
7 99
21 99
26 99
80 99
55 99
12 99
33 99
35 99
48 99
57 99
90 99
93 99
1 88
9 88
17 88
19 88
20 88
28 88
32 88
34 88
37 88
42 88
43 88
51 88
52 88
53 88
55 88
58 88
60 88
64 88
65 88
67 88
81 88
85 88
86 88
63 88
21 88
79 88
23 88
62 88
95 88
72 88
70 88
38 88
44 88
29 88
75 88
59 88
49 88
71 88
47 88
92 88
97 88
24 88
18 88
50 88
7 88
68 88
13 88
77 88
5 88
80 88
26 88
96 88
87 88
25 88
41 88
89 88
