5
92
20
84
53
83
100
0 10
0 11
0 14
0 16
0 52
0 64
0 68
8 3
0 9
17 97
0 22
0 24
0 25
0 26
19 97
0 28
0 31
0 37
0 38
0 42
0 45
0 51
0 54
0 59
0 75
0 76
0 87
0 93
0 8
0 21
0 27
43 16
43 55
43 5
43 68
3 97
43 7
43 44
43 61
43 62
43 65
43 67
43 69
43 78
43 85
43 88
43 17
43 24
43 25
43 26
43 37
43 59
43 76
43 93
43 4
35 12
35 80
35 52
35 55
35 2
35 13
35 34
35 44
35 46
35 50
35 57
35 62
35 66
35 86
35 90
35 94
35 95
35 96
35 17
35 22
35 28
35 42
45 39
11 97
64 97
68 97
45 33
81 97
45 34
63 97
45 65
45 2
45 31
45 46
45 58
45 86
45 36
45 62
45 69
30 97
45 82
45 88
12 97
45 25
45 26
