5
78
72
6
49
71
100
0 44
0 24
18 67
67 88
23 2
0 26
0 39
9 83
0 69
52 58
23 30
0 42
83 88
34 4
0 8
23 39
44 4
12 4
80 40
83 4
73 58
61 84
7 41
7 16
79 2
84 4
7 27
61 45
23 69
18 15
52 5
10 17
9 58
20 30
7 21
7 80
61 22
36 2
56 3
70 37
70 25
26 2
2 58
52 17
52 46
10 64
30 58
40 58
86 24
36 24
7 70
61 62
83 1
45 58
1 58
19 29
29 3
18 12
38 65
52 43
10 59
0 23
36 22
52 20
87 65
86 15
31 3
25 81
83 29
10 19
64 15
87 68
41 81
52 27
53 24
9 37
18 60
4 88
52 83
69 11
87 82
64 13
46 22
10 79
44 33
18 55
87 80
5 65
36 85
69 66
18 36
87 13
40 82
66 81
44 61
45 17
9 42
1 54
44 73
2 3
