0
100
0 9
1 9
18 27
19 27
72 81
55 64
47 56
30 39
13 22
81 90
73 82
74 82
83 90
56 65
48 57
31 40
32 40
74 83
66 75
49 58
50 58
59 67
41 50
15 24
7 16
0 8
50 59
42 51
25 34
17 26
58 67
43 51
43 52
35 44
36 44
45 51
90 99
59 68
52 60
52 61
45 53
54 60
54 61
67 75
1 10
45 54
51 60
82 91
83 91
60 68
53 61
61 68
62 68
46 54
47 54
22 31
23 31
39 48
41 48
41 49
46 55
47 55
19 28
20 28
2 11
29 37
0 3
4 11
12 20
21 28
29 38
22 28
91 99
83 92
76 84
76 85
23 28
21 30
69 75
62 70
62 71
69 77
69 78
33 40
42 48
42 49
50 54
50 55
56 63
50 57
64 68
56 61
64 70
42 50
2 9
4 9
9 18
26 34
20 27
48 54
