0
100
0 96
1 96
2 96
3 96
0 4
5 96
0 6
7 96
0 8
0 9
0 10
0 11
12 96
13 96
0 14
15 96
16 96
17 96
0 18
19 96
0 20
0 21
0 22
0 23
0 24
0 25
26 96
27 96
0 28
0 29
0 30
0 31
0 32
33 96
0 34
0 35
0 36
0 37
0 38
39 96
0 40
41 96
0 42
0 43
44 96
45 96
46 96
47 96
0 48
0 49
50 96
0 51
0 52
0 53
0 54
55 96
0 56
0 57
0 58
59 96
60 96
0 61
0 62
0 63
0 64
0 65
66 96
0 67
68 96
0 69
0 70
0 71
72 96
73 96
74 96
75 96
76 96
77 96
78 96
0 79
0 80
0 81
82 96
0 83
84 96
0 85
0 86
0 87
0 88
89 96
0 90
0 91
0 92
93 96
0 94
0 95
0 1
2 4
2 6
8 96
