5
51
69
70
71
12
100
0 1
0 2
0 3
0 4
0 5
0 6
0 7
0 9
0 11
0 12
0 13
0 14
0 15
0 17
0 19
20 80
0 21
0 22
0 23
0 24
0 25
0 27
0 29
0 30
0 31
0 32
0 33
0 34
0 35
0 36
0 42
0 43
44 80
0 45
0 46
0 48
0 49
0 52
0 53
0 54
0 55
0 56
0 58
0 59
0 62
0 63
0 64
0 65
0 66
0 68
0 73
0 74
0 76
0 77
0 78
8 80
0 16
0 38
0 39
0 40
0 72
0 75
0 20
0 44
10 61
10 79
10 1
10 2
10 3
10 6
7 80
10 9
10 11
10 13
10 14
10 15
10 17
10 19
10 22
10 23
10 24
10 25
10 27
10 29
30 80
10 32
10 33
34 80
10 35
10 36
10 42
10 43
10 45
10 46
10 48
10 49
10 52
10 53
10 54
10 55
