0
94
0 1
0 2
0 20
0 96
76 94
39 38
2 97
76 1
54 50
24 23
51 99
44 99
33 38
17 22
65 75
63 74
29 3
16 4
54 87
54 88
17 67
62 2
87 65
21 22
71 66
17 20
6 2
5 4
24 80
5 10
25 45
29 26
27 9
6 7
17 16
62 61
70 42
29 19
9 58
30 22
24 53
81 3
45 41
7 10
1 4
20 77
82 18
59 11
8 11
5 20
30 2
33 39
88 63
24 62
69 3
57 73
92 4
18 15
18 2
18 74
68 66
9 42
21 40
82 44
68 56
93 43
36 37
43 44
46 42
8 37
48 45
23 32
21 8
24 29
17 6
35 7
80 81
25 5
27 81
14 22
1 2
1 3
55 77
86 13
11 4
10 22
2 4
20 42
47 42
89 42
55 92
30 31
78 8
39 40
