0
100
0 99
0 1
0 2
3 99
0 4
5 99
0 6
0 7
0 8
9 99
10 99
11 99
12 99
13 99
14 99
15 99
0 16
17 99
0 18
0 19
0 20
0 21
0 22
0 23
24 99
25 99
26 99
27 99
0 28
0 29
0 30
0 31
0 32
33 99
0 34
0 35
36 99
0 37
38 99
0 39
40 99
41 99
0 42
43 99
44 99
45 99
0 46
47 99
48 99
0 49
50 99
0 51
0 52
53 99
0 54
0 55
56 99
57 99
0 58
0 59
60 99
61 99
62 99
63 99
64 99
65 99
0 66
0 67
0 68
69 99
0 70
0 71
0 72
73 99
0 74
0 75
0 76
0 77
78 99
0 79
0 80
81 99
82 99
83 99
0 84
85 99
86 99
0 87
88 99
0 89
90 99
0 91
92 99
93 99
94 99
0 95
0 96
97 99
98 99
3 1
