5
26
30
95
16
6
100
0 99
0 73
64 99
0 25
84 99
67 99
68 99
1 81
10 99
38 92
1 72
39 99
82 7
1 37
1 59
8 62
70 41
94 99
8 47
32 81
1 85
88 62
83 7
1 44
8 66
84 92
21 37
46 15
35 7
1 42
89 9
34 62
82 59
88 80
67 97
38 37
72 15
83 92
89 20
72 97
32 4
35 24
10 69
70 36
67 76
86 15
34 54
29 97
79 45
84 59
90 80
75 97
70 84
52 24
64 37
35 31
1 38
15 99
17 20
71 32
45 7
8 38
70 47
89 64
86 92
89 42
34 83
39 80
82 28
89 84
52 69
89 35
96 80
3 37
27 9
82 12
34 74
89 56
21 85
66 28
93 83
2 9
14 76
23 22
90 44
84 75
8 88
1 82
14 69
8 89
34 39
86 80
10 2
53 76
10 4
66 86
27 75
96 64
10 28
4 9
