5
49
51
6
15
75
100
50 97
52 97
0 5
0 7
0 8
0 9
0 10
0 11
60 97
61 97
0 14
0 16
0 17
0 18
0 19
68 97
0 21
0 22
0 23
0 24
0 25
0 26
0 28
0 29
0 30
0 31
0 32
0 33
0 34
0 35
0 36
0 37
0 38
0 39
0 40
0 41
0 42
0 43
0 44
0 45
0 46
0 47
0 48
0 1
76 97
0 3
77 97
0 12
0 13
0 20
0 27
0 2
4 78
4 79
4 80
4 81
4 82
4 83
4 84
85 97
4 86
4 87
4 88
4 89
4 90
91 97
4 92
4 93
4 94
4 95
4 96
4 53
4 54
4 55
4 56
4 57
4 58
4 59
4 62
4 63
4 64
4 65
4 66
4 67
69 97
4 70
4 71
4 72
4 73
4 74
4 76
4 50
4 52
4 60
4 61
4 68
4 77
4 85
4 91
69 28
