0
100
0 94
1 94
0 2
3 94
4 94
0 5
6 94
7 94
0 8
9 94
0 10
11 94
0 12
0 13
14 94
15 94
16 94
0 17
0 18
0 19
0 20
21 94
0 22
23 94
0 24
0 25
26 94
0 27
28 94
0 29
0 30
31 94
32 94
0 33
34 94
35 94
36 94
0 37
0 38
0 39
40 94
0 41
0 42
0 43
0 44
0 45
0 46
47 94
0 48
49 94
50 94
0 51
52 94
0 53
54 94
0 55
0 56
57 94
58 94
0 59
0 60
61 94
0 62
63 94
0 64
0 65
0 66
0 67
0 68
0 69
70 94
71 94
0 72
73 94
0 74
0 75
76 94
77 94
78 94
0 79
80 94
0 81
82 94
83 94
0 84
85 94
86 94
87 94
88 94
89 94
0 90
91 94
0 92
0 93
1 2
0 1
0 3
2 94
4 5
8 94
