5
1
17
38
92
51
100
0 99
0 3
8 99
0 28
0 32
0 37
0 41
0 42
0 61
0 64
0 66
0 71
0 73
0 78
0 82
0 87
0 90
0 95
0 12
0 23
0 27
0 36
0 39
0 44
0 49
0 50
22 99
0 55
0 59
0 63
0 70
0 76
0 77
0 79
0 80
0 81
0 86
0 91
0 96
0 8
52 25
52 26
52 30
52 35
52 45
47 99
52 54
52 56
57 99
52 84
52 89
52 97
52 3
52 32
52 41
52 42
52 66
71 99
52 90
52 4
52 7
52 13
52 16
52 18
52 2
52 5
52 10
52 11
52 15
52 21
52 53
52 58
52 59
52 60
52 63
52 67
52 72
52 74
52 80
52 83
52 85
52 91
52 94
52 98
52 8
52 27
52 49
52 50
52 22
52 47
52 57
71 24
71 26
71 29
71 30
71 33
71 45
71 48
71 56
71 68
