5
4
5
6
7
9
100
11 99
32 99
34 99
37 99
40 99
42 99
45 99
46 99
49 99
50 99
52 99
57 99
60 99
61 99
66 99
72 99
80 99
84 99
85 99
86 99
88 99
95 99
98 99
3 99
8 99
10 99
16 99
25 99
27 99
28 99
29 99
33 99
38 99
39 99
44 99
55 99
56 99
58 99
59 99
62 99
63 99
65 99
70 99
71 99
73 99
76 99
11 81
13 81
14 81
17 81
34 81
37 81
40 81
42 81
49 81
50 81
51 81
52 81
60 81
66 81
77 81
80 81
84 81
88 81
95 81
1 81
2 81
8 81
15 81
20 81
26 81
27 81
28 81
29 81
36 81
43 81
48 81
53 81
54 81
55 81
59 81
63 81
68 81
69 81
70 81
71 81
73 81
79 81
83 81
93 81
94 81
11 97
14 97
18 97
21 97
22 97
24 97
30 97
34 97
40 97
