5
59
98
97
96
95
100
0 99
1 99
0 2
3 99
4 99
0 5
0 6
0 7
0 8
9 99
10 99
0 11
12 99
13 99
14 99
0 15
16 99
0 17
0 18
0 19
0 20
0 21
22 99
0 23
24 99
25 99
26 99
0 27
0 28
0 29
30 99
31 99
32 99
0 33
34 99
0 35
0 36
37 99
38 99
39 99
40 99
41 99
0 42
43 99
0 44
0 45
46 99
47 99
0 48
49 99
50 99
0 51
52 99
0 53
54 99
0 55
56 99
57 99
58 99
0 60
61 99
62 99
63 99
64 99
65 99
66 99
67 99
0 68
69 99
70 99
71 99
72 99
73 99
0 74
0 75
0 76
77 99
0 78
0 79
80 99
81 99
0 82
0 83
84 99
0 85
86 99
0 87
88 99
89 99
90 99
91 99
0 92
93 99
0 94
1 2
0 1
0 3
4 7
0 4
11 99
