0
100
0 99
1 99
0 2
0 3
0 4
5 99
0 6
7 99
8 99
9 99
0 10
11 99
12 99
13 99
0 14
0 15
0 16
0 17
18 99
19 99
20 99
0 21
0 22
0 23
24 99
25 99
26 99
0 27
28 99
0 29
0 30
31 99
0 32
0 33
0 34
0 35
36 99
37 99
0 38
0 39
40 99
41 99
0 42
0 43
44 99
0 45
0 46
0 47
0 48
0 49
50 99
0 51
52 99
53 99
54 99
55 99
0 56
0 57
0 58
59 99
0 60
0 61
62 99
0 63
64 99
0 65
66 99
0 67
68 99
69 99
70 99
0 71
0 72
0 73
0 74
75 99
76 99
77 99
0 78
0 79
0 80
0 81
0 82
83 99
0 84
85 99
86 99
0 87
0 88
89 99
0 90
0 91
0 92
93 99
0 94
0 95
0 96
0 97
0 98
1 2
