5
3
68
52
37
11
85
0 89
2 6
67 10
38 35
62 99
24 60
32 38
38 44
91 70
72 5
4 40
7 6
71 64
85 60
4 69
91 81
4 60
48 14
40 13
67 29
91 53
43 83
90 82
82 16
6 99
56 23
39 53
56 43
32 71
22 55
18 48
0 27
91 35
67 38
66 12
50 51
92 69
64 70
8 49
30 63
30 76
8 20
17 28
16 55
89 69
92 50
89 1
75 50
65 18
2 85
65 84
65 9
61 7
88 7
58 10
95 6
36 18
46 45
73 25
28 61
70 4
58 20
88 62
46 81
63 85
85 53
2 34
25 96
93 48
45 78
57 94
81 51
86 5
21 19
71 98
49 6
5 98
5 7
42 44
49 80
49 87
96 78
33 83
55 78
10 97
