5
5
22
33
35
43
100
0 8
0 10
0 11
0 12
0 14
0 15
0 16
17 54
0 18
0 19
0 20
0 21
0 23
0 25
0 34
0 36
0 40
0 42
0 44
0 45
0 46
0 47
0 48
0 49
0 7
0 9
0 13
0 24
0 39
0 41
17 1
17 2
17 6
17 26
17 27
17 29
17 30
17 32
17 38
17 52
17 53
17 8
17 10
17 11
17 14
17 16
17 18
17 19
17 20
17 21
17 23
17 25
34 54
17 36
17 3
17 4
6 54
17 13
26 54
17 28
17 31
17 37
17 39
17 34
17 9
24 27
24 29
24 30
38 54
24 44
24 45
24 46
24 47
24 48
24 49
24 50
24 51
24 52
24 8
24 10
24 11
24 12
24 14
24 15
24 16
24 18
19 54
24 20
24 21
24 23
25 54
24 40
24 42
24 1
24 3
24 4
24 7
24 28
24 37
24 39
