5
29
66
46
16
10
100
0 30
0 44
0 26
0 46
5 99
0 63
0 2
94 99
0 56
0 47
67 38
67 22
67 71
20 99
65 99
67 9
67 42
13 99
33 99
78 99
67 91
67 58
67 21
70 51
70 85
43 39
70 40
39 99
23 99
70 94
79 1
70 55
70 43
70 75
70 9
70 18
70 7
70 58
82 35
82 95
37 1
82 75
82 5
82 2
82 64
80 1
85 90
85 9
8 1
85 60
26 51
71 1
85 23
85 58
85 2
85 42
85 61
51 1
53 1
85 28
54 1
6 90
6 94
6 37
6 60
6 26
6 58
6 42
6 24
6 56
6 83
86 52
90 48
12 48
86 38
86 7
95 48
86 8
63 48
87 48
86 41
86 61
86 94
86 42
86 53
86 71
86 65
35 72
34 48
35 38
35 33
35 15
49 48
35 47
9 48
35 8
35 53
35 95
19 36
75 48
