0
98
0 42
11 23
11 75
11 18
40 38
33 27
33 34
88 68
14 65
14 9
14 94
45 53
45 32
49 44
49 72
98 51
43 31
43 23
43 3
32 80
67 27
67 6
80 13
80 19
28 2
28 69
38 52
73 31
73 93
72 93
72 60
72 96
82 63
5 77
5 55
5 46
5 64
55 37
55 36
34 62
39 99
55 44
55 24
92 3
92 21
34 3
36 50
34 41
89 44
36 58
87 93
87 71
86 99
58 12
58 81
17 84
68 95
68 90
8 66
8 39
8 53
6 76
56 25
10 26
10 94
91 26
64 61
64 7
81 12
81 53
81 71
74 86
13 62
13 95
13 57
75 35
30 53
46 60
86 4
84 66
3 90
4 65
4 2
39 97
79 51
79 61
60 37
60 83
94 71
25 62
25 65
15 99
15 97
15 29
70 78
70 54
54 1
23 48
