0
100
4 82
15 82
54 82
0 62
0 72
0 13
43 17
18 82
43 2
0 43
12 6
12 51
70 82
37 82
12 77
12 72
42 82
52 82
12 64
17 82
54 51
54 57
77 82
0 54
7 63
7 71
62 82
7 6
7 51
53 82
7 57
7 64
60 82
8 6
72 82
8 13
8 23
26 82
8 44
8 51
1 67
23 82
74 33
0 74
34 6
34 64
35 82
34 9
2 82
79 14
14 82
4 44
0 29
0 4
0 38
55 6
55 67
55 63
64 82
73 82
47 57
0 10
0 15
0 79
8 11
1 11
0 34
44 82
0 12
7 3
3 57
8 18
0 21
28 57
1 41
47 41
7 48
1 48
55 48
53 57
75 57
8 72
1 72
72 57
66 57
0 7
55 74
74 57
55 19
1 32
61 57
55 73
22 63
26 63
1 31
63 82
0 1
55 10
47 10
55 54
