0
100
24 96
54 96
61 96
0 86
14 3
30 3
0 34
3 96
8 96
14 26
30 26
53 26
54 26
56 26
0 82
94 26
63 31
0 88
31 96
0 11
0 46
0 67
0 89
52 96
35 96
54 48
56 48
63 48
0 84
94 48
61 50
58 96
53 66
70 96
0 24
72 96
78 96
53 86
61 86
14 2
14 4
5 26
14 6
48 96
66 96
13 26
14 18
14 38
41 32
41 86
52 26
14 62
14 68
14 71
74 32
74 86
80 32
14 87
1 26
30 6
30 8
21 26
21 32
50 96
22 26
22 32
0 30
4 26
33 17
33 18
25 32
33 34
44 86
0 33
36 6
36 9
36 10
36 15
36 19
36 47
36 58
65 32
0 36
3 32
3 86
0 53
54 11
54 19
20 26
54 34
54 35
54 40
54 43
54 47
54 58
62 86
75 86
82 26
54 82
89 32
