0
100
86 60
15 99
45 99
17 99
0 74
4 67
44 99
0 49
80 99
40 46
94 82
0 89
0 28
39 85
4 32
22 60
0 40
94 79
4 23
86 79
94 87
4 49
86 97
93 67
80 46
39 61
4 77
3 66
46 99
69 67
94 72
90 67
81 52
21 76
10 60
93 83
62 60
94 11
81 25
47 67
4 35
86 3
56 30
32 67
86 56
39 21
81 85
97 67
86 45
76 67
39 17
37 83
3 82
81 15
4 61
10 67
44 88
39 11
52 60
43 15
25 60
4 44
86 6
0 94
39 26
66 60
39 89
39 95
64 83
70 30
39 43
91 58
80 27
60 99
16 23
2 15
26 15
33 54
37 21
35 23
16 15
80 59
22 21
84 23
80 2
2 23
74 15
83 67
62 71
7 15
86 33
80 6
62 11
91 77
61 59
86 22
20 21
37 94
80 70
80 93
