0
100
0 29
48 98
2 15
45 98
21 44
25 44
0 2
3 8
20 43
3 20
4 10
15 44
4 15
44 98
47 98
43 98
35 46
5 40
5 90
6 27
0 6
0 7
0 9
0 19
31 46
81 46
0 39
49 32
49 48
0 59
0 69
0 79
0 89
3 12
0 5
30 15
82 15
22 46
20 23
8 27
58 27
29 46
24 7
16 32
4 21
25 32
31 32
32 46
0 49
17 38
28 38
33 38
4 71
83 38
17 40
57 40
67 40
4 26
44 46
47 46
24 11
24 36
24 57
24 61
24 86
30 65
20 73
41 46
7 40
16 7
0 3
4 1
20 9
20 13
19 40
72 46
42 15
97 46
20 34
20 47
29 40
20 39
20 44
54 15
20 59
20 63
69 40
79 40
20 84
20 89
20 93
94 15
94 40
25 6
25 14
25 34
25 64
25 84
30 9
30 12
