0
100
0 91
0 1
2 91
3 91
0 4
0 5
6 91
0 7
0 8
0 9
10 91
11 91
12 91
0 13
0 14
15 91
0 16
17 91
0 18
0 19
20 91
21 91
0 22
23 91
24 91
0 25
26 91
0 27
28 91
0 29
30 91
31 91
32 91
33 91
0 34
0 35
0 36
0 37
38 91
39 91
0 40
41 91
0 42
43 91
44 91
45 91
0 46
0 47
0 48
49 91
50 91
0 51
0 52
0 53
54 91
0 55
0 56
0 57
58 91
59 91
0 60
0 61
62 91
63 91
0 64
0 65
66 91
67 91
68 91
69 91
70 91
71 91
72 91
0 73
0 74
75 91
0 76
0 77
78 91
79 91
80 91
81 91
0 82
0 83
0 84
0 85
86 91
0 87
0 88
89 91
0 90
1 91
2 4
3 4
4 91
5 91
0 2
3 7
0 6
10 7
