0
100
0 99
1 99
0 2
0 3
0 4
0 5
6 99
7 99
0 8
9 99
10 99
0 11
0 12
0 13
0 14
0 15
0 16
17 99
0 18
19 99
20 99
21 99
0 22
0 23
0 24
0 25
26 99
27 99
0 28
29 99
30 99
0 31
0 32
33 99
0 34
0 35
0 36
0 37
0 38
0 39
0 40
41 99
0 42
43 99
44 99
45 99
0 46
0 47
48 99
49 99
0 50
51 99
0 52
53 99
0 54
0 55
56 99
0 57
0 58
0 59
0 60
61 99
0 62
0 63
64 99
0 65
66 99
67 99
0 68
69 99
70 99
71 99
72 99
73 99
0 74
0 75
0 76
0 77
0 78
0 79
80 99
81 99
0 82
0 83
0 84
0 85
86 99
0 87
0 88
0 89
0 90
91 99
92 99
0 93
0 94
0 95
0 96
0 97
98 99
1 2
