0
100
0 92
0 1
0 2
3 92
4 92
5 92
6 92
7 92
8 92
9 92
0 10
0 11
0 12
13 92
0 14
15 92
16 92
17 92
0 18
19 92
20 92
0 21
22 92
23 92
24 92
0 25
0 26
27 92
0 28
29 92
30 92
31 92
0 32
33 92
0 34
35 92
0 36
37 92
0 38
0 39
40 92
0 41
42 92
43 92
0 44
45 92
0 46
0 47
48 92
0 49
50 92
0 51
0 52
53 92
0 54
0 55
0 56
0 57
58 92
59 92
0 60
0 61
62 92
63 92
64 92
65 92
0 66
67 92
68 92
69 92
0 70
0 71
72 92
0 73
0 74
75 92
76 92
0 77
78 92
79 92
80 92
0 81
82 92
0 83
84 92
0 85
86 92
0 87
88 92
0 89
0 90
0 91
0 3
4 1
5 1
6 1
7 1
8 1
9 1
13 1
