0
100
0 93
0 1
0 2
0 3
0 4
0 5
0 6
7 93
0 8
9 93
10 93
0 11
0 12
0 13
14 93
0 15
16 93
0 17
0 18
19 93
20 93
21 93
22 93
0 23
24 93
0 25
26 93
27 93
28 93
0 29
0 30
31 93
32 93
0 33
0 34
35 93
0 36
0 37
0 38
0 39
0 40
41 93
0 42
0 43
0 44
45 93
46 93
0 47
48 93
0 49
0 50
51 93
52 93
53 93
0 54
0 55
56 93
57 93
0 58
59 93
0 60
0 61
0 62
0 63
0 64
65 93
66 93
0 67
68 93
69 93
70 93
0 71
72 93
0 73
74 93
0 75
0 76
0 77
78 93
79 93
0 80
0 81
82 93
0 83
0 84
0 85
86 93
87 93
0 88
0 89
90 93
91 93
0 92
7 1
7 2
7 3
4 93
0 7
0 9
10 1
