0
100
0 91
0 1
2 91
3 91
4 91
5 91
0 6
0 7
0 8
0 9
0 10
0 11
12 91
13 91
0 14
0 15
0 16
17 91
0 18
19 91
20 91
0 21
22 91
23 91
0 24
0 25
0 26
27 91
0 28
0 29
0 30
0 31
0 32
0 33
34 91
35 91
0 36
37 91
38 91
0 39
0 40
0 41
0 42
0 43
44 91
45 91
46 91
47 91
0 48
49 91
0 50
51 91
0 52
53 91
54 91
55 91
56 91
57 91
0 58
0 59
60 91
61 91
62 91
63 91
0 64
65 91
0 66
0 67
0 68
69 91
70 91
71 91
72 91
73 91
0 74
0 75
76 91
0 77
0 78
79 91
80 91
0 81
0 82
0 83
84 91
0 85
0 86
87 91
88 91
89 91
0 90
2 1
6 91
0 2
3 1
3 7
3 8
0 3
4 1
4 7
