0
100
0 99
1 99
2 99
3 99
0 4
0 5
0 6
0 7
0 8
0 9
10 99
11 99
0 12
0 13
14 99
0 15
16 99
0 17
18 99
19 99
20 99
0 21
22 99
0 23
24 99
25 99
26 99
0 27
28 99
0 29
30 99
0 31
32 99
0 33
34 99
0 35
36 99
0 37
38 99
39 99
40 99
41 99
42 99
0 43
44 99
0 45
0 46
47 99
0 48
0 49
50 99
0 51
0 52
0 53
54 99
0 55
56 99
0 57
0 58
0 59
0 60
61 99
0 62
0 63
0 64
65 99
66 99
67 99
0 68
0 69
0 70
0 71
0 72
73 99
0 74
0 75
76 99
0 77
78 99
79 99
0 80
81 99
0 82
0 83
84 99
0 85
86 99
0 87
88 99
89 99
0 90
91 99
92 99
93 99
94 99
0 95
0 96
0 97
0 98
4 99
