0
100
0 99
0 1
2 99
3 99
4 99
0 5
6 99
7 99
8 99
0 9
0 10
0 11
0 12
13 99
0 14
15 99
16 99
17 99
18 99
19 99
20 99
0 21
22 99
0 23
24 99
25 99
0 26
0 27
28 99
0 29
30 99
31 99
0 32
0 33
34 99
0 35
0 36
37 99
38 99
0 39
0 40
0 41
0 42
0 43
0 44
45 99
46 99
0 47
48 99
49 99
0 50
51 99
52 99
0 53
0 54
55 99
0 56
0 57
0 58
59 99
60 99
0 61
0 62
63 99
64 99
0 65
0 66
67 99
68 99
0 69
0 70
71 99
72 99
73 99
74 99
0 75
0 76
77 99
78 99
0 79
80 99
0 81
82 99
0 83
84 99
85 99
0 86
0 87
88 99
0 89
90 99
91 99
92 99
0 93
94 99
95 99
0 96
97 99
98 99
1 99
