0
100
0 99
0 1
0 2
3 99
4 99
0 5
0 6
7 99
8 99
0 9
10 99
11 99
12 99
0 13
14 99
0 15
0 16
17 99
0 18
19 99
20 99
0 21
0 22
0 23
0 24
0 25
26 99
0 27
0 28
29 99
30 99
0 31
0 32
33 99
34 99
35 99
0 36
37 99
0 38
39 99
40 99
0 41
0 42
0 43
44 99
45 99
46 99
47 99
0 48
0 49
50 99
51 99
0 52
53 99
54 99
55 99
56 99
0 57
0 58
59 99
0 60
0 61
0 62
63 99
64 99
65 99
66 99
0 67
68 99
69 99
70 99
0 71
72 99
73 99
74 99
0 75
0 76
0 77
0 78
79 99
0 80
81 99
0 82
0 83
84 99
0 85
86 99
87 99
0 88
0 89
0 90
91 99
0 92
93 99
94 99
0 95
96 99
0 97
0 98
0 3
