0
100
94 99
95 99
96 99
0 1
0 2
0 3
4 55
5 55
1 55
2 55
4 3
5 3
55 97
4 6
5 6
7 55
8 55
9 55
10 55
4 11
0 5
12 55
13 55
14 55
4 15
4 16
17 55
4 18
4 19
20 55
4 21
4 22
4 23
24 55
4 25
26 55
4 27
28 55
4 29
4 30
31 55
4 32
4 33
4 34
35 55
4 36
37 55
4 38
39 55
40 55
41 55
4 42
43 55
44 55
45 55
4 46
47 55
48 55
4 49
50 55
51 55
52 55
53 55
4 54
4 1
4 2
4 5
7 3
7 6
7 11
7 15
16 55
18 55
7 19
7 21
7 22
23 55
25 55
27 55
29 55
7 30
32 55
7 33
34 55
36 55
7 38
7 42
7 46
7 49
54 55
4 8
4 9
4 10
12 3
4 12
13 3
13 6
13 11
13 15
13 19
