0
100
0 98
1 98
2 98
3 98
0 4
0 5
0 6
0 7
0 8
9 98
0 10
11 98
12 98
13 98
0 14
15 98
16 98
0 17
18 98
19 98
20 98
21 98
0 22
0 23
24 98
0 25
0 26
27 98
28 98
29 98
0 30
0 31
0 32
0 33
0 34
0 35
0 36
0 37
38 98
39 98
40 98
0 41
0 42
0 43
44 98
0 45
0 46
0 47
48 98
0 49
0 50
51 98
52 98
53 98
0 54
0 55
56 98
57 98
0 58
59 98
0 60
0 61
62 98
63 98
0 64
0 65
0 66
67 98
0 68
0 69
0 70
0 71
72 98
73 98
74 98
0 75
0 76
0 77
0 78
79 98
0 80
81 98
0 82
0 83
84 98
0 85
0 86
87 98
0 88
0 89
90 98
0 91
92 98
0 93
94 98
0 95
96 98
97 98
4 98
1 5
