0
100
0 66
0 67
68 99
69 99
70 99
71 99
0 72
0 73
0 74
75 99
0 76
77 99
78 99
0 79
80 99
81 99
0 82
83 99
84 99
85 99
86 99
0 87
0 88
0 89
90 99
0 91
92 99
0 93
94 99
0 95
0 96
97 99
2 99
3 99
4 99
0 5
6 99
0 7
8 99
9 99
10 99
11 99
0 12
0 13
14 99
0 15
0 16
17 99
0 18
19 99
20 99
0 21
22 99
23 99
0 24
0 25
26 99
27 99
28 99
29 99
30 99
0 31
0 32
33 99
33 65
65 99
0 33
0 34
66 99
69 67
70 67
71 67
75 67
77 67
78 67
67 99
72 99
68 73
73 99
68 74
0 69
70 74
71 74
77 74
78 74
0 80
81 74
83 74
0 84
85 74
86 74
90 74
92 74
94 74
97 74
98 74
2 74
3 74
0 4
6 74
