0
100
0 95
1 95
0 2
3 95
4 95
5 95
6 95
0 7
8 95
0 9
10 95
11 95
0 12
13 95
14 95
0 15
16 95
17 95
18 95
0 19
20 95
21 95
0 22
23 95
24 95
0 25
0 26
27 95
0 28
0 29
30 95
0 31
0 32
33 95
34 95
0 35
36 95
0 37
0 38
39 95
0 40
41 95
42 95
43 95
44 95
0 45
46 95
47 95
0 48
49 95
50 95
51 95
0 52
53 95
54 95
55 95
0 56
0 57
58 95
59 95
60 95
0 61
0 62
63 95
0 64
0 65
0 66
0 67
0 68
69 95
0 70
71 95
0 72
73 95
74 95
0 75
76 95
77 95
78 95
0 79
80 95
81 95
82 95
0 83
0 84
0 85
86 95
87 95
88 95
0 89
0 90
91 95
92 95
0 93
94 95
1 2
3 2
4 2
5 2
6 2
