0
100
0 99
2 99
0 11
0 16
0 22
0 23
24 99
37 99
0 39
50 99
52 99
59 99
61 99
68 99
0 69
0 71
73 99
76 99
83 99
87 99
88 99
0 91
93 99
0 98
0 1
11 99
0 2
3 16
20 16
0 47
16 99
0 3
0 6
9 22
27 22
0 37
0 45
4 99
49 22
0 50
9 12
9 17
19 99
52 22
0 57
9 21
9 23
25 99
59 22
0 60
38 99
68 22
0 79
9 39
9 43
44 99
81 22
0 84
9 55
67 99
88 22
93 22
0 96
72 99
0 10
9 78
92 99
0 20
24 23
24 7
0 24
27 21
28 99
27 34
27 65
27 69
27 70
27 77
86 99
23 99
0 41
52 39
53 39
0 61
27 91
7 99
68 39
74 39
76 39
0 82
35 12
0 35
0 49
52 15
52 17
52 34
52 43
65 99
66 99
52 69
