0
100
0 99
0 23
58 99
0 41
0 86
0 52
35 99
18 99
80 99
53 99
98 99
0 81
0 65
0 42
9 99
0 37
0 66
0 82
0 31
0 60
33 99
61 99
0 55
84 99
0 57
0 16
0 22
51 99
28 99
11 99
79 99
0 17
0 45
21 99
86 99
19 99
28 65
0 28
0 73
96 99
30 99
35 56
89 99
0 35
58 81
0 58
0 15
0 6
95 23
77 99
49 99
95 8
95 37
42 99
95 2
95 16
95 45
95 60
52 99
74 99
95 65
66 99
84 23
47 23
0 51
95 81
97 99
0 1
36 31
0 36
59 57
59 14
59 93
59 22
85 99
65 99
0 53
0 59
0 9
75 22
75 37
75 81
75 14
55 99
56 99
75 39
75 31
44 99
11 23
67 23
70 23
40 23
33 23
0 76
17 99
0 13
29 99
43 23
79 23
0 83
