0
100
0 99
0 2
3 99
0 4
5 99
6 99
8 99
0 9
13 99
14 99
15 99
0 16
0 18
19 99
0 20
0 21
0 22
24 99
25 99
0 26
27 99
29 99
0 30
31 99
0 33
0 34
0 35
0 36
0 37
39 99
0 40
44 99
45 99
46 99
0 47
0 49
50 99
51 99
0 52
0 53
55 99
0 56
0 58
59 99
0 60
62 99
0 63
64 99
67 99
69 99
0 70
0 71
72 99
0 73
0 74
76 99
77 99
79 99
0 81
0 83
0 84
85 99
0 86
0 89
91 99
0 92
0 93
0 97
98 99
0 1
3 2
3 4
3 7
3 9
3 16
18 99
20 99
3 23
3 26
3 28
3 32
33 99
35 99
37 99
38 99
40 99
47 99
3 48
3 49
3 53
3 56
58 99
60 99
8 2
10 2
0 11
3 63
3 70
3 71
3 73
