0
100
0 95
0 1
2 95
0 3
4 95
0 5
6 95
0 7
0 8
0 9
10 95
11 95
12 95
13 95
15 95
0 16
0 17
18 95
22 95
0 23
24 95
0 25
26 95
0 28
29 95
0 30
0 31
0 32
33 95
34 95
0 35
0 36
38 95
39 95
0 40
41 95
42 95
43 95
0 44
45 95
0 46
47 95
0 48
0 49
50 95
0 51
0 52
0 54
55 95
0 56
57 95
58 95
0 59
60 95
0 61
62 95
0 64
65 95
66 95
67 95
0 68
0 69
0 71
0 72
0 73
0 74
75 95
0 76
0 77
78 95
0 79
0 80
0 82
83 95
0 84
0 85
86 95
87 95
0 88
0 89
90 95
91 95
92 95
93 95
0 94
2 1
2 3
2 5
7 95
2 8
9 95
0 2
4 1
4 3
5 95
4 8
4 16
4 17
4 19
20 95
