0
100
0 99
0 1
2 99
0 3
0 4
5 99
6 99
7 99
8 99
0 9
0 10
11 99
0 12
0 13
0 14
15 99
0 16
17 99
18 99
19 99
20 99
21 99
0 22
23 99
0 24
0 25
0 26
27 99
28 99
29 99
0 30
0 31
0 32
33 99
0 34
35 99
36 99
0 37
0 38
0 39
0 40
0 41
42 99
0 43
44 99
45 99
0 46
0 47
48 99
0 49
0 50
51 99
0 52
53 99
0 54
55 99
0 56
0 57
0 58
0 59
60 99
0 61
0 62
0 63
0 64
0 65
0 66
0 67
68 99
0 69
0 70
0 71
0 72
0 73
74 99
75 99
76 99
0 77
78 99
79 99
0 80
0 81
82 99
83 99
0 84
85 99
0 86
87 99
0 88
0 89
0 90
0 91
92 99
0 93
94 99
95 99
96 99
0 97
98 99
2 1
