0
100
39 99
44 99
0 61
0 67
1 26
40 99
58 2
2 99
5 99
13 99
15 99
27 18
0 58
0 63
0 64
0 78
52 19
0 57
67 99
0 73
4 96
4 98
8 35
8 54
8 93
0 27
34 35
34 54
74 99
0 43
44 93
0 48
68 28
0 68
26 99
0 70
22 99
92 37
41 99
92 54
92 96
5 18
6 18
11 18
13 18
4 36
44 36
59 36
8 47
34 53
52 53
53 18
39 58
52 58
63 18
44 64
59 64
92 64
72 18
39 78
4 82
34 82
0 39
91 18
1 94
94 18
19 99
1 6
6 28
11 28
20 28
4 21
21 28
22 28
8 24
59 24
25 28
38 28
46 28
1 60
52 60
1 62
62 28
65 28
97 28
35 99
11 37
0 1
4 27
27 37
40 37
41 37
0 34
37 99
54 99
3 61
44 9
44 10
4 17
77 61
