0
100
0 94
1 94
2 94
0 3
4 94
0 5
6 94
7 94
0 8
9 94
0 10
11 94
0 12
0 13
14 94
0 15
0 16
17 94
18 94
19 94
0 20
21 94
22 94
0 23
0 24
25 94
0 26
0 27
28 94
29 94
0 30
0 31
0 32
33 94
34 94
35 94
36 94
37 94
38 94
0 39
40 94
0 41
42 94
43 94
0 44
45 94
0 46
0 47
48 94
49 94
0 50
0 51
52 94
0 53
54 94
55 94
56 94
0 57
58 94
0 59
60 94
0 61
0 62
0 63
0 64
0 65
66 94
67 94
68 94
69 94
70 94
71 94
72 94
0 73
0 74
75 94
76 94
0 77
0 78
79 94
80 94
0 81
0 82
83 94
0 84
0 85
86 94
0 87
0 88
0 89
90 94
0 91
92 94
0 93
1 3
2 3
4 3
6 3
7 3
9 3
