0
100
6 93
0 11
18 93
0 37
45 93
0 65
0 3
9 93
0 6
13 93
20 93
37 93
0 7
10 19
10 27
10 46
54 93
55 93
28 11
0 48
10 88
18 36
0 18
28 43
65 93
86 93
57 11
12 93
41 17
45 17
52 17
0 57
58 17
17 93
34 19
35 19
52 19
19 93
0 41
0 73
36 93
0 34
45 39
71 39
0 31
38 43
88 93
43 93
0 47
52 46
46 93
52 53
53 93
80 93
58 82
60 82
10 4
0 10
2 32
28 2
28 7
16 27
28 21
22 82
23 11
28 23
28 30
34 39
28 54
28 57
59 27
28 62
65 27
65 39
68 75
75 93
73 27
73 32
28 86
28 87
35 1
3 27
35 3
35 7
35 8
35 25
26 32
26 82
0 35
38 13
0 38
45 2
45 3
45 13
20 32
45 21
45 33
45 42
48 11
62 39
