0
100
0 99
1 99
0 2
3 99
4 99
0 5
0 6
0 12
13 99
22 99
0 25
0 26
0 27
0 28
35 99
0 37
0 44
0 51
52 99
56 99
0 58
60 99
66 99
71 99
0 73
74 99
0 78
0 86
24 99
0 29
0 36
0 38
46 99
49 99
0 61
0 62
0 65
0 68
69 99
0 75
0 82
89 99
0 91
0 93
95 99
1 2
8 99
10 99
0 1
0 4
17 7
17 12
17 2
18 99
17 23
17 25
17 28
40 99
17 44
17 57
17 58
17 65
76 99
17 78
17 82
90 99
17 91
17 96
17 97
33 99
17 37
17 38
61 99
17 73
75 99
13 2
0 22
17 83
17 86
17 88
17 93
0 30
31 5
0 31
5 99
35 11
0 35
15 99
41 20
41 26
0 41
45 2
7 99
20 99
0 45
47 2
6 99
0 47
48 12
23 99
