0
100
0 99
1 99
0 2
3 99
0 4
0 5
0 6
0 7
0 8
0 9
10 99
11 99
0 12
13 99
0 14
0 15
0 16
0 17
18 99
19 99
0 20
21 99
0 22
0 23
24 99
25 99
0 26
0 27
0 28
29 99
0 30
31 99
0 32
0 33
0 34
0 35
0 36
0 37
38 99
0 39
0 40
41 99
0 42
0 43
44 99
45 99
46 99
0 47
48 99
0 49
50 99
0 51
52 99
53 99
0 54
55 99
0 56
57 99
0 58
0 59
60 99
61 99
62 99
63 99
64 99
65 99
66 99
67 99
68 99
0 69
70 99
71 99
72 99
73 99
74 99
0 75
0 76
77 99
0 78
0 79
0 80
81 99
0 82
83 99
0 84
0 85
0 86
87 99
88 99
0 89
0 90
91 99
0 92
93 99
94 99
0 95
0 96
0 97
98 99
0 1
