0
100
0 14
0 4
49 99
35 99
3 4
53 41
3 47
95 1
0 32
85 79
95 53
43 20
27 40
95 23
95 59
85 37
54 15
54 16
85 54
39 77
85 81
55 29
48 22
48 68
32 36
43 36
95 57
43 30
5 40
62 18
85 83
62 89
94 23
94 69
58 42
32 58
80 77
43 64
23 89
95 67
0 48
3 82
16 77
16 4
76 90
94 78
61 21
44 20
50 2
83 23
83 81
75 60
64 21
64 90
75 97
69 41
17 72
44 6
95 32
65 1
64 92
61 12
34 59
66 79
96 38
27 96
38 90
19 14
98 14
98 20
45 70
75 39
13 30
80 38
34 56
13 72
64 13
28 16
34 68
43 83
60 36
98 74
54 71
65 88
29 70
61 66
34 38
97 73
25 92
65 22
98 81
25 58
65 51
93 49
55 49
54 93
42 4
25 8
91 63
54 76
