0
98
0 69
0 51
0 73
0 45
21 79
13 29
44 29
48 29
36 79
25 57
17 55
25 67
32 29
24 5
24 10
57 47
48 1
6 10
58 29
8 42
42 29
5 47
8 45
4 20
48 45
16 43
2 65
48 43
30 62
21 58
48 58
53 58
16 67
25 6
11 13
4 13
5 1
19 1
22 10
4 8
2 73
53 18
45 47
43 55
49 55
37 22
4 37
7 58
16 59
21 59
25 44
53 63
63 58
9 67
62 79
77 60
53 5
40 65
24 65
62 47
17 8
67 60
17 22
2 33
19 36
52 60
10 29
10 55
16 37
12 60
68 51
48 32
59 64
2 53
17 42
35 18
16 9
12 46
65 64
77 32
64 1
7 30
41 51
48 23
77 43
75 6
16 23
12 73
6 60
13 38
72 55
3 9
73 36
43 42
19 3
54 39
16 53
57 20
