0
100
0 99
0 4
6 99
0 9
13 99
0 15
16 99
18 99
0 22
0 23
24 99
25 99
29 99
30 99
32 99
0 33
36 99
0 38
0 39
0 41
46 99
48 99
0 50
0 58
0 59
60 99
0 64
66 99
0 68
0 69
0 70
0 74
76 99
0 79
0 80
0 81
0 84
0 85
0 86
0 88
93 99
0 98
0 97
0 67
0 2
10 99
0 21
26 99
0 40
0 44
0 47
0 51
55 99
0 56
57 99
72 99
75 99
0 90
91 99
95 99
1 2
1 4
1 5
1 8
0 1
5 99
91 9
91 22
91 23
91 28
91 38
0 91
3 2
0 3
0 10
11 2
11 4
7 99
0 11
0 12
13 2
13 4
0 13
16 2
16 4
16 15
0 16
17 2
4 99
17 15
17 80
17 8
17 21
17 22
17 28
34 99
39 99
43 99
17 47
50 99
