0
100
9 95
0 28
53 95
0 55
0 68
93 95
0 7
0 9
10 13
37 95
45 95
10 52
10 55
10 79
88 95
0 12
15 52
0 15
16 52
16 55
16 65
66 95
16 68
20 13
20 35
52 95
61 95
60 11
0 71
77 95
53 13
0 57
20 79
42 89
0 53
0 60
13 95
38 95
0 73
76 65
76 79
89 95
80 65
80 68
0 82
91 25
0 91
0 93
7 11
20 17
67 27
42 29
29 11
36 11
45 11
46 11
16 66
67 66
76 66
70 11
75 11
87 11
0 10
80 92
2 25
16 3
0 42
6 25
16 18
76 29
20 31
31 25
52 25
75 25
20 81
16 82
82 25
20 85
76 87
16 93
76 93
93 25
28 95
16 1
0 67
80 9
14 35
76 19
20 23
76 26
20 34
76 34
80 34
36 35
37 35
20 40
40 35
16 44
46 35
16 53
