0
100
0 99
0 1
0 3
0 6
0 8
9 99
12 99
14 99
15 99
0 16
0 18
19 99
20 99
0 21
0 23
27 99
0 31
0 32
33 99
0 34
0 38
0 39
40 99
0 41
44 99
45 99
0 46
48 99
0 49
0 51
0 59
60 99
0 61
0 63
64 99
0 65
66 99
67 99
68 99
71 99
0 73
0 80
82 99
85 99
86 99
0 89
0 90
91 99
0 94
0 96
98 99
1 99
3 99
2 4
2 6
7 99
2 8
2 10
2 11
2 16
2 18
2 21
2 23
2 25
2 28
29 99
2 31
32 99
2 34
2 37
2 38
2 39
41 99
42 99
2 49
2 52
2 56
58 99
0 5
2 59
61 99
9 4
4 99
6 99
8 99
10 99
11 99
12 16
15 16
19 16
0 20
0 26
16 99
14 18
15 18
19 18
22 18
27 18
33 18
35 18
