0
100
0 95
0 1
2 95
0 3
0 4
0 5
0 6
7 95
0 8
9 95
0 10
0 11
0 12
0 13
14 95
0 15
16 95
0 17
0 18
19 95
20 95
21 95
22 95
0 23
24 95
25 95
0 26
27 95
0 28
29 95
0 30
0 31
32 95
0 33
0 34
0 35
36 95
37 95
38 95
39 95
0 40
0 41
42 95
43 95
0 44
0 45
46 95
47 95
0 48
49 95
50 95
0 51
52 95
53 95
0 54
55 95
0 56
0 57
58 95
0 59
0 60
0 61
0 62
0 63
0 64
65 95
0 66
67 95
68 95
0 69
0 70
0 71
72 95
0 73
74 95
0 75
76 95
77 95
0 78
79 95
0 80
81 95
82 95
0 83
0 84
85 95
86 95
87 95
0 88
0 89
0 90
0 91
92 95
0 93
0 94
0 2
7 1
3 95
4 95
7 5
