0
100
0 99
1 99
2 99
7 99
11 99
0 17
20 99
0 21
28 99
29 99
34 99
36 99
0 38
0 39
0 40
41 99
0 42
0 43
0 48
57 99
0 59
0 62
65 99
67 99
0 72
0 77
84 99
85 99
87 99
0 88
0 89
91 99
96 99
1 3
1 5
15 99
2 3
6 3
0 8
0 1
2 5
0 2
0 6
0 7
10 3
0 10
0 11
0 12
0 16
18 3
0 18
19 3
5 99
9 99
0 19
20 21
20 26
30 99
20 38
42 99
20 43
20 46
20 56
20 60
61 99
62 99
71 99
75 99
20 77
78 99
20 80
20 94
22 3
22 17
21 99
32 99
0 27
22 38
22 40
46 99
0 28
48 99
0 31
49 99
0 35
51 99
37 3
0 41
22 59
22 60
63 99
0 55
22 64
22 72
73 99
0 69
0 22
0 24
0 25
29 26
