0
100
0 93
1 93
2 93
3 93
0 4
0 5
6 93
7 93
8 93
0 9
10 93
0 11
12 93
13 93
14 93
0 15
16 93
17 93
0 18
19 93
20 93
0 21
22 93
23 93
0 24
25 93
26 93
0 27
0 28
29 93
0 30
0 31
32 93
33 93
0 34
0 35
36 93
0 37
38 93
0 39
40 93
41 93
0 42
0 43
44 93
0 45
0 46
0 47
0 48
49 93
0 50
0 51
52 93
53 93
54 93
55 93
56 93
0 57
58 93
0 59
60 93
61 93
62 93
63 93
64 93
65 93
66 93
67 93
0 68
0 69
0 70
0 71
72 93
0 73
0 74
75 93
76 93
0 77
0 78
0 79
0 80
0 81
0 82
83 93
0 84
0 85
86 93
0 87
0 88
89 93
0 90
0 91
0 92
0 1
2 4
3 4
4 93
0 2
5 93
9 93
