0
100
0 69
0 82
92 93
0 23
59 93
11 93
52 93
0 8
4 93
0 28
0 84
0 57
41 93
0 21
0 90
0 2
76 93
25 93
0 80
4 69
0 6
69 93
0 48
82 93
0 49
81 93
43 93
23 93
0 79
0 11
51 42
31 42
0 37
0 3
0 45
0 17
53 42
0 78
14 93
4 42
0 67
92 90
92 21
92 57
54 93
70 93
8 93
28 93
30 84
59 84
0 52
13 84
0 7
0 10
25 84
76 84
22 93
30 57
13 57
38 57
31 57
0 1
41 57
25 57
51 57
30 21
0 59
0 92
30 55
30 2
90 93
66 93
13 21
0 38
39 93
31 21
41 21
0 18
0 13
31 62
31 86
41 26
19 93
0 15
53 2
53 77
53 21
53 55
12 26
12 2
21 93
12 55
25 26
25 77
25 55
0 4
51 2
51 77
51 55
76 55
