0
100
1 95
2 98
3 95
3 97
3 98
4 95
4 96
4 30
44 98
1 93
2 93
2 60
3 60
1 40
40 98
46 98
3 33
2 71
72 98
4 76
77 98
86 98
4 87
91 98
2 92
92 98
3 94
4 94
1 53
2 88
50 98
1 81
70 98
68 98
4 15
1 61
61 98
84 96
90 96
2 45
3 45
72 96
16 96
1 50
67 96
77 96
89 96
3 25
4 51
1 27
90 97
67 97
92 97
70 97
2 65
4 65
4 19
62 97
29 97
75 97
89 97
2 52
2 83
26 95
4 44
7 95
55 95
4 40
90 95
46 95
72 95
3 77
91 95
29 95
69 95
59 95
92 95
63 95
4 68
4 61
86 95
75 95
67 95
70 95
41 95
62 95
7 6
7 18
45 96
7 45
48 97
48 95
7 50
7 53
56 96
7 65
79 95
67 52
67 5
67 27
