0
100
0 96
0 1
0 2
0 3
4 96
0 5
6 96
0 7
8 96
0 9
10 96
0 11
0 12
13 96
14 96
15 96
16 96
17 96
18 96
0 19
0 20
0 21
22 96
23 96
0 24
0 25
26 96
27 96
28 96
0 29
30 96
0 31
0 32
0 33
0 34
35 96
36 96
0 37
38 96
39 96
0 40
41 96
42 96
0 43
44 96
45 96
0 46
0 47
48 96
49 96
50 96
0 51
52 96
0 53
54 96
55 96
0 56
0 57
0 58
59 96
60 96
61 96
62 96
63 96
0 64
0 65
66 96
67 96
68 96
0 69
0 70
0 71
72 96
73 96
74 96
0 75
76 96
0 77
78 96
0 79
0 80
0 81
82 96
83 96
0 84
85 96
0 86
87 96
88 96
0 89
90 96
91 96
0 92
0 93
94 96
95 96
0 4
6 1
8 1
0 10
