0
100
0 4
0 41
0 48
0 58
0 70
0 89
1 5
1 6
0 1
15 7
42 93
15 47
53 93
6 93
18 20
18 41
43 93
18 47
0 21
5 93
20 93
28 33
28 58
0 35
0 36
50 7
0 50
62 4
29 93
62 58
0 62
0 73
0 74
0 80
87 7
87 41
87 48
87 78
0 88
6 3
3 93
6 4
22 4
23 4
18 38
87 38
4 93
87 17
18 25
15 37
42 7
18 43
28 44
53 7
15 56
56 7
81 7
28 82
85 7
86 7
5 33
87 10
12 33
23 33
26 33
27 33
46 33
15 51
53 33
56 33
59 33
69 33
18 72
79 33
1 41
5 41
0 18
87 23
15 32
42 41
69 41
76 41
15 77
77 41
81 41
85 41
86 41
87 11
15 26
26 47
15 59
59 47
60 47
28 65
87 65
87 66
92 47
5 48
22 48
0 15
