0
100
0 99
1 99
0 2
3 99
0 4
0 5
0 6
0 7
8 99
9 99
0 10
0 11
12 99
0 13
0 14
0 15
0 16
17 99
18 99
0 19
0 20
0 21
22 99
0 23
0 24
0 25
26 99
27 99
0 28
0 29
30 99
0 31
32 99
0 33
0 34
35 99
36 99
37 99
0 38
0 39
40 99
0 41
0 42
0 43
0 44
0 45
46 99
0 47
48 99
0 49
50 99
0 51
52 99
0 53
54 99
0 55
0 56
57 99
0 58
0 59
60 99
61 99
62 99
63 99
64 99
0 65
0 66
0 67
68 99
69 99
70 99
0 71
72 99
0 73
74 99
75 99
0 76
0 77
78 99
0 79
80 99
0 81
82 99
0 83
0 84
0 85
86 99
0 87
0 88
0 89
0 90
0 91
92 99
0 93
94 99
95 99
96 99
97 99
0 98
2 99
