0
100
5 54
8 54
10 54
0 11
12 54
0 14
15 54
0 16
0 17
0 18
0 19
0 20
21 54
0 22
23 54
0 25
0 33
0 34
0 35
36 54
40 54
42 54
0 43
44 54
45 54
0 46
47 54
48 54
49 54
5 1
2 54
5 11
5 14
16 54
5 17
5 18
0 5
7 1
7 6
0 7
8 6
8 11
8 14
8 17
8 18
0 8
9 6
9 11
9 14
9 17
9 18
9 19
9 20
9 27
9 29
30 54
9 32
9 33
9 34
35 54
9 38
43 54
9 46
50 54
10 6
10 17
10 18
10 19
10 20
10 22
10 25
10 26
27 54
10 29
32 54
10 33
10 34
10 46
51 54
0 10
12 6
0 12
1 54
0 13
15 6
15 11
15 20
15 22
15 25
15 26
15 29
33 54
15 34
38 54
15 52
53 54
44 6
45 6
47 6
0 48
