0
100
0 73
0 1
2 73
0 3
4 73
0 5
6 73
0 7
0 8
0 9
10 73
0 11
0 12
0 13
14 73
15 73
0 16
17 73
0 18
19 73
0 20
0 21
0 22
0 23
24 73
0 25
0 26
27 73
0 28
29 73
0 30
31 73
32 73
33 73
0 34
35 73
36 73
0 37
0 38
39 73
0 40
41 73
42 73
0 43
44 73
0 45
0 46
0 47
48 73
0 49
50 73
51 73
52 73
53 73
54 73
55 73
56 73
0 57
0 58
0 59
60 73
61 73
0 62
0 63
64 73
0 65
66 73
0 67
0 68
0 69
70 73
0 71
0 72
0 2
0 4
0 6
0 10
14 1
14 3
5 73
14 7
14 8
14 9
14 11
12 73
14 13
14 16
18 73
14 20
14 21
14 22
14 23
14 25
14 26
14 28
30 73
34 73
14 37
38 73
40 73
