0
100
0 90
0 1
0 2
0 3
4 90
5 90
0 6
7 90
8 90
0 9
0 10
0 11
0 12
13 90
0 14
0 15
16 90
17 90
18 90
19 90
0 20
21 90
22 90
23 90
0 24
0 25
0 26
0 27
0 28
29 90
30 90
0 31
32 90
0 33
0 34
35 90
36 90
37 90
38 90
0 39
40 90
41 90
42 90
0 43
44 90
45 90
0 46
0 47
0 48
0 49
0 50
0 51
0 52
0 53
0 54
0 55
56 90
0 57
58 90
0 59
0 60
61 90
0 62
0 63
0 64
65 90
66 90
0 67
0 68
69 90
0 70
71 90
0 72
0 73
0 74
0 75
76 90
0 77
0 78
0 79
0 80
81 90
0 82
83 90
0 84
85 90
0 86
87 90
0 88
89 90
4 1
4 2
4 3
4 6
0 4
5 1
5 2
5 3
5 6
5 9
