0
100
0 46
4 29
4 30
77 99
30 99
81 99
83 99
14 86
0 14
29 99
52 99
19 53
24 66
43 12
0 43
61 86
96 99
42 99
91 59
75 99
95 56
95 59
95 92
8 59
8 66
46 99
10 66
4 72
73 59
56 99
77 59
4 77
29 12
45 59
83 59
83 92
0 19
24 2
23 21
0 24
26 14
12 99
0 26
0 27
91 3
61 28
0 91
42 21
44 21
48 21
57 21
88 16
95 85
95 90
54 59
0 61
95 69
13 66
41 66
54 66
95 64
88 78
88 13
0 94
41 86
50 86
0 95
76 86
88 2
76 92
14 92
8 64
8 68
8 69
8 87
1 66
10 2
10 30
4 10
4 11
4 24
34 53
4 35
66 99
31 86
39 86
4 82
4 95
88 35
42 28
88 42
88 49
54 28
54 62
76 71
72 53
85 53
88 61
79 59
12 86
