0
100
0 96
0 1
0 2
3 96
4 96
0 5
0 6
7 96
0 8
9 96
0 10
0 11
12 96
13 96
0 14
0 15
0 16
0 17
18 96
19 96
20 96
0 21
22 96
23 96
0 24
25 96
26 96
27 96
0 28
29 96
30 96
31 96
32 96
0 33
0 34
35 96
36 96
0 37
38 96
39 96
40 96
41 96
42 96
43 96
44 96
45 96
0 46
0 47
48 96
0 49
50 96
51 96
0 52
0 53
54 96
55 96
0 56
57 96
0 58
59 96
0 60
0 61
62 96
0 63
0 64
0 65
66 96
0 67
68 96
0 69
0 70
0 71
72 96
0 73
74 96
0 75
76 96
0 77
0 78
0 79
0 80
81 96
82 96
83 96
0 84
0 85
0 86
87 96
0 88
0 89
0 90
0 91
0 92
93 96
94 96
0 95
1 96
3 2
5 96
2 96
