0
100
0 99
0 1
2 99
0 3
0 4
5 99
6 99
0 7
8 99
0 9
0 10
11 99
12 99
0 13
14 99
15 99
16 99
17 99
18 99
0 19
20 99
0 21
0 22
0 23
0 24
25 99
0 26
27 99
28 99
29 99
0 30
0 31
0 32
0 33
34 99
35 99
0 36
37 99
0 38
39 99
0 40
41 99
42 99
0 43
0 44
45 99
0 46
47 99
0 48
49 99
50 99
51 99
0 52
0 53
0 54
55 99
56 99
57 99
58 99
0 59
60 99
61 99
62 99
63 99
0 64
65 99
0 66
67 99
68 99
0 69
0 70
71 99
72 99
73 99
0 74
75 99
76 99
77 99
78 99
0 79
80 99
81 99
0 82
0 83
0 84
0 85
86 99
0 87
88 99
89 99
0 90
0 91
0 92
0 93
94 99
0 95
96 99
0 97
98 99
2 1
