0
100
0 94
1 94
0 2
3 94
4 94
0 5
6 94
0 7
0 8
0 9
0 10
0 11
0 12
13 94
0 14
0 15
16 94
17 94
0 18
19 94
0 20
0 21
0 22
0 23
0 24
25 94
0 26
0 27
0 28
29 94
0 30
31 94
0 32
33 94
34 94
0 35
36 94
37 94
38 94
39 94
0 40
0 41
42 94
0 43
0 44
0 45
0 46
47 94
0 48
49 94
0 50
0 51
0 52
0 53
54 94
55 94
56 94
57 94
0 58
0 59
60 94
0 61
0 62
0 63
0 64
0 65
0 66
0 67
68 94
69 94
70 94
71 94
0 72
0 73
74 94
75 94
0 76
77 94
0 78
79 94
80 94
0 81
82 94
83 94
0 84
85 94
86 94
0 87
0 88
0 89
90 94
0 91
0 92
93 94
2 94
1 5
1 7
8 94
0 1
3 5
