0
100
0 99
0 1
2 99
3 99
4 99
5 99
0 6
0 7
8 99
0 9
0 10
11 99
0 12
0 13
0 14
0 15
16 99
17 99
0 18
19 99
0 20
21 99
0 22
23 99
24 99
0 25
0 26
0 27
0 28
29 99
30 99
31 99
32 99
33 99
34 99
35 99
36 99
0 37
38 99
39 99
40 99
41 99
0 42
43 99
44 99
45 99
46 99
0 47
0 48
0 49
50 99
0 51
0 52
0 53
0 54
0 55
0 56
0 57
0 58
0 59
0 60
61 99
0 62
0 63
64 99
0 65
66 99
67 99
0 68
69 99
70 99
71 99
72 99
73 99
0 74
0 75
76 99
77 99
0 78
79 99
80 99
81 99
0 82
83 99
0 84
85 99
86 99
0 87
0 88
89 99
90 99
0 91
92 99
0 93
94 99
95 99
96 99
0 97
0 98
2 1
