0
100
0 99
1 99
2 99
0 3
4 99
0 5
0 6
7 99
0 8
0 9
10 99
0 11
12 99
13 99
14 99
15 99
0 16
17 99
0 18
19 99
0 20
0 21
0 22
0 23
24 99
0 25
0 26
0 27
0 28
0 29
0 30
31 99
0 32
0 33
0 34
35 99
0 36
37 99
38 99
0 39
40 99
41 99
0 42
43 99
0 44
0 45
46 99
0 47
0 48
49 99
0 50
51 99
52 99
0 53
54 99
55 99
56 99
57 99
0 58
59 99
0 60
0 61
62 99
0 63
64 99
0 65
0 66
67 99
68 99
69 99
0 70
71 99
0 72
0 73
74 99
0 75
0 76
77 99
0 78
0 79
0 80
0 81
0 82
0 83
84 99
85 99
86 99
87 99
88 99
0 89
0 90
0 91
92 99
93 99
94 99
95 99
96 99
97 99
0 98
3 99
