0
100
0 4
0 15
0 54
62 82
72 82
13 82
43 4
0 43
12 4
6 82
12 54
0 12
0 7
8 60
0 8
67 82
1 42
0 1
33 82
0 74
0 34
9 82
51 82
62 54
71 82
62 37
62 60
29 2
29 18
44 82
29 17
29 73
29 77
0 72
38 23
38 35
38 17
0 38
0 55
0 10
57 82
42 82
13 52
0 13
21 18
21 54
21 73
0 47
14 82
64 82
79 4
79 54
77 82
26 82
4 82
62 11
0 29
0 79
36 15
56 15
62 24
24 15
1 15
32 15
62 39
21 39
47 15
62 48
50 15
62 71
62 78
36 17
24 17
62 7
51 17
62 80
21 49
24 23
1 23
62 9
23 82
24 37
62 30
30 37
62 32
51 37
46 37
47 37
62 67
21 20
24 52
62 50
21 50
65 52
56 52
36 54
21 46
51 54
27 54
63 82
