0
100
0 99
0 1
0 2
3 99
4 99
5 99
0 6
7 99
8 99
9 99
0 10
0 11
12 99
0 13
14 99
0 15
16 99
0 17
18 99
0 19
0 20
21 99
22 99
23 99
0 24
25 99
26 99
0 27
28 99
29 99
30 99
31 99
32 99
33 99
34 99
0 35
36 99
37 99
0 38
0 39
0 40
0 41
0 42
43 99
0 44
45 99
46 99
47 99
0 48
49 99
0 50
51 99
0 52
53 99
0 54
0 55
56 99
57 99
0 58
59 99
0 60
0 61
0 62
63 99
0 64
0 65
66 99
67 99
0 68
69 99
70 99
0 71
72 99
73 99
74 99
75 99
76 99
77 99
0 78
0 79
80 99
0 81
82 99
0 83
84 99
0 85
0 86
0 87
0 88
89 99
0 90
0 91
92 99
0 93
0 94
95 99
96 99
0 97
98 99
3 1
