0
100
0 7
0 8
0 15
20 99
0 23
29 99
0 33
0 34
0 41
0 42
50 99
0 54
56 99
0 59
0 63
0 65
0 67
0 70
71 99
0 72
77 99
0 87
91 99
0 3
6 2
0 6
0 9
10 2
7 99
8 99
10 11
10 15
18 99
10 19
10 21
22 99
10 28
10 33
37 99
10 40
10 42
10 53
10 54
10 59
63 99
72 99
0 30
10 82
10 87
0 12
11 99
0 13
14 4
15 99
16 99
38 2
45 2
46 2
50 2
0 60
19 99
0 66
14 21
14 24
0 14
20 21
27 99
20 33
20 42
20 49
54 99
0 69
20 55
70 99
71 2
74 2
0 79
20 76
20 78
85 99
81 2
0 86
20 87
20 88
0 26
29 21
0 29
36 4
36 24
36 25
36 33
36 40
41 99
48 99
0 36
0 38
44 4
44 21
44 24
44 42
