0
100
2 88
0 3
6 88
0 10
0 16
23 88
34 88
0 35
0 40
46 88
48 88
0 64
76 88
79 88
6 3
68 88
14 88
6 30
6 50
6 74
6 84
6 86
6 87
2 74
2 10
53 88
2 54
2 59
80 88
5 3
0 5
17 88
27 88
36 88
0 8
0 20
23 15
23 16
23 28
31 88
54 88
55 88
23 64
23 74
23 75
23 77
0 23
24 15
24 16
24 39
0 24
26 16
26 18
26 35
39 88
26 40
26 42
26 50
26 64
26 74
77 88
0 26
34 3
34 10
34 16
18 88
28 88
34 30
42 88
41 3
3 88
43 10
0 49
52 10
0 65
34 35
34 40
59 88
79 10
0 43
66 88
48 15
52 15
0 56
67 88
15 88
44 16
63 16
16 88
44 30
41 30
79 30
0 81
85 30
79 35
44 40
0 41
50 88
48 64
0 60
