0
100
0 96
0 1
2 96
3 96
0 4
5 96
0 6
0 7
0 8
0 9
0 10
11 96
12 96
13 96
0 14
0 15
0 16
0 17
18 96
0 19
0 20
0 21
22 96
0 23
24 96
25 96
26 96
0 27
28 96
0 29
0 30
0 31
32 96
0 33
0 34
35 96
36 96
0 37
0 38
0 39
0 40
0 41
0 42
43 96
44 96
45 96
0 46
0 47
48 96
49 96
50 96
51 96
52 96
53 96
0 54
55 96
56 96
0 57
0 58
0 59
60 96
61 96
62 96
0 63
64 96
65 96
0 66
67 96
68 96
69 96
70 96
0 71
72 96
73 96
0 74
75 96
0 76
0 77
0 78
79 96
80 96
81 96
82 96
0 83
84 96
85 96
86 96
0 87
0 88
0 89
90 96
0 91
92 96
93 96
0 94
95 96
1 96
4 96
2 6
0 3
