0
100
0 99
0 2
0 3
0 4
6 99
0 10
17 99
19 99
20 99
0 23
0 30
0 31
36 99
0 37
0 38
0 41
43 99
0 44
0 51
0 52
0 53
0 58
65 99
0 67
0 74
77 99
83 99
85 99
86 99
87 99
0 89
54 99
96 99
29 99
68 99
79 99
0 71
0 7
21 99
26 99
0 80
55 99
40 2
0 6
14 2
0 16
0 63
92 2
28 2
0 9
0 13
17 2
19 2
0 20
0 25
32 2
2 99
40 3
3 99
1 4
0 24
0 81
85 4
0 18
4 99
0 5
86 10
92 10
0 64
83 10
0 39
0 95
50 10
0 36
27 10
19 10
0 66
79 10
0 34
0 29
0 14
17 10
98 10
0 59
0 21
0 69
49 10
72 10
68 10
28 10
10 99
12 99
1 23
17 23
19 23
0 32
49 23
0 82
87 23
0 75
