0
100
0 98
0 1
0 2
0 3
0 4
0 5
6 98
0 7
0 8
0 9
10 98
11 98
0 12
13 98
14 98
0 15
16 98
0 17
0 18
0 19
0 20
21 98
22 98
23 98
0 24
0 25
26 98
27 98
0 28
29 98
0 30
31 98
0 32
0 33
0 34
35 98
36 98
0 37
0 38
39 98
0 40
0 41
42 98
0 43
44 98
0 45
46 98
0 47
48 98
0 49
0 50
51 98
0 52
0 53
0 54
0 55
56 98
0 57
58 98
0 59
60 98
0 61
62 98
0 63
64 98
65 98
0 66
0 67
0 68
0 69
70 98
71 98
0 72
73 98
0 74
75 98
0 76
0 77
78 98
79 98
0 80
81 98
0 82
83 98
84 98
0 85
0 86
87 98
0 88
0 89
90 98
0 91
0 92
0 93
94 98
0 95
0 96
97 98
0 6
0 10
