0
100
0 99
0 1
0 2
3 99
6 99
7 99
8 99
0 9
11 99
12 99
13 99
14 99
0 15
17 99
0 18
0 19
21 99
22 99
23 99
0 25
26 99
27 99
0 28
29 99
30 99
0 31
32 99
33 99
0 34
35 99
36 99
37 99
39 99
0 40
41 99
42 99
43 99
0 44
0 45
0 46
0 48
0 49
0 50
0 52
0 54
0 55
56 99
57 99
0 58
0 59
0 60
62 99
63 99
0 64
0 65
67 99
68 99
0 69
70 99
0 71
72 99
73 99
75 99
77 99
0 78
81 99
82 99
83 99
84 99
0 85
0 88
89 99
0 91
0 92
93 99
0 94
96 99
0 97
98 99
3 1
6 1
7 1
8 1
0 11
12 1
13 1
14 1
16 1
17 1
21 1
0 23
0 26
0 27
29 1
30 1
32 1
33 1
35 1
36 1
0 37
