0
100
0 99
0 1
2 99
3 99
4 99
0 5
6 99
0 7
0 8
0 9
10 99
0 11
0 12
0 13
14 99
15 99
16 99
17 99
0 18
0 19
0 20
21 99
22 99
23 99
0 24
0 25
0 26
27 99
0 28
29 99
30 99
0 31
32 99
33 99
34 99
35 99
0 36
0 37
38 99
39 99
0 40
0 41
42 99
43 99
0 44
45 99
46 99
47 99
48 99
49 99
0 50
51 99
0 52
0 53
0 54
0 55
56 99
57 99
58 99
0 59
60 99
61 99
0 62
63 99
0 64
65 99
0 66
67 99
0 68
0 69
0 70
71 99
72 99
73 99
74 99
0 75
0 76
0 77
78 99
79 99
80 99
81 99
82 99
0 83
84 99
0 85
0 86
87 99
88 99
0 89
90 99
91 99
92 99
0 93
94 99
95 99
96 99
97 99
98 99
0 2
