0
100
0 92
0 1
2 92
0 3
4 92
0 5
0 6
7 92
0 8
9 92
0 10
0 11
0 12
0 13
14 92
0 15
16 92
0 17
18 92
19 92
20 92
0 21
0 22
0 23
0 24
0 25
26 92
0 27
0 28
0 29
0 30
0 31
32 92
33 92
0 34
35 92
0 36
37 92
0 38
0 39
0 40
41 92
0 42
43 92
0 44
45 92
0 46
0 47
0 48
0 49
50 92
0 51
52 92
0 53
0 54
0 55
56 92
0 57
58 92
59 92
0 60
0 61
0 62
63 92
0 64
0 65
0 66
67 92
0 68
0 69
0 70
71 92
0 72
73 92
0 74
75 92
0 76
77 92
0 78
0 79
80 92
0 81
0 82
83 92
0 84
0 85
86 92
0 87
0 88
0 89
0 90
91 92
1 92
2 3
2 5
2 6
2 8
10 92
2 11
2 12
