0
100
0 99
0 98
1 99
2 99
0 3
7 99
11 99
12 99
0 13
0 15
16 99
0 17
0 29
0 33
43 99
45 99
0 49
51 99
0 56
57 99
0 58
59 99
0 60
0 61
63 99
0 64
0 65
0 66
0 67
0 68
0 70
0 72
74 99
75 99
0 76
0 78
79 99
0 81
0 82
0 85
87 99
0 88
91 99
0 94
0 97
1 3
1 5
1 8
1 10
1 17
1 21
1 29
1 30
1 33
1 34
1 41
1 42
1 44
46 99
47 99
1 49
52 99
56 99
58 99
61 99
1 65
1 67
70 99
1 78
0 1
2 3
2 5
2 9
2 13
2 15
17 99
2 29
2 30
2 31
2 32
33 99
34 99
2 35
2 41
42 99
2 44
2 64
2 67
2 68
69 99
76 99
2 78
2 80
81 99
2 82
85 99
94 99
2 95
2 96
97 99
