0
100
0 99
0 1
0 2
3 99
4 99
0 5
6 99
7 99
0 8
0 9
10 99
11 99
0 12
0 13
14 99
0 15
0 16
17 99
0 18
19 99
0 20
21 99
22 99
23 99
24 99
0 25
26 99
27 99
28 99
29 99
0 30
0 31
32 99
0 33
0 34
0 35
36 99
0 37
0 38
0 39
40 99
0 41
42 99
0 43
0 44
45 99
46 99
0 47
48 99
0 49
50 99
0 51
52 99
0 53
0 54
0 55
56 99
57 99
58 99
0 59
60 99
0 61
62 99
63 99
0 64
65 99
0 66
0 67
0 68
0 69
0 70
0 71
0 72
0 73
74 99
75 99
0 76
0 77
0 78
79 99
80 99
81 99
82 99
83 99
0 84
0 85
0 86
87 99
88 99
89 99
90 99
91 99
92 99
0 93
0 94
0 95
96 99
0 97
98 99
1 99
