0
100
5 51
0 7
0 10
13 51
0 16
0 20
22 51
0 28
29 51
0 31
33 51
0 35
0 38
42 51
0 44
0 49
50 51
40 51
3 51
0 32
0 27
1 51
0 2
0 3
0 5
42 7
0 41
30 7
12 7
0 19
22 7
0 23
24 10
24 16
0 24
13 10
13 21
13 25
13 44
13 20
31 51
13 35
13 16
13 18
13 39
49 51
29 7
33 7
0 37
16 51
40 7
45 7
0 46
20 51
9 51
8 10
40 10
22 10
0 12
29 10
0 6
28 51
0 30
32 51
50 10
33 10
0 11
42 35
42 38
42 10
42 18
42 44
0 8
22 18
22 21
22 44
22 39
0 22
29 18
21 51
29 38
29 39
29 44
29 25
29 35
33 18
0 33
40 18
40 35
40 38
40 44
0 40
45 18
45 25
45 35
45 38
45 39
45 44
50 18
50 35
