0
100
0 99
0 1
0 2
3 99
4 99
5 99
6 99
0 7
8 99
9 99
0 10
0 11
12 99
0 13
0 14
15 99
0 16
17 99
18 99
0 19
0 20
0 21
0 22
23 99
24 99
25 99
26 99
27 99
0 28
29 99
0 30
0 31
32 99
33 99
34 99
0 35
0 36
0 37
38 99
39 99
40 99
41 99
0 42
43 99
44 99
45 99
46 99
47 99
0 48
49 99
50 99
0 51
0 52
0 53
0 54
55 99
0 56
0 57
0 58
0 59
60 99
0 61
62 99
63 99
0 64
0 65
0 66
67 99
0 68
0 69
70 99
0 71
0 72
0 73
0 74
0 75
76 99
0 77
78 99
79 99
80 99
81 99
0 82
83 99
0 84
0 85
86 99
87 99
88 99
0 89
0 90
0 91
92 99
93 99
94 99
0 95
0 96
0 97
98 99
1 99
