0
97
56 62
13 19
62 66
58 63
53 59
71 76
67 73
69 73
66 70
41 45
39 43
26 30
62 67
58 64
56 59
23 28
35 41
36 41
45 50
46 50
46 51
46 52
45 48
45 49
8 12
7 11
46 48
46 49
43 47
71 73
85 87
85 89
81 86
77 83
74 80
1 5
1 6
1 7
50 53
48 50
74 76
41 43
66 71
66 72
67 70
67 71
67 72
65 69
62 68
66 69
67 69
73 76
58 62
65 68
53 58
37 41
37 42
38 41
38 42
35 39
35 40
36 39
36 40
39 41
37 39
37 40
39 42
77 80
77 81
19 23
20 23
15 20
16 20
12 16
11 13
70 73
70 74
70 75
69 71
69 72
59 63
77 82
74 78
50 56
52 56
53 56
50 55
52 55
51 53
14 16
54 55
21 23
21 24
18 20
86 87
85 88
70 71
