0
88
0 45
50 79
51 62
0 65
24 22
1 22
66 84
28 2
4 16
21 57
21 81
92 16
2 77
83 32
53 42
88 73
37 46
14 62
90 42
78 45
66 38
51 21
24 3
20 93
95 99
54 55
83 23
53 14
44 98
87 57
22 99
92 52
58 19
36 16
86 34
61 49
82 85
96 49
63 7
34 38
68 56
94 74
86 74
61 59
97 67
44 29
7 31
30 91
96 76
0 37
92 41
13 91
13 94
41 8
33 67
68 11
25 87
20 25
71 12
38 79
64 76
85 35
95 35
12 17
89 17
46 40
63 48
80 10
89 6
94 15
46 71
58 80
49 31
4 18
82 93
90 53
11 65
60 26
70 40
18 15
2 13
83 28
26 78
64 33
26 70
14 89
62 39
36 32
