0
100
0 6
0 7
0 9
10 53
0 11
0 14
16 62
16 65
17 53
61 99
17 66
0 18
0 19
20 53
20 58
0 20
0 23
0 25
26 53
0 26
27 53
27 66
27 73
0 28
0 29
0 31
32 53
32 60
62 99
32 64
32 65
0 32
34 58
0 34
0 37
58 99
0 38
41 53
0 41
0 43
0 1
6 53
2 7
0 3
0 4
5 7
8 7
10 7
13 7
0 16
17 7
9 53
2 11
5 11
11 53
14 53
2 22
8 22
22 53
0 2
5 28
8 28
13 28
27 28
33 53
8 36
17 36
37 53
5 40
8 40
10 40
0 13
17 40
0 27
42 53
44 53
45 53
46 53
47 53
48 53
50 53
51 53
52 53
5 54
8 54
54 53
10 55
17 55
10 56
17 56
8 15
10 15
17 15
18 60
5 19
60 99
19 64
5 24
8 24
10 24
