0
100
0 99
1 99
0 2
3 99
4 99
5 99
0 6
7 99
8 99
9 99
10 99
11 99
0 12
13 99
14 99
0 15
0 16
17 99
18 99
0 19
0 20
0 21
22 99
23 99
0 24
25 99
26 99
0 27
28 99
0 29
0 30
31 99
32 99
33 99
0 34
35 99
36 99
0 37
0 38
0 39
0 40
0 41
0 42
0 43
0 44
0 45
46 99
0 47
48 99
0 49
50 99
51 99
52 99
53 99
0 54
55 99
0 56
0 57
58 99
0 59
0 60
0 61
0 62
0 63
64 99
65 99
0 66
67 99
0 68
69 99
70 99
0 71
0 72
0 73
0 74
0 75
76 99
0 77
78 99
79 99
0 80
81 99
82 99
0 83
84 99
85 99
86 99
87 99
0 88
0 89
0 90
91 99
0 92
93 99
94 99
0 95
96 99
97 99
98 99
0 1
