0
100
0 33
53 59
0 82
46 99
67 99
64 99
53 72
53 81
61 51
27 98
27 4
97 27
85 82
12 42
24 93
83 48
61 56
63 71
9 71
89 33
75 66
73 45
6 98
74 88
46 73
14 72
74 28
6 30
77 60
74 21
76 66
65 93
12 14
53 77
20 79
11 40
2 75
85 75
86 57
26 73
8 28
18 23
61 26
50 30
24 17
14 55
14 29
48 51
70 92
70 23
8 63
2 95
19 39
6 15
80 13
6 69
65 81
65 1
22 52
68 20
49 93
11 96
86 45
41 98
85 50
95 56
48 40
40 43
91 93
60 42
69 72
34 63
70 28
78 1
38 17
24 58
19 16
64 76
19 38
58 38
65 7
85 18
90 71
95 41
49 94
26 31
88 4
78 29
30 82
32 39
52 39
2 19
77 20
70 63
13 57
37 56
96 54
47 4
47 25
77 10
