0
100
0 99
1 99
2 99
0 3
4 99
0 5
6 99
7 99
8 99
0 9
0 10
0 11
0 12
0 13
0 14
0 15
16 99
0 17
18 99
19 99
20 99
21 99
22 99
23 99
0 24
0 25
0 26
0 27
28 99
29 99
30 99
31 99
32 99
0 33
34 99
35 99
0 36
37 99
0 38
39 99
0 40
0 41
42 99
0 43
0 44
0 45
46 99
0 47
0 48
49 99
0 50
51 99
52 99
0 53
54 99
55 99
0 56
0 57
58 99
59 99
0 60
0 61
0 62
0 63
0 64
0 65
66 99
67 99
68 99
0 69
70 99
71 99
72 99
0 73
74 99
75 99
76 99
77 99
0 78
79 99
80 99
0 81
0 82
0 83
84 99
0 85
0 86
87 99
0 88
89 99
0 90
91 99
0 92
0 93
0 94
95 99
96 99
0 97
0 98
1 3
