0
100
61 71
41 51
52 61
71 81
21 31
82 90
52 62
63 71
72 81
11 21
22 31
63 72
73 81
90 99
82 91
11 22
23 31
23 32
33 41
33 42
51 61
51 62
1 11
12 21
12 22
1 12
1 13
1 14
21 32
21 33
34 41
21 34
1 15
16 21
16 22
16 23
52 63
64 71
52 64
52 65
66 71
66 72
66 73
66 74
66 75
76 81
24 31
24 32
24 33
24 34
35 41
42 51
52 66
52 67
52 68
52 69
70 71
70 72
52 70
42 53
42 54
55 61
42 55
56 61
56 62
56 63
64 72
56 64
56 65
56 66
67 71
72 83
72 84
85 91
86 91
87 91
72 88
72 89
92 99
72 82
85 93
86 93
87 93
94 99
85 95
86 95
87 95
85 96
86 96
87 96
85 97
97 99
85 98
86 98
87 98
67 73
81 91
74 83
74 84
88 91
