0
100
0 74
1 74
0 2
0 3
4 74
5 74
6 74
0 7
0 8
9 74
10 74
11 74
12 74
13 74
0 14
15 74
16 74
0 17
0 18
19 74
0 20
0 21
22 74
23 74
24 74
0 25
0 26
27 74
28 74
29 74
30 74
0 31
0 32
33 74
0 34
0 35
36 74
0 37
38 74
0 39
0 40
0 41
0 42
0 43
0 44
45 74
46 74
0 47
48 74
49 74
0 50
0 51
52 74
0 53
0 54
55 74
56 74
0 57
58 74
59 74
0 60
61 74
0 62
63 74
64 74
65 74
66 74
67 74
0 68
69 74
70 74
0 71
72 74
0 73
2 74
1 3
3 74
7 74
1 8
4 8
0 5
8 74
1 14
4 14
6 14
0 9
10 14
11 14
12 14
13 14
0 15
16 14
0 19
0 22
0 23
24 14
0 27
28 14
29 14
0 30
