0
100
0 99
1 99
2 99
3 99
0 4
0 5
0 7
10 99
0 12
0 13
14 99
0 15
16 99
0 17
18 99
21 99
0 28
0 30
0 33
35 99
36 99
37 99
0 38
0 40
41 99
43 99
45 99
0 46
47 99
48 99
0 49
0 53
54 99
55 99
0 56
0 57
0 59
61 99
62 99
63 99
65 99
67 99
0 68
0 69
71 99
72 99
0 73
0 74
0 76
0 78
79 99
0 80
0 81
0 82
0 83
0 84
86 99
0 87
88 99
0 89
90 99
91 99
92 99
94 99
0 1
4 99
5 99
3 6
10 6
14 6
16 6
0 18
6 99
7 99
2 8
3 8
21 8
0 23
0 24
0 26
9 99
27 8
35 8
36 8
37 8
41 8
45 8
0 47
2 12
2 13
2 20
28 99
48 8
0 52
29 99
54 8
55 8
0 60
32 99
61 8
