0
100
0 1
0 2
0 3
0 4
0 5
6 80
7 80
0 9
11 80
12 80
13 80
14 80
15 80
17 80
19 80
0 20
21 80
22 80
0 23
0 24
0 25
27 80
0 29
30 80
31 80
32 80
33 80
0 34
0 35
0 36
0 42
43 80
0 44
45 80
0 46
48 80
49 80
0 51
0 52
53 80
54 80
55 80
0 56
0 58
0 59
62 80
63 80
0 64
0 65
66 80
0 68
0 69
0 70
0 73
0 74
76 80
77 80
78 80
1 80
6 2
0 6
7 2
3 80
4 80
7 5
7 8
9 80
7 18
7 20
7 23
7 24
7 25
7 26
28 80
7 29
7 34
7 35
7 36
37 80
41 80
0 10
7 42
7 44
7 46
50 80
2 80
11 5
0 13
0 14
7 51
52 80
15 5
16 5
17 5
19 5
21 5
0 22
7 56
57 80
0 27
