0
100
0 99
0 95
6 64
73 39
0 8
25 95
71 34
25 75
25 37
0 1
6 91
60 84
71 70
14 67
73 60
69 92
10 99
73 41
73 46
73 56
6 88
6 27
0 71
76 7
7 99
33 84
73 14
93 68
78 60
13 86
69 46
15 99
2 94
10 34
92 99
14 3
69 14
52 34
64 99
40 49
83 94
93 60
90 84
46 91
78 33
97 99
23 72
78 51
78 55
13 82
73 13
66 84
4 65
69 10
52 27
38 17
38 60
52 38
24 98
35 84
24 91
52 56
17 67
78 40
60 68
83 34
83 76
83 92
93 50
93 88
93 90
55 17
93 55
93 45
46 38
15 72
15 59
15 86
23 56
22 97
22 36
23 33
24 4
31 68
35 89
43 34
7 75
83 29
60 3
60 76
60 91
47 59
83 47
85 17
85 36
83 44
54 3
83 54
15 9
19 53
