0
100
0 90
2 90
3 90
0 4
5 90
0 6
0 9
11 90
0 12
13 90
0 14
0 18
19 90
0 21
23 90
25 90
0 28
0 30
0 31
0 32
0 34
0 35
36 90
0 38
39 90
42 90
43 90
0 45
0 46
0 49
0 51
0 54
56 90
0 58
0 61
62 90
64 90
0 65
0 67
68 90
69 90
0 70
73 90
0 74
76 90
77 90
78 90
79 90
0 80
0 81
82 90
85 90
0 86
0 87
0 89
0 2
1 90
3 4
3 6
3 9
3 10
3 12
3 14
15 90
3 16
3 21
22 90
3 28
31 90
3 32
0 3
5 6
5 8
5 9
5 12
5 14
5 27
5 28
5 30
5 32
5 35
41 90
46 90
5 49
51 90
52 90
60 90
5 65
5 67
5 71
5 72
80 90
4 90
6 90
11 7
0 17
0 20
0 24
5 81
5 87
