0
100
95 91
93 99
96 89
33 96
96 85
92 85
33 76
41 99
91 99
77 76
95 90
76 55
76 90
0 78
0 21
33 78
84 69
75 96
75 92
37 5
11 5
0 36
80 53
94 14
63 98
0 30
0 63
0 49
0 73
77 95
94 20
94 46
94 62
74 56
57 53
33 36
6 99
39 99
88 85
86 41
93 83
85 83
56 83
60 53
81 53
82 91
50 5
14 99
20 99
50 46
5 99
53 91
41 62
6 46
67 39
67 6
28 6
65 43
86 43
43 6
75 78
1 50
81 38
60 38
81 52
49 21
33 63
33 73
42 80
80 32
75 30
22 58
88 57
51 12
51 86
39 46
68 51
3 68
3 9
96 29
89 43
93 35
89 94
93 89
85 35
83 41
45 61
56 65
45 56
45 59
36 92
66 47
0 77
75 73
60 82
54 23
79 23
46 99
57 7
94 41
