0
100
0 95
0 1
0 2
3 95
0 4
0 5
0 6
0 7
8 95
0 9
0 10
0 11
12 95
13 95
14 95
15 95
16 95
0 17
0 18
0 19
20 95
21 95
0 22
0 23
24 95
25 95
26 95
0 27
0 28
29 95
0 30
31 95
32 95
33 95
0 34
0 35
0 36
0 37
0 38
39 95
40 95
41 95
42 95
0 43
0 44
0 45
46 95
47 95
48 95
0 49
50 95
0 51
52 95
53 95
54 95
55 95
56 95
57 95
58 95
0 59
0 60
0 61
0 62
0 63
0 64
0 65
0 66
67 95
0 68
69 95
70 95
0 71
72 95
73 95
74 95
0 75
76 95
0 77
0 78
0 79
0 80
81 95
82 95
0 83
0 84
85 95
0 86
87 95
88 95
0 89
0 90
91 95
0 92
0 93
0 94
3 1
2 95
3 4
0 3
8 1
