0
100
5 98
14 98
0 15
17 98
23 98
0 24
0 26
28 98
29 98
0 35
37 98
39 98
0 40
0 45
0 46
0 47
54 98
0 55
0 56
57 98
0 58
65 98
70 98
0 75
82 98
0 87
88 98
92 98
93 98
0 17
0 97
80 2
2 98
0 25
0 9
0 14
0 31
82 3
7 3
13 3
27 3
34 3
0 37
43 3
50 3
0 86
90 3
92 3
93 3
0 94
5 15
0 7
10 15
0 80
0 64
23 16
22 98
34 15
82 15
57 15
19 15
0 43
23 46
23 63
52 98
50 15
0 66
23 42
0 23
70 15
0 70
19 16
19 32
35 98
85 98
19 91
19 58
19 38
19 75
19 87
24 98
79 15
93 15
82 16
0 62
19 40
19 45
46 98
33 16
34 16
53 16
65 16
69 16
73 16
79 16
0 84
19 47
19 55
19 56
78 98
