0
100
0 99
0 1
2 99
0 3
4 99
0 5
0 6
0 7
0 8
0 9
0 10
11 99
0 12
13 99
14 99
0 15
16 99
0 17
0 18
19 99
0 20
21 99
0 22
0 23
0 24
25 99
26 99
0 27
0 28
0 29
0 30
0 31
32 99
0 33
34 99
35 99
0 36
0 37
0 38
39 99
40 99
41 99
0 42
43 99
0 44
0 45
0 46
0 47
48 99
0 49
50 99
51 99
52 99
0 53
0 54
55 99
0 56
0 57
58 99
59 99
0 60
0 61
62 99
63 99
0 64
65 99
0 66
0 67
0 68
0 69
70 99
71 99
0 72
73 99
74 99
75 99
0 76
77 99
0 78
79 99
0 80
81 99
82 99
0 83
84 99
85 99
0 86
87 99
0 88
89 99
90 99
0 91
92 99
93 99
94 99
0 95
0 96
97 99
98 99
0 2
