0
100
0 99
1 99
2 99
3 99
0 4
0 5
6 99
0 7
0 8
9 99
10 99
11 99
0 12
13 99
14 99
15 99
16 99
17 99
18 99
0 19
0 20
0 21
22 99
23 99
0 24
0 25
0 26
27 99
0 28
29 99
30 99
31 99
0 32
0 33
34 99
35 99
0 36
37 99
0 38
0 39
0 40
41 99
0 42
43 99
44 99
0 45
46 99
0 47
48 99
0 49
0 50
51 99
52 99
53 99
54 99
0 55
56 99
0 57
0 58
0 59
0 60
61 99
0 62
63 99
64 99
65 99
0 66
67 99
68 99
69 99
0 70
0 71
0 72
0 73
74 99
0 75
76 99
77 99
78 99
0 79
80 99
0 81
82 99
83 99
0 84
85 99
0 86
0 87
88 99
0 89
90 99
0 91
0 92
0 93
0 94
95 99
96 99
97 99
98 99
0 1
