0
100
0 99
0 25
4 75
5 75
6 75
7 75
8 75
9 75
10 75
11 75
12 75
13 75
14 75
15 75
16 75
17 75
18 75
19 75
20 75
21 75
22 75
23 75
24 75
91 75
91 95
4 25
91 25
91 87
12 25
6 25
31 75
34 75
8 25
1 25
2 25
3 25
5 25
7 25
9 25
10 25
11 25
13 25
26 75
14 25
28 75
15 25
38 75
82 75
30 75
16 25
48 75
32 75
17 25
25 75
25 51
25 95
36 75
77 75
40 75
42 75
54 75
61 75
44 75
23 27
46 75
27 75
31 35
33 75
53 75
82 78
82 86
52 75
56 75
39 75
25 29
25 35
25 37
25 41
25 43
25 45
25 47
25 49
25 50
25 55
25 57
25 58
25 59
25 60
25 62
25 63
25 64
25 65
25 66
25 67
25 68
25 69
25 70
25 71
25 72
25 73
