0
100
0 59
0 35
0 52
0 44
47 59
31 59
0 43
0 19
40 59
0 7
29 59
0 49
27 59
0 23
26 59
0 33
6 59
0 48
0 5
32 59
0 9
38 59
21 59
51 59
0 28
50 59
14 59
0 16
54 59
0 4
15 59
0 8
0 42
0 45
3 59
36 59
0 55
0 30
12 59
0 37
0 39
0 41
24 59
18 59
22 59
2 59
13 59
56 59
34 59
17 59
0 54
35 59
0 46
0 58
0 32
27 52
0 27
14 52
14 44
25 59
14 43
19 59
14 7
14 49
14 33
14 48
0 14
2 52
2 44
43 59
7 59
2 49
2 23
2 33
2 48
2 5
53 59
2 9
10 59
15 52
21 52
47 52
0 20
2 28
2 16
1 59
13 52
29 52
36 52
0 18
2 4
2 8
2 45
55 59
56 52
0 34
2 57
2 30
41 59
31 52
