0
100
0 99
0 1
2 99
0 3
4 99
5 99
6 99
7 99
8 99
0 9
0 10
0 11
12 99
0 13
0 14
0 15
16 99
17 99
0 18
19 99
20 99
21 99
22 99
0 23
0 24
0 25
26 99
0 27
0 28
0 29
0 30
0 31
32 99
0 33
0 34
35 99
36 99
0 37
0 38
39 99
40 99
0 41
0 42
0 43
44 99
0 45
0 46
47 99
48 99
49 99
50 99
0 51
0 52
0 53
54 99
0 55
56 99
57 99
58 99
0 59
0 60
61 99
62 99
0 63
64 99
0 65
66 99
0 67
68 99
69 99
70 99
0 71
0 72
0 73
74 99
75 99
0 76
0 77
78 99
79 99
80 99
81 99
0 82
0 83
84 99
0 85
86 99
0 87
0 88
89 99
0 90
91 99
92 99
0 93
0 94
95 99
96 99
0 97
0 98
2 1
