0
100
39 99
7 99
90 99
41 99
64 99
0 5
97 99
13 99
0 94
0 83
16 99
73 99
0 91
67 99
96 99
0 68
72 99
0 2
43 99
27 99
18 99
0 59
0 56
0 24
40 99
0 19
53 99
34 99
0 39
70 4
0 90
65 4
72 4
0 37
0 44
0 73
8 4
0 67
0 27
9 4
29 4
33 4
0 12
0 32
70 94
70 81
70 5
70 24
20 99
70 35
70 30
70 59
70 79
49 99
0 88
70 80
70 68
94 99
34 4
4 99
36 99
76 99
7 52
41 52
52 99
0 7
15 99
8 30
41 30
98 30
30 99
75 99
98 5
72 5
18 5
0 13
0 97
40 5
26 5
96 5
0 60
5 99
0 8
98 45
0 64
45 99
41 10
98 10
0 74
10 99
41 81
0 98
61 81
40 81
1 81
0 29
0 72
53 81
0 65
41 14
