0
100
0 11
13 84
22 84
0 23
0 24
0 33
36 84
0 55
0 56
0 64
79 84
0 80
0 4
8 3
6 84
0 8
0 10
12 17
12 20
12 21
12 27
28 84
12 33
12 43
12 44
50 84
54 84
55 84
12 56
12 60
12 61
65 84
12 71
76 84
12 80
12 83
13 1
3 84
13 11
13 15
19 84
13 21
13 23
13 24
27 84
31 84
33 84
13 60
71 84
83 84
14 17
14 23
14 24
56 84
60 84
14 64
14 72
75 84
78 84
16 11
16 20
16 21
16 25
41 84
16 43
16 68
72 84
18 1
36 1
42 1
0 51
18 15
18 20
18 21
18 24
18 43
44 84
0 53
18 48
18 64
69 84
62 1
22 11
40 11
0 42
18 80
22 20
22 23
22 61
22 63
68 84
59 11
73 11
0 74
29 17
29 20
21 84
79 11
15 84
59 17
