0
100
0 3
0 4
5 99
6 99
0 7
0 10
11 99
0 13
0 15
16 99
0 17
19 99
0 22
23 99
25 99
0 28
29 99
0 30
0 31
32 99
33 99
0 35
0 36
0 37
41 99
0 42
0 43
0 46
0 47
55 99
0 56
57 99
0 62
0 66
69 99
70 99
72 99
0 74
0 75
0 82
89 99
0 90
91 99
92 99
93 99
96 99
0 97
98 99
5 1
5 3
4 99
1 99
2 99
0 9
11 3
3 99
5 7
7 99
0 5
6 10
11 10
0 16
0 19
0 20
6 13
6 14
6 15
17 99
25 10
0 27
6 22
6 26
6 28
6 30
31 99
29 10
33 10
0 34
6 35
6 36
6 42
6 46
47 99
0 38
6 50
51 99
0 39
53 99
48 10
0 55
59 99
0 57
0 6
8 13
0 8
11 13
11 15
11 26
11 30
11 36
