0
100
0 4
6 99
23 99
64 99
80 99
2 4
4 99
2 17
16 17
18 17
0 88
0 89
0 1
14 30
22 30
0 57
64 30
0 93
34 99
42 99
80 44
0 95
71 99
14 79
0 23
12 17
79 99
2 34
38 17
38 44
38 76
40 17
2 55
51 99
93 30
2 95
0 6
30 99
1 44
7 44
14 26
0 14
0 16
18 36
18 37
18 43
55 44
58 17
18 96
11 21
0 22
3 76
0 25
48 26
48 54
43 17
62 66
71 44
88 17
39 21
64 39
64 46
87 21
80 27
47 17
80 66
0 81
0 91
64 6
64 8
40 27
47 27
18 55
64 55
56 27
0 80
68 27
93 27
48 94
62 94
62 4
29 17
64 9
2 12
12 34
62 24
40 34
48 70
72 35
78 35
87 35
35 17
48 59
85 60
56 65
64 75
10 66
48 14
58 66
62 68
