0
100
0 99
0 55
0 60
66 99
75 99
0 90
20 99
51 99
57 99
58 99
0 70
71 99
74 99
0 1
20 6
0 50
0 54
66 6
85 6
88 6
18 6
5 22
29 22
49 22
0 81
85 22
0 92
22 99
23 99
20 24
29 24
53 24
57 24
58 24
0 88
0 34
0 62
85 24
97 24
38 99
0 20
48 99
5 55
19 55
29 55
31 55
0 36
49 55
0 51
0 75
29 28
30 99
0 71
29 63
29 69
29 82
93 99
56 99
60 99
63 99
31 69
58 69
0 74
0 87
76 69
19 90
58 90
49 90
97 90
19 95
18 95
29 95
0 57
76 95
85 95
28 99
58 47
47 99
19 61
61 99
5 70
18 70
85 70
5 82
58 82
0 53
97 82
82 99
31 98
98 99
29 1
29 11
29 7
20 69
30 70
29 35
29 38
24 99
46 69
46 70
