0
100
0 97
0 1
2 97
3 97
0 4
0 5
0 6
7 97
0 8
9 97
10 97
0 11
12 97
13 97
0 14
15 97
0 16
17 97
18 97
19 97
0 20
0 21
22 97
23 97
0 24
25 97
0 26
27 97
0 28
29 97
0 30
0 31
32 97
33 97
0 34
0 35
0 36
37 97
0 38
0 39
0 40
41 97
0 42
0 43
44 97
45 97
0 46
47 97
48 97
49 97
0 50
51 97
0 52
0 53
54 97
0 55
56 97
0 57
0 58
59 97
0 60
61 97
62 97
63 97
0 64
65 97
66 97
67 97
0 68
0 69
70 97
71 97
0 72
73 97
74 97
75 97
76 97
77 97
78 97
79 97
0 80
81 97
0 82
0 83
84 97
0 85
86 97
87 97
88 97
0 89
90 97
0 91
92 97
93 97
94 97
95 97
0 96
2 1
3 1
7 1
