0
100
52 99
0 53
0 25
53 99
0 52
0 58
76 29
3 99
83 7
38 99
4 99
0 91
7 99
0 83
0 76
6 24
33 15
6 35
26 68
37 78
6 5
29 99
50 99
59 99
11 62
62 99
96 99
37 11
37 14
98 3
26 20
37 20
23 16
37 64
6 8
12 24
6 21
23 41
23 74
33 68
33 82
45 60
90 99
0 75
26 76
66 68
6 98
5 35
69 68
38 15
19 68
37 42
53 25
53 68
37 65
70 27
62 15
71 78
37 71
37 81
91 68
66 11
37 19
70 14
26 69
53 40
91 40
63 52
63 83
56 10
16 15
5 4
70 4
0 37
6 45
6 12
26 12
26 80
67 24
66 73
23 13
5 13
25 15
5 22
35 15
29 60
43 60
5 98
43 68
5 54
72 68
89 74
78 15
23 20
31 82
23 94
97 15
72 35
72 65
72 81
